<?xml version="1.0" encoding="utf-8"?>
<TestRun id="8c91eb4d-4d33-47de-8e75-92264c396c7e" name="franc@SA-FBERTOLDI 2026-03-16 15:33:54" runUser="SA-FBERTOLDI\franc" xmlns="http://microsoft.com/schemas/VisualStudio/TeamTest/2010">
  <Times creation="2026-03-16T15:33:54.8409857-03:00" queuing="2026-03-16T15:33:54.8409861-03:00" start="2026-03-16T15:33:46.1194333-03:00" finish="2026-03-16T15:34:01.0000571-03:00" />
  <TestSettings name="default" id="a022c6c7-0d89-4e2a-8dfa-7bb0d9d45e8c">
    <Deployment runDeploymentRoot="franc_SA-FBERTOLDI_2026-03-16_15_33_54" />
  </TestSettings>
  <Results>
    <UnitTestResult executionId="591b2268-75c9-4bdf-a2b7-e20c51c96a45" testId="d8b89ff3-c517-af22-bc97-d3a69e723527" testName="Sa.Unazul.Organization.Tests.Unit.Commands.Branches.CreateBranchCommandHandlerTests.TP_ORG_10_01_Successful_Creation_Returns_BranchDto" computerName="SA-FBERTOLDI" duration="00:00:00.0025604" startTime="2026-03-16T15:33:54.9610150-03:00" endTime="2026-03-16T15:33:54.9610160-03:00" testType="13cdc9d9-ddb5-4fa4-a97d-d965ccfc6d4b" outcome="Passed" testListId="8c84fa94-04c1-424b-9868-57a2d4851a1d" relativeResultsDirectory="591b2268-75c9-4bdf-a2b7-e20c51c96a45" />
    <UnitTestResult executionId="cc797512-220d-45ac-9252-e7c60799e05e" testId="cc36e75d-2d31-a35b-0eb6-8891fac786b0" testName="Sa.Unazul.Organization.Tests.Unit.Commands.Tenants.UpdateTenantCommandHandlerTests.TP_ORG_03_01_Successful_Update_Returns_TenantDto" computerName="SA-FBERTOLDI" duration="00:00:00.0014311" startTime="2026-03-16T15:33:54.9660654-03:00" endTime="2026-03-16T15:33:54.9660656-03:00" testType="13cdc9d9-ddb5-4fa4-a97d-d965ccfc6d4b" outcome="Passed" testListId="8c84fa94-04c1-424b-9868-57a2d4851a1d" relativeResultsDirectory="cc797512-220d-45ac-9252-e7c60799e05e" />
    <UnitTestResult executionId="c5148df0-f713-4668-940a-55f9b52cc330" testId="d41a0871-b9ed-64e7-772f-07b5e9c08297" testName="Sa.Unazul.Organization.Tests.Unit.Commands.Tenants.CreateTenantValidationTests.TP_ORG_02_06b_Create_With_Various_Invalid_Statuses_Throws(invalidStatus: &quot;InvalidStatus&quot;)" computerName="SA-FBERTOLDI" duration="00:00:00.0002919" startTime="2026-03-16T15:33:54.9009508-03:00" endTime="2026-03-16T15:33:54.9009509-03:00" testType="13cdc9d9-ddb5-4fa4-a97d-d965ccfc6d4b" outcome="Passed" testListId="8c84fa94-04c1-424b-9868-57a2d4851a1d" relativeResultsDirectory="c5148df0-f713-4668-940a-55f9b52cc330" />
    <UnitTestResult executionId="aaa24f51-ce09-4ade-8eb2-1a30e60647a0" testId="dfec6955-d18d-ac6b-c84e-f679b7119262" testName="Sa.Unazul.Organization.Tests.Unit.Commands.Entities.CreateEntityCommandHandlerTests.TP_ORG_07_06_Create_DuplicateChannels_AreDeduped" computerName="SA-FBERTOLDI" duration="00:00:00.0033265" startTime="2026-03-16T15:33:54.9304071-03:00" endTime="2026-03-16T15:33:54.9304075-03:00" testType="13cdc9d9-ddb5-4fa4-a97d-d965ccfc6d4b" outcome="Passed" testListId="8c84fa94-04c1-424b-9868-57a2d4851a1d" relativeResultsDirectory="aaa24f51-ce09-4ade-8eb2-1a30e60647a0" />
    <UnitTestResult executionId="53d2aa4d-0e2a-4486-bb3d-7a9d5bb7c36e" testId="9d782a48-aa7d-cbf7-7398-d71d3f385304" testName="Sa.Unazul.Organization.Tests.Unit.Commands.Tenants.UpdateTenantCommandHandlerTests.TP_ORG_03_04_Verify_Update_And_SaveChangesAsync_Called" computerName="SA-FBERTOLDI" duration="00:00:00.0029677" startTime="2026-03-16T15:33:54.9645315-03:00" endTime="2026-03-16T15:33:54.9645316-03:00" testType="13cdc9d9-ddb5-4fa4-a97d-d965ccfc6d4b" outcome="Passed" testListId="8c84fa94-04c1-424b-9868-57a2d4851a1d" relativeResultsDirectory="53d2aa4d-0e2a-4486-bb3d-7a9d5bb7c36e" />
    <UnitTestResult executionId="88b0e75d-d949-4102-b203-f23222431810" testId="7aad8f1e-bb1b-0f0e-f65a-ad38051e9a8f" testName="Sa.Unazul.Organization.Tests.Unit.Domain.EntityTests.EntityChannel_Create_WorksWithAllChannelTypes(channelType: Api)" computerName="SA-FBERTOLDI" duration="00:00:00.0000068" startTime="2026-03-16T15:33:54.7229995-03:00" endTime="2026-03-16T15:33:54.7229997-03:00" testType="13cdc9d9-ddb5-4fa4-a97d-d965ccfc6d4b" outcome="Passed" testListId="8c84fa94-04c1-424b-9868-57a2d4851a1d" relativeResultsDirectory="88b0e75d-d949-4102-b203-f23222431810" />
    <UnitTestResult executionId="1d165575-9e8f-4eb8-a246-c51f024fcbff" testId="a8c73cf8-9c64-883f-bd5b-49e6fff272a0" testName="Sa.Unazul.Organization.Tests.E2E.BranchEndpointsTests.TP_ORG_10_13d_DeleteBranch_WithoutJwt_Returns401" computerName="SA-FBERTOLDI" duration="00:00:05.7880176" startTime="2026-03-16T15:34:00.5388477-03:00" endTime="2026-03-16T15:34:00.5388477-03:00" testType="13cdc9d9-ddb5-4fa4-a97d-d965ccfc6d4b" outcome="Passed" testListId="8c84fa94-04c1-424b-9868-57a2d4851a1d" relativeResultsDirectory="1d165575-9e8f-4eb8-a246-c51f024fcbff" />
    <UnitTestResult executionId="e9508db4-cc0d-4917-ba30-79f174b58f7c" testId="53916a12-fea2-7310-187c-2eb841ed69bb" testName="Sa.Unazul.Organization.Tests.Unit.Commands.Entities.UpdateEntityCommandHandlerTests.TP_ORG_07_14_Update_EntityNotFound_ThrowsOrgEntityNotFound" computerName="SA-FBERTOLDI" duration="00:00:00.0027935" startTime="2026-03-16T15:33:54.9151498-03:00" endTime="2026-03-16T15:33:54.9151499-03:00" testType="13cdc9d9-ddb5-4fa4-a97d-d965ccfc6d4b" outcome="Passed" testListId="8c84fa94-04c1-424b-9868-57a2d4851a1d" relativeResultsDirectory="e9508db4-cc0d-4917-ba30-79f174b58f7c" />
    <UnitTestResult executionId="ea417974-d058-4c12-b57f-58ceac192575" testId="ed83687d-bdb4-19f7-79fc-01b6b428aa62" testName="Sa.Unazul.Organization.Tests.E2E.BranchEndpointsTests.TP_ORG_10_13b_CreateBranch_WithoutJwt_Returns401" computerName="SA-FBERTOLDI" duration="00:00:00.0736359" startTime="2026-03-16T15:34:00.6365372-03:00" endTime="2026-03-16T15:34:00.6365378-03:00" testType="13cdc9d9-ddb5-4fa4-a97d-d965ccfc6d4b" outcome="Passed" testListId="8c84fa94-04c1-424b-9868-57a2d4851a1d" relativeResultsDirectory="ea417974-d058-4c12-b57f-58ceac192575" />
    <UnitTestResult executionId="ba290bc8-57e9-4304-b66b-095dcdb24a8e" testId="73060f75-e3f4-b88c-8566-ac6c7d987349" testName="Sa.Unazul.Organization.Tests.E2E.TenantEndpointsTests.TP_ORG_01_07_ListTenants_WithoutJwt_Returns401" computerName="SA-FBERTOLDI" duration="00:00:00.0056775" startTime="2026-03-16T15:34:00.6695904-03:00" endTime="2026-03-16T15:34:00.6695915-03:00" testType="13cdc9d9-ddb5-4fa4-a97d-d965ccfc6d4b" outcome="Passed" testListId="8c84fa94-04c1-424b-9868-57a2d4851a1d" relativeResultsDirectory="ba290bc8-57e9-4304-b66b-095dcdb24a8e" />
    <UnitTestResult executionId="3e487107-1019-41fe-b345-f9b03db762b2" testId="1f080827-8259-cfef-0418-8de0e514bc24" testName="Sa.Unazul.Organization.Tests.Unit.Queries.Tenants.ExportTenantsQueryHandlerTests.TP_ORG_01_05_Csv_Export_Returns_Non_Empty_Byte_Array" computerName="SA-FBERTOLDI" duration="00:00:00.3654188" startTime="2026-03-16T15:33:54.9023320-03:00" endTime="2026-03-16T15:33:54.9023326-03:00" testType="13cdc9d9-ddb5-4fa4-a97d-d965ccfc6d4b" outcome="Passed" testListId="8c84fa94-04c1-424b-9868-57a2d4851a1d" relativeResultsDirectory="3e487107-1019-41fe-b345-f9b03db762b2" />
    <UnitTestResult executionId="92361695-0e12-400c-b318-80f1bca5a19e" testId="c3a83d5a-8f0a-b9fd-5317-e2c81246c30a" testName="Sa.Unazul.Organization.Tests.E2E.EntityEndpointsTests.TP_ORG_06_05_ExportEntities_WithoutJwt_Returns401" computerName="SA-FBERTOLDI" duration="00:00:00.0182370" startTime="2026-03-16T15:34:00.5613808-03:00" endTime="2026-03-16T15:34:00.5613816-03:00" testType="13cdc9d9-ddb5-4fa4-a97d-d965ccfc6d4b" outcome="Passed" testListId="8c84fa94-04c1-424b-9868-57a2d4851a1d" relativeResultsDirectory="92361695-0e12-400c-b318-80f1bca5a19e" />
    <UnitTestResult executionId="c6a520e4-6641-4b2f-bf0c-928347bf645e" testId="b523b529-3795-a8d0-5035-200aa2ce594c" testName="Sa.Unazul.Organization.Tests.Unit.Commands.Entities.UpdateEntityChannelDiffTests.TP_ORG_07_05_UpdateEntity_SavesChanges" computerName="SA-FBERTOLDI" duration="00:00:00.0024620" startTime="2026-03-16T15:33:54.9058442-03:00" endTime="2026-03-16T15:33:54.9058443-03:00" testType="13cdc9d9-ddb5-4fa4-a97d-d965ccfc6d4b" outcome="Passed" testListId="8c84fa94-04c1-424b-9868-57a2d4851a1d" relativeResultsDirectory="c6a520e4-6641-4b2f-bf0c-928347bf645e" />
    <UnitTestResult executionId="6b6a0f69-e0c3-4413-82fd-79d848a8db17" testId="33d52075-c06b-f91b-88d5-f1fabf4c3539" testName="Sa.Unazul.Organization.Tests.Unit.Commands.Branches.UpdateBranchCommandHandlerTests.TP_ORG_10_09_Branch_Not_Found_Throws_ORG_BRANCH_NOT_FOUND" computerName="SA-FBERTOLDI" duration="00:00:00.0030355" startTime="2026-03-16T15:33:54.9585193-03:00" endTime="2026-03-16T15:33:54.9585194-03:00" testType="13cdc9d9-ddb5-4fa4-a97d-d965ccfc6d4b" outcome="Passed" testListId="8c84fa94-04c1-424b-9868-57a2d4851a1d" relativeResultsDirectory="6b6a0f69-e0c3-4413-82fd-79d848a8db17" />
    <UnitTestResult executionId="8b1bd9a2-d1cd-4afa-b1db-6f4da4ec7686" testId="572ec86e-b2d5-8c62-9773-1b96080370ce" testName="Sa.Unazul.Organization.Tests.Unit.Commands.Tenants.DeleteTenantCommandHandlerTests.TP_ORG_05_06_Verify_TenantDeletedEvent_Published_With_Correct_Data" computerName="SA-FBERTOLDI" duration="00:00:00.0075097" startTime="2026-03-16T15:33:54.9257485-03:00" endTime="2026-03-16T15:33:54.9257491-03:00" testType="13cdc9d9-ddb5-4fa4-a97d-d965ccfc6d4b" outcome="Passed" testListId="8c84fa94-04c1-424b-9868-57a2d4851a1d" relativeResultsDirectory="8b1bd9a2-d1cd-4afa-b1db-6f4da4ec7686" />
    <UnitTestResult executionId="e87f8777-e3e0-4682-9e7e-afde69903740" testId="8963b3d3-9af8-5aec-f8c8-c45ec844e78d" testName="Sa.Unazul.Organization.Tests.Unit.Commands.Entities.UpdateEntityCommandHandlerTests.Update_InvalidType_ThrowsOrgInvalidEntityType" computerName="SA-FBERTOLDI" duration="00:00:00.0038733" startTime="2026-03-16T15:33:54.8912943-03:00" endTime="2026-03-16T15:33:54.8912944-03:00" testType="13cdc9d9-ddb5-4fa4-a97d-d965ccfc6d4b" outcome="Passed" testListId="8c84fa94-04c1-424b-9868-57a2d4851a1d" relativeResultsDirectory="e87f8777-e3e0-4682-9e7e-afde69903740" />
    <UnitTestResult executionId="a8971d3e-9a1e-4dd0-9e47-04789f050c02" testId="312e9974-ff29-964e-8432-6174ad01870b" testName="Sa.Unazul.Organization.Tests.E2E.TenantEndpointsTests.TP_ORG_04_06_GetTenantDetail_WithoutJwt_Returns401" computerName="SA-FBERTOLDI" duration="00:00:00.0073594" startTime="2026-03-16T15:34:00.6933430-03:00" endTime="2026-03-16T15:34:00.6933440-03:00" testType="13cdc9d9-ddb5-4fa4-a97d-d965ccfc6d4b" outcome="Passed" testListId="8c84fa94-04c1-424b-9868-57a2d4851a1d" relativeResultsDirectory="a8971d3e-9a1e-4dd0-9e47-04789f050c02" />
    <UnitTestResult executionId="6df93293-879f-4358-b641-f9e53a953c68" testId="cd9a49d4-8a41-2d9f-970b-b6bf65dba1fc" testName="Sa.Unazul.Organization.Tests.ArchitectureTests.DomainShouldNotReferenceApplication" computerName="SA-FBERTOLDI" duration="00:00:00.1199227" startTime="2026-03-16T15:33:54.6653239-03:00" endTime="2026-03-16T15:33:54.6653473-03:00" testType="13cdc9d9-ddb5-4fa4-a97d-d965ccfc6d4b" outcome="Passed" testListId="8c84fa94-04c1-424b-9868-57a2d4851a1d" relativeResultsDirectory="6df93293-879f-4358-b641-f9e53a953c68" />
    <UnitTestResult executionId="fe634915-759e-4d1d-856c-8731c6719b19" testId="b4e8a8c5-bcce-baa0-94ea-38f0ca272c22" testName="Sa.Unazul.Organization.Tests.Unit.Queries.Tenants.GetTenantDetailQueryHandlerTests.TP_ORG_04_01_Returns_Complete_Detail_With_Entity_Count" computerName="SA-FBERTOLDI" duration="00:00:00.0025944" startTime="2026-03-16T15:33:54.8945113-03:00" endTime="2026-03-16T15:33:54.8945117-03:00" testType="13cdc9d9-ddb5-4fa4-a97d-d965ccfc6d4b" outcome="Passed" testListId="8c84fa94-04c1-424b-9868-57a2d4851a1d" relativeResultsDirectory="fe634915-759e-4d1d-856c-8731c6719b19" />
    <UnitTestResult executionId="d09a0447-8226-405d-be2b-8d94df7484bf" testId="f560606c-e016-b882-d017-50b49f693638" testName="Sa.Unazul.Organization.Tests.ArchitectureTests.ApplicationShouldNotReferenceDataAccessImplementation" computerName="SA-FBERTOLDI" duration="00:00:00.0009417" startTime="2026-03-16T15:33:54.7224339-03:00" endTime="2026-03-16T15:33:54.7224341-03:00" testType="13cdc9d9-ddb5-4fa4-a97d-d965ccfc6d4b" outcome="Passed" testListId="8c84fa94-04c1-424b-9868-57a2d4851a1d" relativeResultsDirectory="d09a0447-8226-405d-be2b-8d94df7484bf" />
    <UnitTestResult executionId="802807d0-d0fe-40e1-a5e7-3de91ef53969" testId="e5f4e995-a28d-460b-8531-4b3e47a202c7" testName="Sa.Unazul.Organization.Tests.Unit.Commands.Branches.DeleteBranchCommandHandlerTests.TP_ORG_10_06_BranchDeletedEvent_Published_With_Correct_Fields" computerName="SA-FBERTOLDI" duration="00:00:00.3046193" startTime="2026-03-16T15:33:54.8413990-03:00" endTime="2026-03-16T15:33:54.8413992-03:00" testType="13cdc9d9-ddb5-4fa4-a97d-d965ccfc6d4b" outcome="Passed" testListId="8c84fa94-04c1-424b-9868-57a2d4851a1d" relativeResultsDirectory="802807d0-d0fe-40e1-a5e7-3de91ef53969" />
    <UnitTestResult executionId="b35ae087-5f05-4967-bd2c-6e644f43ae27" testId="6ae8a449-aaad-a467-5374-ff98383e497e" testName="Sa.Unazul.Organization.Tests.Unit.Commands.Entities.UpdateEntityChannelDiffTests.TP_ORG_07_04d_ChannelDiff_NoChanges_WhenSameChannels" computerName="SA-FBERTOLDI" duration="00:00:00.0036307" startTime="2026-03-16T15:33:54.9179806-03:00" endTime="2026-03-16T15:33:54.9179807-03:00" testType="13cdc9d9-ddb5-4fa4-a97d-d965ccfc6d4b" outcome="Passed" testListId="8c84fa94-04c1-424b-9868-57a2d4851a1d" relativeResultsDirectory="b35ae087-5f05-4967-bd2c-6e644f43ae27" />
    <UnitTestResult executionId="50fb195a-b391-4e56-929d-0bf05029828d" testId="c8bb2868-01c2-2d6d-487b-70e7dd0518e9" testName="Sa.Unazul.Organization.Tests.E2E.EntityEndpointsTests.TP_ORG_09_06_DeleteEntity_WithoutJwt_Returns401" computerName="SA-FBERTOLDI" duration="00:00:00.0497555" startTime="2026-03-16T15:34:00.6122755-03:00" endTime="2026-03-16T15:34:00.6122761-03:00" testType="13cdc9d9-ddb5-4fa4-a97d-d965ccfc6d4b" outcome="Passed" testListId="8c84fa94-04c1-424b-9868-57a2d4851a1d" relativeResultsDirectory="50fb195a-b391-4e56-929d-0bf05029828d" />
    <UnitTestResult executionId="ea207dcb-cbd9-4bcd-b882-427872f511c4" testId="346f2468-a3b5-6cc9-e691-87de90664525" testName="Sa.Unazul.Organization.Tests.Unit.Commands.Entities.UpdateEntityCommandHandlerTests.TP_ORG_07_03_Update_WithValidData_ReturnsEntityDetailDto" computerName="SA-FBERTOLDI" duration="00:00:00.0041958" startTime="2026-03-16T15:33:54.9091795-03:00" endTime="2026-03-16T15:33:54.9091798-03:00" testType="13cdc9d9-ddb5-4fa4-a97d-d965ccfc6d4b" outcome="Passed" testListId="8c84fa94-04c1-424b-9868-57a2d4851a1d" relativeResultsDirectory="ea207dcb-cbd9-4bcd-b882-427872f511c4" />
    <UnitTestResult executionId="cca2ee22-cb9b-489d-a933-e196dbcb1856" testId="56750096-1974-ca69-2b5d-5a75e5bcd48c" testName="Sa.Unazul.Organization.Tests.Unit.Commands.Branches.BranchCodeValidationTests.TP_ORG_10_02b_Update_Branch_Changes_All_Fields" computerName="SA-FBERTOLDI" duration="00:00:00.0074761" startTime="2026-03-16T15:33:54.8950889-03:00" endTime="2026-03-16T15:33:54.8950891-03:00" testType="13cdc9d9-ddb5-4fa4-a97d-d965ccfc6d4b" outcome="Passed" testListId="8c84fa94-04c1-424b-9868-57a2d4851a1d" relativeResultsDirectory="cca2ee22-cb9b-489d-a933-e196dbcb1856" />
    <UnitTestResult executionId="a0167e9e-c003-43ea-9674-28de4c064d5a" testId="09a59e14-f112-b470-2ca1-38dc15b0a8fa" testName="Sa.Unazul.Organization.Tests.Unit.Commands.Tenants.CreateTenantValidationTests.TP_ORG_02_06b_Create_With_Various_Invalid_Statuses_Throws(invalidStatus: &quot;&quot;)" computerName="SA-FBERTOLDI" duration="00:00:00.0003153" startTime="2026-03-16T15:33:54.9008200-03:00" endTime="2026-03-16T15:33:54.9008209-03:00" testType="13cdc9d9-ddb5-4fa4-a97d-d965ccfc6d4b" outcome="Passed" testListId="8c84fa94-04c1-424b-9868-57a2d4851a1d" relativeResultsDirectory="a0167e9e-c003-43ea-9674-28de4c064d5a" />
    <UnitTestResult executionId="d8f0bbf8-0379-4d70-8094-6d3c104319d9" testId="29884241-572c-382c-ae04-f807a934458d" testName="Sa.Unazul.Organization.Tests.Unit.Commands.Entities.DeleteEntityCommandHandlerTests.TP_ORG_09_03_Delete_PublishesEntityDeletedEventWithCorrectData" computerName="SA-FBERTOLDI" duration="00:00:00.0043196" startTime="2026-03-16T15:33:54.8509119-03:00" endTime="2026-03-16T15:33:54.8509125-03:00" testType="13cdc9d9-ddb5-4fa4-a97d-d965ccfc6d4b" outcome="Passed" testListId="8c84fa94-04c1-424b-9868-57a2d4851a1d" relativeResultsDirectory="d8f0bbf8-0379-4d70-8094-6d3c104319d9" />
    <UnitTestResult executionId="45287f99-e6d5-4c04-9394-6ad2ffa42afd" testId="06669fd9-c358-c11c-e810-fa6716dce9d1" testName="Sa.Unazul.Organization.Tests.Unit.Commands.Entities.CreateEntityValidationTests.TP_ORG_07_08b_Create_With_Various_Invalid_CuitFormats_Throws(invalidCuit: &quot;12345678901&quot;)" computerName="SA-FBERTOLDI" duration="00:00:00.0006859" startTime="2026-03-16T15:33:54.9268276-03:00" endTime="2026-03-16T15:33:54.9268277-03:00" testType="13cdc9d9-ddb5-4fa4-a97d-d965ccfc6d4b" outcome="Passed" testListId="8c84fa94-04c1-424b-9868-57a2d4851a1d" relativeResultsDirectory="45287f99-e6d5-4c04-9394-6ad2ffa42afd" />
    <UnitTestResult executionId="8fdfaf6b-3d29-4313-a282-a344a9cd238e" testId="65ca998d-d1d7-4972-9325-071735ee7262" testName="Sa.Unazul.Organization.Tests.Unit.Domain.EntityTests.TP_ORG_07_03_Update_ChangesFieldsAndUpdatedAt" computerName="SA-FBERTOLDI" duration="00:00:00.0010191" startTime="2026-03-16T15:33:54.7345563-03:00" endTime="2026-03-16T15:33:54.7345565-03:00" testType="13cdc9d9-ddb5-4fa4-a97d-d965ccfc6d4b" outcome="Passed" testListId="8c84fa94-04c1-424b-9868-57a2d4851a1d" relativeResultsDirectory="8fdfaf6b-3d29-4313-a282-a344a9cd238e" />
    <UnitTestResult executionId="78e85316-fa8a-4143-b4b9-98d186256983" testId="f60a60c5-c3ed-a9c3-19c6-eb1f0ec31fc3" testName="Sa.Unazul.Organization.Tests.Unit.Commands.Entities.DeleteEntityCommandHandlerTests.TP_ORG_09_01_Delete_Successful_CallsDeleteAndSaveAndPublish" computerName="SA-FBERTOLDI" duration="00:00:00.0048449" startTime="2026-03-16T15:33:54.8464650-03:00" endTime="2026-03-16T15:33:54.8464655-03:00" testType="13cdc9d9-ddb5-4fa4-a97d-d965ccfc6d4b" outcome="Passed" testListId="8c84fa94-04c1-424b-9868-57a2d4851a1d" relativeResultsDirectory="78e85316-fa8a-4143-b4b9-98d186256983" />
    <UnitTestResult executionId="dba184da-795d-44ec-bc16-b410e16aed33" testId="58cb52bd-1ac0-fa80-2423-4997d4e0e2f2" testName="Sa.Unazul.Organization.Tests.Unit.Commands.Entities.CreateEntityCommandHandlerTests.TP_ORG_07_09_Create_InvalidType_ThrowsOrgInvalidEntityType" computerName="SA-FBERTOLDI" duration="00:00:00.0084852" startTime="2026-03-16T15:33:54.9390167-03:00" endTime="2026-03-16T15:33:54.9390168-03:00" testType="13cdc9d9-ddb5-4fa4-a97d-d965ccfc6d4b" outcome="Passed" testListId="8c84fa94-04c1-424b-9868-57a2d4851a1d" relativeResultsDirectory="dba184da-795d-44ec-bc16-b410e16aed33" />
    <UnitTestResult executionId="64b29e6e-cf74-43d0-ae2d-95b2cc7f3189" testId="39c99e13-c22c-9545-8d3c-1af365afa96a" testName="Sa.Unazul.Organization.Tests.Unit.Commands.Tenants.CreateTenantCommandHandlerTests.TP_ORG_02_03_Duplicate_Identifier_Throws_ORG_DUPLICATE_IDENTIFIER" computerName="SA-FBERTOLDI" duration="00:00:00.0018799" startTime="2026-03-16T15:33:54.9704002-03:00" endTime="2026-03-16T15:33:54.9704016-03:00" testType="13cdc9d9-ddb5-4fa4-a97d-d965ccfc6d4b" outcome="Passed" testListId="8c84fa94-04c1-424b-9868-57a2d4851a1d" relativeResultsDirectory="64b29e6e-cf74-43d0-ae2d-95b2cc7f3189" />
    <UnitTestResult executionId="7890c06c-7708-4d45-b480-d9943f176fee" testId="90e854a8-39ae-340d-c9ee-e79548f5c83d" testName="Sa.Unazul.Organization.Tests.E2E.BranchEndpointsTests.TP_ORG_10_13c_UpdateBranch_WithoutJwt_Returns401" computerName="SA-FBERTOLDI" duration="00:00:00.0212053" startTime="2026-03-16T15:34:00.6597720-03:00" endTime="2026-03-16T15:34:00.6597727-03:00" testType="13cdc9d9-ddb5-4fa4-a97d-d965ccfc6d4b" outcome="Passed" testListId="8c84fa94-04c1-424b-9868-57a2d4851a1d" relativeResultsDirectory="7890c06c-7708-4d45-b480-d9943f176fee" />
    <UnitTestResult executionId="8a35df34-7dcb-479a-9120-3ace28162071" testId="0b3f7b41-7b67-2644-97a2-9474e244ad9a" testName="Sa.Unazul.Organization.Tests.Unit.Commands.Tenants.CreateTenantValidationTests.TP_ORG_02_02b_Create_With_Suspended_Status_Succeeds" computerName="SA-FBERTOLDI" duration="00:00:00.0025737" startTime="2026-03-16T15:33:54.9056783-03:00" endTime="2026-03-16T15:33:54.9056784-03:00" testType="13cdc9d9-ddb5-4fa4-a97d-d965ccfc6d4b" outcome="Passed" testListId="8c84fa94-04c1-424b-9868-57a2d4851a1d" relativeResultsDirectory="8a35df34-7dcb-479a-9120-3ace28162071" />
    <UnitTestResult executionId="3a6becf9-7acc-41bf-a1f8-b12c0b7ef4cd" testId="47379d81-27ee-9ea7-9fb3-cb53942d5116" testName="Sa.Unazul.Organization.Tests.Unit.Domain.EntityTests.TP_ORG_07_07_Create_WithoutChannels_HasEmptyChannelsCollection" computerName="SA-FBERTOLDI" duration="00:00:00.0045886" startTime="2026-03-16T15:33:54.7316181-03:00" endTime="2026-03-16T15:33:54.7316193-03:00" testType="13cdc9d9-ddb5-4fa4-a97d-d965ccfc6d4b" outcome="Passed" testListId="8c84fa94-04c1-424b-9868-57a2d4851a1d" relativeResultsDirectory="3a6becf9-7acc-41bf-a1f8-b12c0b7ef4cd" />
    <UnitTestResult executionId="6439bb61-b4fc-4f08-b715-f721980ee688" testId="326c5117-6d58-c7e8-e4de-f4e4e6792948" testName="Sa.Unazul.Organization.Tests.Unit.Commands.Tenants.CreateTenantValidationTests.TP_ORG_02_02_Create_With_Inactive_Status_Succeeds" computerName="SA-FBERTOLDI" duration="00:00:00.0012856" startTime="2026-03-16T15:33:54.9106535-03:00" endTime="2026-03-16T15:33:54.9106545-03:00" testType="13cdc9d9-ddb5-4fa4-a97d-d965ccfc6d4b" outcome="Passed" testListId="8c84fa94-04c1-424b-9868-57a2d4851a1d" relativeResultsDirectory="6439bb61-b4fc-4f08-b715-f721980ee688" />
    <UnitTestResult executionId="2860cf22-c4d3-419e-bdac-f4f9411c5bec" testId="315dd52c-98e8-db07-c2c9-2d4dec0f074b" testName="Sa.Unazul.Organization.Tests.Unit.Commands.Entities.DeleteEntityCommandHandlerTests.TP_ORG_09_04_Delete_HasBranches_ThrowsOrgEntityHasBranches" computerName="SA-FBERTOLDI" duration="00:00:00.0027353" startTime="2026-03-16T15:33:54.8911498-03:00" endTime="2026-03-16T15:33:54.8911503-03:00" testType="13cdc9d9-ddb5-4fa4-a97d-d965ccfc6d4b" outcome="Passed" testListId="8c84fa94-04c1-424b-9868-57a2d4851a1d" relativeResultsDirectory="2860cf22-c4d3-419e-bdac-f4f9411c5bec" />
    <UnitTestResult executionId="7734a143-221f-4be3-abb5-2e405ab893db" testId="6afc21bf-cb6f-a232-5d5f-bed2e19cc3ae" testName="Sa.Unazul.Organization.Tests.Unit.Commands.Entities.CreateEntityValidationTests.TP_ORG_07_08b_Create_With_Various_Invalid_CuitFormats_Throws(invalidCuit: &quot;20-1234567-1&quot;)" computerName="SA-FBERTOLDI" duration="00:00:00.0002704" startTime="2026-03-16T15:33:54.9275598-03:00" endTime="2026-03-16T15:33:54.9275599-03:00" testType="13cdc9d9-ddb5-4fa4-a97d-d965ccfc6d4b" outcome="Passed" testListId="8c84fa94-04c1-424b-9868-57a2d4851a1d" relativeResultsDirectory="7734a143-221f-4be3-abb5-2e405ab893db" />
    <UnitTestResult executionId="62112b64-0376-4696-8140-7e71fdea1208" testId="b5cd1e3c-bfa3-8771-d7bd-d6261451e3ba" testName="Sa.Unazul.Organization.Tests.Unit.Commands.Tenants.CreateTenantValidationTests.TP_ORG_02_01b_Create_With_All_Optional_Fields_Returns_TenantDto" computerName="SA-FBERTOLDI" duration="00:00:00.0037651" startTime="2026-03-16T15:33:54.9078014-03:00" endTime="2026-03-16T15:33:54.9078015-03:00" testType="13cdc9d9-ddb5-4fa4-a97d-d965ccfc6d4b" outcome="Passed" testListId="8c84fa94-04c1-424b-9868-57a2d4851a1d" relativeResultsDirectory="62112b64-0376-4696-8140-7e71fdea1208" />
    <UnitTestResult executionId="8eeb75c7-0243-48f9-aca4-ffdfb6605bf4" testId="c8fa04e2-817d-3716-a12b-c337de8f7f14" testName="Sa.Unazul.Organization.Tests.Unit.Domain.TenantTests.TP_ORG_03_01_Update_Changes_Fields_And_UpdatedAt" computerName="SA-FBERTOLDI" duration="00:00:00.0023743" startTime="2026-03-16T15:33:54.7388704-03:00" endTime="2026-03-16T15:33:54.7388711-03:00" testType="13cdc9d9-ddb5-4fa4-a97d-d965ccfc6d4b" outcome="Passed" testListId="8c84fa94-04c1-424b-9868-57a2d4851a1d" relativeResultsDirectory="8eeb75c7-0243-48f9-aca4-ffdfb6605bf4" />
    <UnitTestResult executionId="2cdc2011-935a-41ac-bd7c-a81881d5d834" testId="eb48f327-22ab-19dd-339e-df9440ef46ec" testName="Sa.Unazul.Organization.Tests.ArchitectureTests.DomainShouldNotReferenceDataAccess" computerName="SA-FBERTOLDI" duration="00:00:00.0010506" startTime="2026-03-16T15:33:54.7221659-03:00" endTime="2026-03-16T15:33:54.7221662-03:00" testType="13cdc9d9-ddb5-4fa4-a97d-d965ccfc6d4b" outcome="Passed" testListId="8c84fa94-04c1-424b-9868-57a2d4851a1d" relativeResultsDirectory="2cdc2011-935a-41ac-bd7c-a81881d5d834" />
    <UnitTestResult executionId="89bb1822-1374-4607-ba0d-4e8267372672" testId="7642a4da-0b41-903a-ad2f-72b8addc24b7" testName="Sa.Unazul.Organization.Tests.E2E.EntityEndpointsTests.TP_ORG_07_15b_UpdateEntity_WithoutJwt_Returns401" computerName="SA-FBERTOLDI" duration="00:00:00.0115079" startTime="2026-03-16T15:34:00.6658653-03:00" endTime="2026-03-16T15:34:00.6658677-03:00" testType="13cdc9d9-ddb5-4fa4-a97d-d965ccfc6d4b" outcome="Passed" testListId="8c84fa94-04c1-424b-9868-57a2d4851a1d" relativeResultsDirectory="89bb1822-1374-4607-ba0d-4e8267372672" />
    <UnitTestResult executionId="6b25d4dd-6d7d-4e35-86d3-6a2c395a7231" testId="2b6ebe95-0f6f-0d27-5044-ea9fbda29792" testName="Sa.Unazul.Organization.Tests.Unit.Queries.Entities.ListEntitiesQueryHandlerTests.TP_ORG_06_02_List_SearchPassedThrough" computerName="SA-FBERTOLDI" duration="00:00:00.0012286" startTime="2026-03-16T15:33:54.9490661-03:00" endTime="2026-03-16T15:33:54.9490663-03:00" testType="13cdc9d9-ddb5-4fa4-a97d-d965ccfc6d4b" outcome="Passed" testListId="8c84fa94-04c1-424b-9868-57a2d4851a1d" relativeResultsDirectory="6b25d4dd-6d7d-4e35-86d3-6a2c395a7231" />
    <UnitTestResult executionId="85d73c31-57f8-4921-8e48-595d28b8fff9" testId="795e7590-d728-d663-1183-0071f7b934b6" testName="Sa.Unazul.Organization.Tests.Unit.Commands.Entities.UpdateEntityCommandHandlerTests.TP_ORG_07_04_Update_ChannelDiff_RemovesOldAndAddsNew" computerName="SA-FBERTOLDI" duration="00:00:00.0121857" startTime="2026-03-16T15:33:54.9055730-03:00" endTime="2026-03-16T15:33:54.9055732-03:00" testType="13cdc9d9-ddb5-4fa4-a97d-d965ccfc6d4b" outcome="Passed" testListId="8c84fa94-04c1-424b-9868-57a2d4851a1d" relativeResultsDirectory="85d73c31-57f8-4921-8e48-595d28b8fff9" />
    <UnitTestResult executionId="f228b298-9c46-4558-9886-b1010948b3d7" testId="b978c242-a357-5627-82e1-697a129ee10b" testName="Sa.Unazul.Organization.Tests.Unit.Commands.Entities.UpdateEntityChannelDiffTests.TP_ORG_07_04c_ChannelDiff_AddsChannels_WhenExistingEmpty" computerName="SA-FBERTOLDI" duration="00:00:00.0084786" startTime="2026-03-16T15:33:54.9033322-03:00" endTime="2026-03-16T15:33:54.9033330-03:00" testType="13cdc9d9-ddb5-4fa4-a97d-d965ccfc6d4b" outcome="Passed" testListId="8c84fa94-04c1-424b-9868-57a2d4851a1d" relativeResultsDirectory="f228b298-9c46-4558-9886-b1010948b3d7" />
    <UnitTestResult executionId="ee3709cd-fc5d-483a-bdae-b06272c34449" testId="406be77c-ecdc-52a3-db01-cd330e060401" testName="Sa.Unazul.Organization.Tests.Unit.Domain.BranchTests.TP_ORG_10_01_Create_Returns_Branch_With_All_Fields_And_Valid_Id" computerName="SA-FBERTOLDI" duration="00:00:00.0007737" startTime="2026-03-16T15:33:54.9521951-03:00" endTime="2026-03-16T15:33:54.9521964-03:00" testType="13cdc9d9-ddb5-4fa4-a97d-d965ccfc6d4b" outcome="Passed" testListId="8c84fa94-04c1-424b-9868-57a2d4851a1d" relativeResultsDirectory="ee3709cd-fc5d-483a-bdae-b06272c34449" />
    <UnitTestResult executionId="9dc87995-882c-4b71-a990-3443c6cf02ac" testId="30432070-42a1-0b9f-b858-e665d3956fdc" testName="Sa.Unazul.Organization.Tests.Unit.Commands.Entities.CreateEntityValidationTests.TP_ORG_07_09b_Create_With_Various_Invalid_EntityTypes_Throws(invalidType: &quot;&quot;)" computerName="SA-FBERTOLDI" duration="00:00:00.0056009" startTime="2026-03-16T15:33:54.9164261-03:00" endTime="2026-03-16T15:33:54.9164262-03:00" testType="13cdc9d9-ddb5-4fa4-a97d-d965ccfc6d4b" outcome="Passed" testListId="8c84fa94-04c1-424b-9868-57a2d4851a1d" relativeResultsDirectory="9dc87995-882c-4b71-a990-3443c6cf02ac" />
    <UnitTestResult executionId="cf050a93-1856-4072-ac90-45b153f44906" testId="0b940b3e-86d9-c57d-592e-6089d16f8fe5" testName="Sa.Unazul.Organization.Tests.Unit.Commands.Tenants.DeleteTenantCommandHandlerTests.TP_ORG_05_03_Not_Found_Throws_ORG_TENANT_NOT_FOUND" computerName="SA-FBERTOLDI" duration="00:00:00.0080064" startTime="2026-03-16T15:33:54.9389289-03:00" endTime="2026-03-16T15:33:54.9389290-03:00" testType="13cdc9d9-ddb5-4fa4-a97d-d965ccfc6d4b" outcome="Passed" testListId="8c84fa94-04c1-424b-9868-57a2d4851a1d" relativeResultsDirectory="cf050a93-1856-4072-ac90-45b153f44906" />
    <UnitTestResult executionId="50abd980-a44f-4dfa-8aff-08e87302e471" testId="27045501-c4a3-2438-1def-d790a5712ed3" testName="Sa.Unazul.Organization.Tests.Unit.Commands.Tenants.CreateTenantValidationTests.TP_ORG_03_03_Create_Tenant_With_Active_Status_Succeeds" computerName="SA-FBERTOLDI" duration="00:00:00.0012385" startTime="2026-03-16T15:33:54.9092205-03:00" endTime="2026-03-16T15:33:54.9092206-03:00" testType="13cdc9d9-ddb5-4fa4-a97d-d965ccfc6d4b" outcome="Passed" testListId="8c84fa94-04c1-424b-9868-57a2d4851a1d" relativeResultsDirectory="50abd980-a44f-4dfa-8aff-08e87302e471" />
    <UnitTestResult executionId="90ff9d90-b60f-4c82-8b25-715b36b610a2" testId="ad4fb8eb-9145-c259-4914-b1377bd8fdc6" testName="Sa.Unazul.Organization.Tests.Unit.Commands.Entities.CreateEntityValidationTests.TP_ORG_07_08b_Create_With_Various_Invalid_CuitFormats_Throws(invalidCuit: &quot;XX-12345678-1&quot;)" computerName="SA-FBERTOLDI" duration="00:00:00.0002536" startTime="2026-03-16T15:33:54.9297731-03:00" endTime="2026-03-16T15:33:54.9297733-03:00" testType="13cdc9d9-ddb5-4fa4-a97d-d965ccfc6d4b" outcome="Passed" testListId="8c84fa94-04c1-424b-9868-57a2d4851a1d" relativeResultsDirectory="90ff9d90-b60f-4c82-8b25-715b36b610a2" />
    <UnitTestResult executionId="bbb18b10-20a0-4cc3-b4e2-3b94de338197" testId="99743058-9eb6-09cd-d115-da6f7f49c60d" testName="Sa.Unazul.Organization.Tests.Unit.Commands.Branches.CreateBranchCommandHandlerTests.TP_ORG_10_07_Duplicate_Code_Throws_ORG_DUPLICATE_BRANCH_CODE" computerName="SA-FBERTOLDI" duration="00:00:00.0056130" startTime="2026-03-16T15:33:54.9583593-03:00" endTime="2026-03-16T15:33:54.9583606-03:00" testType="13cdc9d9-ddb5-4fa4-a97d-d965ccfc6d4b" outcome="Passed" testListId="8c84fa94-04c1-424b-9868-57a2d4851a1d" relativeResultsDirectory="bbb18b10-20a0-4cc3-b4e2-3b94de338197" />
    <UnitTestResult executionId="2efbb397-6a3f-4ab2-8e3c-b8952df4c9ba" testId="e93553c9-96e5-7411-b472-7b5f04fa3bf2" testName="Sa.Unazul.Organization.Tests.Unit.Commands.Entities.CreateEntityCommandHandlerTests.TP_ORG_07_13_Create_InvalidChannel_ThrowsOrgInvalidChannelType" computerName="SA-FBERTOLDI" duration="00:00:00.0023811" startTime="2026-03-16T15:33:54.9267419-03:00" endTime="2026-03-16T15:33:54.9267419-03:00" testType="13cdc9d9-ddb5-4fa4-a97d-d965ccfc6d4b" outcome="Passed" testListId="8c84fa94-04c1-424b-9868-57a2d4851a1d" relativeResultsDirectory="2efbb397-6a3f-4ab2-8e3c-b8952df4c9ba" />
    <UnitTestResult executionId="55d302a1-c3a5-4e05-af87-959bce4e2d74" testId="284a6547-fd52-5478-ed2e-d9caac202a8d" testName="Sa.Unazul.Organization.Tests.E2E.BranchEndpointsTests.TP_ORG_10_13_ListBranches_WithoutJwt_Returns401" computerName="SA-FBERTOLDI" duration="00:00:00.0182211" startTime="2026-03-16T15:34:00.5614374-03:00" endTime="2026-03-16T15:34:00.5614376-03:00" testType="13cdc9d9-ddb5-4fa4-a97d-d965ccfc6d4b" outcome="Passed" testListId="8c84fa94-04c1-424b-9868-57a2d4851a1d" relativeResultsDirectory="55d302a1-c3a5-4e05-af87-959bce4e2d74" />
    <UnitTestResult executionId="54e72d18-e345-4d9b-b347-2f1f6cbbfd5f" testId="49c4933f-9a6a-6f23-c55c-2bbe80128476" testName="Sa.Unazul.Organization.Tests.Unit.Commands.Entities.CreateEntityCommandHandlerTests.TP_ORG_07_08_Create_DuplicateCuit_ThrowsOrgDuplicateCuit" computerName="SA-FBERTOLDI" duration="00:00:00.0025951" startTime="2026-03-16T15:33:54.9416641-03:00" endTime="2026-03-16T15:33:54.9416645-03:00" testType="13cdc9d9-ddb5-4fa4-a97d-d965ccfc6d4b" outcome="Passed" testListId="8c84fa94-04c1-424b-9868-57a2d4851a1d" relativeResultsDirectory="54e72d18-e345-4d9b-b347-2f1f6cbbfd5f" />
    <UnitTestResult executionId="0a2c3642-f1ab-4ec4-af8a-7a325ae97fe6" testId="760c25ad-5acc-203a-4670-8d7dc03cdb70" testName="Sa.Unazul.Organization.Tests.Unit.Commands.Entities.DeleteEntityCommandHandlerTests.TP_ORG_09_05_Delete_NotFound_ThrowsOrgEntityNotFound" computerName="SA-FBERTOLDI" duration="00:00:00.0373937" startTime="2026-03-16T15:33:54.8896734-03:00" endTime="2026-03-16T15:33:54.8896735-03:00" testType="13cdc9d9-ddb5-4fa4-a97d-d965ccfc6d4b" outcome="Passed" testListId="8c84fa94-04c1-424b-9868-57a2d4851a1d" relativeResultsDirectory="0a2c3642-f1ab-4ec4-af8a-7a325ae97fe6" />
    <UnitTestResult executionId="b3bc0d1d-8eef-438e-8e23-c478c878d23f" testId="212ec8bc-3de6-141a-c37b-26482861d77e" testName="Sa.Unazul.Organization.Tests.ArchitectureTests.AllCommandHandlersShouldBeSealed" computerName="SA-FBERTOLDI" duration="00:00:00.0403824" startTime="2026-03-16T15:33:54.7051718-03:00" endTime="2026-03-16T15:33:54.7051729-03:00" testType="13cdc9d9-ddb5-4fa4-a97d-d965ccfc6d4b" outcome="Passed" testListId="8c84fa94-04c1-424b-9868-57a2d4851a1d" relativeResultsDirectory="b3bc0d1d-8eef-438e-8e23-c478c878d23f" />
    <UnitTestResult executionId="970c469a-03aa-491a-9ffe-f67639a67781" testId="21b791dd-5b7c-40cf-8613-e97eab7ab78f" testName="Sa.Unazul.Organization.Tests.Unit.Commands.Tenants.CreateTenantCommandHandlerTests.TP_ORG_02_04_Verify_AddAsync_And_SaveChangesAsync_Called" computerName="SA-FBERTOLDI" duration="00:00:00.0013035" startTime="2026-03-16T15:33:54.9683250-03:00" endTime="2026-03-16T15:33:54.9683254-03:00" testType="13cdc9d9-ddb5-4fa4-a97d-d965ccfc6d4b" outcome="Passed" testListId="8c84fa94-04c1-424b-9868-57a2d4851a1d" relativeResultsDirectory="970c469a-03aa-491a-9ffe-f67639a67781" />
    <UnitTestResult executionId="f1c0a682-391d-415a-9d64-b11a3f9c851c" testId="13ff30b5-41a1-5122-8e00-b1113376afea" testName="Sa.Unazul.Organization.Tests.Unit.Commands.Branches.CreateBranchCommandHandlerTests.TP_ORG_10_08_Entity_Not_Found_Throws_ORG_ENTITY_NOT_FOUND" computerName="SA-FBERTOLDI" duration="00:00:00.0022759" startTime="2026-03-16T15:33:54.9667560-03:00" endTime="2026-03-16T15:33:54.9667562-03:00" testType="13cdc9d9-ddb5-4fa4-a97d-d965ccfc6d4b" outcome="Passed" testListId="8c84fa94-04c1-424b-9868-57a2d4851a1d" relativeResultsDirectory="f1c0a682-391d-415a-9d64-b11a3f9c851c" />
    <UnitTestResult executionId="fd69142c-b021-4400-a369-35d1e7823fcc" testId="7f43a1ed-9ee9-ff40-3833-8f683a5c5c96" testName="Sa.Unazul.Organization.Tests.Unit.Commands.Entities.CreateEntityValidationTests.TP_ORG_07_01b_Create_With_Valid_CuitFormats_Succeeds(validCuit: &quot;27-87654321-0&quot;)" computerName="SA-FBERTOLDI" duration="00:00:00.0015644" startTime="2026-03-16T15:33:54.9228841-03:00" endTime="2026-03-16T15:33:54.9228846-03:00" testType="13cdc9d9-ddb5-4fa4-a97d-d965ccfc6d4b" outcome="Passed" testListId="8c84fa94-04c1-424b-9868-57a2d4851a1d" relativeResultsDirectory="fd69142c-b021-4400-a369-35d1e7823fcc" />
    <UnitTestResult executionId="6f7b10f8-3fb5-46f3-9294-a3236a505f0a" testId="5cc50e40-768d-695e-39f8-57368d3c722f" testName="Sa.Unazul.Organization.Tests.Unit.Commands.Entities.UpdateEntityChannelDiffTests.TP_ORG_07_04e_NullChannels_SkipsChannelDiff" computerName="SA-FBERTOLDI" duration="00:00:00.0019853" startTime="2026-03-16T15:33:54.9108100-03:00" endTime="2026-03-16T15:33:54.9108102-03:00" testType="13cdc9d9-ddb5-4fa4-a97d-d965ccfc6d4b" outcome="Passed" testListId="8c84fa94-04c1-424b-9868-57a2d4851a1d" relativeResultsDirectory="6f7b10f8-3fb5-46f3-9294-a3236a505f0a" />
    <UnitTestResult executionId="1eaf6b05-006d-49b4-9b1a-0fd0ad63e6b8" testId="6db2b533-b189-b7b4-511a-9daf142a6cfc" testName="Sa.Unazul.Organization.Tests.Unit.Commands.Tenants.UpdateTenantCommandHandlerTests.TP_ORG_03_05_Not_Found_Throws_ORG_TENANT_NOT_FOUND" computerName="SA-FBERTOLDI" duration="00:00:00.0018256" startTime="2026-03-16T15:33:54.9679798-03:00" endTime="2026-03-16T15:33:54.9679800-03:00" testType="13cdc9d9-ddb5-4fa4-a97d-d965ccfc6d4b" outcome="Passed" testListId="8c84fa94-04c1-424b-9868-57a2d4851a1d" relativeResultsDirectory="1eaf6b05-006d-49b4-9b1a-0fd0ad63e6b8" />
    <UnitTestResult executionId="ebbf9584-604b-494a-a097-c77c4047f73f" testId="61cb4962-f7b1-e469-4b2e-7f89156418b2" testName="Sa.Unazul.Organization.Tests.Unit.Domain.BranchTests.TP_ORG_10_02_Update_Changes_Fields_And_UpdatedAt" computerName="SA-FBERTOLDI" duration="00:00:00.0019083" startTime="2026-03-16T15:33:54.9505082-03:00" endTime="2026-03-16T15:33:54.9505084-03:00" testType="13cdc9d9-ddb5-4fa4-a97d-d965ccfc6d4b" outcome="Passed" testListId="8c84fa94-04c1-424b-9868-57a2d4851a1d" relativeResultsDirectory="ebbf9584-604b-494a-a097-c77c4047f73f" />
    <UnitTestResult executionId="c351a537-5bd5-4338-843c-48872311ec77" testId="8274ea8b-831c-d3b5-90e2-a7aa26025cde" testName="Sa.Unazul.Organization.Tests.Unit.Commands.Entities.CreateEntityValidationTests.TP_ORG_07_08b_Create_With_Various_Invalid_CuitFormats_Throws(invalidCuit: &quot;&quot;)" computerName="SA-FBERTOLDI" duration="00:00:00.0021633" startTime="2026-03-16T15:33:54.9266376-03:00" endTime="2026-03-16T15:33:54.9266376-03:00" testType="13cdc9d9-ddb5-4fa4-a97d-d965ccfc6d4b" outcome="Passed" testListId="8c84fa94-04c1-424b-9868-57a2d4851a1d" relativeResultsDirectory="c351a537-5bd5-4338-843c-48872311ec77" />
    <UnitTestResult executionId="9ac4e05a-7436-4496-9899-9fab4b6667b1" testId="82cffd2d-bdf5-fbfd-bb8b-8f51870887ed" testName="Sa.Unazul.Organization.Tests.Unit.Domain.EntityTests.EntityChannel_Create_WorksWithAllChannelTypes(channelType: IaAgent)" computerName="SA-FBERTOLDI" duration="00:00:00.0000101" startTime="2026-03-16T15:33:54.7229051-03:00" endTime="2026-03-16T15:33:54.7229052-03:00" testType="13cdc9d9-ddb5-4fa4-a97d-d965ccfc6d4b" outcome="Passed" testListId="8c84fa94-04c1-424b-9868-57a2d4851a1d" relativeResultsDirectory="9ac4e05a-7436-4496-9899-9fab4b6667b1" />
    <UnitTestResult executionId="d40982f7-220a-4b24-97b8-86a4f59686cf" testId="5d4e8776-3cff-38fb-4722-60d50dce785c" testName="Sa.Unazul.Organization.Tests.Unit.Domain.TenantTests.TP_ORG_02_01_Create_Returns_Tenant_With_All_Fields_And_Valid_Id_And_CreatedAt" computerName="SA-FBERTOLDI" duration="00:00:00.0013797" startTime="2026-03-16T15:33:54.7364076-03:00" endTime="2026-03-16T15:33:54.7364088-03:00" testType="13cdc9d9-ddb5-4fa4-a97d-d965ccfc6d4b" outcome="Passed" testListId="8c84fa94-04c1-424b-9868-57a2d4851a1d" relativeResultsDirectory="d40982f7-220a-4b24-97b8-86a4f59686cf" />
    <UnitTestResult executionId="a108d265-df52-460e-8cd9-06c3bfea0f1a" testId="2c60ffda-af6c-0cf1-20e9-426ce78b8870" testName="Sa.Unazul.Organization.Tests.Unit.Commands.Entities.CreateEntityValidationTests.TP_ORG_07_08b_Create_With_Various_Invalid_CuitFormats_Throws(invalidCuit: &quot;20-123456789-1&quot;)" computerName="SA-FBERTOLDI" duration="00:00:00.0002647" startTime="2026-03-16T15:33:54.9277772-03:00" endTime="2026-03-16T15:33:54.9277777-03:00" testType="13cdc9d9-ddb5-4fa4-a97d-d965ccfc6d4b" outcome="Passed" testListId="8c84fa94-04c1-424b-9868-57a2d4851a1d" relativeResultsDirectory="a108d265-df52-460e-8cd9-06c3bfea0f1a" />
    <UnitTestResult executionId="850abd51-fbd3-4ba2-a625-298a44526945" testId="3b52579c-e5d2-0cd8-1750-86c89ce4c294" testName="Sa.Unazul.Organization.Tests.Unit.Commands.Tenants.CreateTenantValidationTests.TP_ORG_02_06b_Create_With_Various_Invalid_Statuses_Throws(invalidStatus: &quot;ACTIVE_TYPO&quot;)" computerName="SA-FBERTOLDI" duration="00:00:00.0008853" startTime="2026-03-16T15:33:54.9006190-03:00" endTime="2026-03-16T15:33:54.9006190-03:00" testType="13cdc9d9-ddb5-4fa4-a97d-d965ccfc6d4b" outcome="Passed" testListId="8c84fa94-04c1-424b-9868-57a2d4851a1d" relativeResultsDirectory="850abd51-fbd3-4ba2-a625-298a44526945" />
    <UnitTestResult executionId="30db3c79-ff9e-4d01-ae2e-6952f2e0afe4" testId="b0bca813-08b8-663d-4105-e8ca8cd71ec9" testName="Sa.Unazul.Organization.Tests.Unit.Commands.Branches.CreateBranchCommandHandlerTests.TP_ORG_10_16_TenantId_Inherited_From_Entity" computerName="SA-FBERTOLDI" duration="00:00:00.0033590" startTime="2026-03-16T15:33:54.9643982-03:00" endTime="2026-03-16T15:33:54.9643986-03:00" testType="13cdc9d9-ddb5-4fa4-a97d-d965ccfc6d4b" outcome="Passed" testListId="8c84fa94-04c1-424b-9868-57a2d4851a1d" relativeResultsDirectory="30db3c79-ff9e-4d01-ae2e-6952f2e0afe4" />
    <UnitTestResult executionId="a310e28e-b35a-4b1b-9939-9dcdde505529" testId="9446f5aa-301a-0538-e902-17361f3a9d8d" testName="Sa.Unazul.Organization.Tests.Unit.Queries.Tenants.GetTenantDetailQueryHandlerTests.TP_ORG_04_02_Not_Found_Throws_ORG_TENANT_NOT_FOUND" computerName="SA-FBERTOLDI" duration="00:00:00.3503443" startTime="2026-03-16T15:33:54.8883942-03:00" endTime="2026-03-16T15:33:54.8883943-03:00" testType="13cdc9d9-ddb5-4fa4-a97d-d965ccfc6d4b" outcome="Passed" testListId="8c84fa94-04c1-424b-9868-57a2d4851a1d" relativeResultsDirectory="a310e28e-b35a-4b1b-9939-9dcdde505529" />
    <UnitTestResult executionId="350321e9-27d8-48fc-9efd-5dad5883fab5" testId="dec27ade-a407-2e6f-e3b3-b44d7613556e" testName="Sa.Unazul.Organization.Tests.Unit.Queries.Tenants.ListTenantsQueryHandlerTests.TP_ORG_01_02_Search_Parameter_Passed_Through" computerName="SA-FBERTOLDI" duration="00:00:00.0016987" startTime="2026-03-16T15:33:54.8405950-03:00" endTime="2026-03-16T15:33:54.8405953-03:00" testType="13cdc9d9-ddb5-4fa4-a97d-d965ccfc6d4b" outcome="Passed" testListId="8c84fa94-04c1-424b-9868-57a2d4851a1d" relativeResultsDirectory="350321e9-27d8-48fc-9efd-5dad5883fab5" />
    <UnitTestResult executionId="4897c519-1b36-44f3-89a6-2a1433236ca5" testId="c90e655d-0b69-0cdd-597e-d709fc8d3f38" testName="Sa.Unazul.Organization.Tests.Unit.Commands.Tenants.DeleteTenantCommandHandlerTests.TP_ORG_05_01_Successful_Deletion_Calls_DeleteAsync_SaveChanges_And_PublishAsync" computerName="SA-FBERTOLDI" duration="00:00:00.0013763" startTime="2026-03-16T15:33:54.9274077-03:00" endTime="2026-03-16T15:33:54.9274078-03:00" testType="13cdc9d9-ddb5-4fa4-a97d-d965ccfc6d4b" outcome="Passed" testListId="8c84fa94-04c1-424b-9868-57a2d4851a1d" relativeResultsDirectory="4897c519-1b36-44f3-89a6-2a1433236ca5" />
    <UnitTestResult executionId="b18f6fed-3699-43ed-9930-bb92678c20fe" testId="8d28544c-f55c-4b38-9a74-8fc25da3ee29" testName="Sa.Unazul.Organization.Tests.Unit.Commands.Branches.UpdateBranchCommandHandlerTests.TP_ORG_10_10_Branch_Not_In_Entity_Throws_ORG_BRANCH_NOT_IN_ENTITY" computerName="SA-FBERTOLDI" duration="00:00:00.0027304" startTime="2026-03-16T15:33:54.9612123-03:00" endTime="2026-03-16T15:33:54.9612123-03:00" testType="13cdc9d9-ddb5-4fa4-a97d-d965ccfc6d4b" outcome="Passed" testListId="8c84fa94-04c1-424b-9868-57a2d4851a1d" relativeResultsDirectory="b18f6fed-3699-43ed-9930-bb92678c20fe" />
    <UnitTestResult executionId="b1a00942-35db-4b14-a80e-4eb48cff39c5" testId="c0c0945d-811a-48f2-dff8-8d81fbbdd60b" testName="Sa.Unazul.Organization.Tests.Unit.Queries.Tenants.ExportTenantsQueryHandlerTests.TP_ORG_01_04_Excel_Export_Returns_Non_Empty_Byte_Array" computerName="SA-FBERTOLDI" duration="00:00:05.5321880" startTime="2026-03-16T15:34:00.4348816-03:00" endTime="2026-03-16T15:34:00.4348830-03:00" testType="13cdc9d9-ddb5-4fa4-a97d-d965ccfc6d4b" outcome="Passed" testListId="8c84fa94-04c1-424b-9868-57a2d4851a1d" relativeResultsDirectory="b1a00942-35db-4b14-a80e-4eb48cff39c5" />
    <UnitTestResult executionId="7afc309b-dcfb-4888-a4b8-1dff862d129c" testId="0c67beab-c28f-e262-8510-b77a5cb92a0d" testName="Sa.Unazul.Organization.Tests.Unit.Commands.Branches.BranchCodeValidationTests.TP_ORG_10_07b_Create_Branch_With_Existing_Code_In_Same_Tenant_Throws" computerName="SA-FBERTOLDI" duration="00:00:00.0560797" startTime="2026-03-16T15:33:54.8893630-03:00" endTime="2026-03-16T15:33:54.8893631-03:00" testType="13cdc9d9-ddb5-4fa4-a97d-d965ccfc6d4b" outcome="Passed" testListId="8c84fa94-04c1-424b-9868-57a2d4851a1d" relativeResultsDirectory="7afc309b-dcfb-4888-a4b8-1dff862d129c" />
    <UnitTestResult executionId="53584a06-672e-4488-86bb-b239bdb988d3" testId="ea775488-52ce-3a28-79d6-c39d2eaa23e7" testName="Sa.Unazul.Organization.Tests.Unit.Commands.Entities.UpdateEntityChannelDiffTests.TP_ORG_07_06b_ChannelDiff_DuplicatesInNewList_AreDeduped" computerName="SA-FBERTOLDI" duration="00:00:00.0025674" startTime="2026-03-16T15:33:54.9088095-03:00" endTime="2026-03-16T15:33:54.9088096-03:00" testType="13cdc9d9-ddb5-4fa4-a97d-d965ccfc6d4b" outcome="Passed" testListId="8c84fa94-04c1-424b-9868-57a2d4851a1d" relativeResultsDirectory="53584a06-672e-4488-86bb-b239bdb988d3" />
    <UnitTestResult executionId="407b52db-6687-4394-9828-facfebe9ac16" testId="136a7250-eb18-92b6-9135-2790dea0835d" testName="Sa.Unazul.Organization.Tests.Unit.Commands.Entities.CreateEntityCommandHandlerTests.TP_ORG_07_07_Create_NullChannels_ChannelRepositoryNotCalled" computerName="SA-FBERTOLDI" duration="00:00:00.0026392" startTime="2026-03-16T15:33:54.9241180-03:00" endTime="2026-03-16T15:33:54.9241181-03:00" testType="13cdc9d9-ddb5-4fa4-a97d-d965ccfc6d4b" outcome="Passed" testListId="8c84fa94-04c1-424b-9868-57a2d4851a1d" relativeResultsDirectory="407b52db-6687-4394-9828-facfebe9ac16" />
    <UnitTestResult executionId="1a7da4e3-2021-4bbf-8ec6-3d4e3f2a4196" testId="0f32c5a4-7969-a66e-a43e-65455cb09aa1" testName="Sa.Unazul.Organization.Tests.Unit.Commands.Entities.CreateEntityValidationTests.TP_ORG_09_02_DeleteEntity_CallsDeleteAndSave" computerName="SA-FBERTOLDI" duration="00:00:00.0073071" startTime="2026-03-16T15:33:54.9387948-03:00" endTime="2026-03-16T15:33:54.9387952-03:00" testType="13cdc9d9-ddb5-4fa4-a97d-d965ccfc6d4b" outcome="Passed" testListId="8c84fa94-04c1-424b-9868-57a2d4851a1d" relativeResultsDirectory="1a7da4e3-2021-4bbf-8ec6-3d4e3f2a4196" />
    <UnitTestResult executionId="3aad9265-176e-4a4c-bfb3-336952046155" testId="bd3e5eab-bea9-8d3e-3572-5d67522f264f" testName="Sa.Unazul.Organization.Tests.E2E.EntityEndpointsTests.TP_ORG_08_08_GetEntityDetail_WithoutJwt_Returns401" computerName="SA-FBERTOLDI" duration="00:00:05.5706455" startTime="2026-03-16T15:34:00.5387406-03:00" endTime="2026-03-16T15:34:00.5387423-03:00" testType="13cdc9d9-ddb5-4fa4-a97d-d965ccfc6d4b" outcome="Passed" testListId="8c84fa94-04c1-424b-9868-57a2d4851a1d" relativeResultsDirectory="3aad9265-176e-4a4c-bfb3-336952046155" />
    <UnitTestResult executionId="936a4fc1-ccfa-4d94-a8ca-7ab59337cd3e" testId="5348e3c3-556f-4c46-5323-e3d93449990a" testName="Sa.Unazul.Organization.Tests.Unit.Commands.Entities.UpdateEntityCommandHandlerTests.Update_InvalidChannelType_ThrowsOrgInvalidChannelType" computerName="SA-FBERTOLDI" duration="00:00:00.0491108" startTime="2026-03-16T15:33:54.8881086-03:00" endTime="2026-03-16T15:33:54.8881093-03:00" testType="13cdc9d9-ddb5-4fa4-a97d-d965ccfc6d4b" outcome="Passed" testListId="8c84fa94-04c1-424b-9868-57a2d4851a1d" relativeResultsDirectory="936a4fc1-ccfa-4d94-a8ca-7ab59337cd3e" />
    <UnitTestResult executionId="60c39735-6589-4f01-8c4b-8e041f5a21f9" testId="61703249-fa23-5f56-523a-fca2546893d5" testName="Sa.Unazul.Organization.Tests.Unit.Commands.Tenants.CreateTenantCommandHandlerTests.TP_ORG_02_06_Invalid_Status_Throws_ORG_INVALID_STATUS" computerName="SA-FBERTOLDI" duration="00:00:00.0019813" startTime="2026-03-16T15:33:54.9724811-03:00" endTime="2026-03-16T15:33:54.9724818-03:00" testType="13cdc9d9-ddb5-4fa4-a97d-d965ccfc6d4b" outcome="Passed" testListId="8c84fa94-04c1-424b-9868-57a2d4851a1d" relativeResultsDirectory="60c39735-6589-4f01-8c4b-8e041f5a21f9" />
    <UnitTestResult executionId="896324a2-05fa-4529-8a26-234b6f6c68f3" testId="92308cce-49ed-44af-a88a-7c3cb4b6f745" testName="Sa.Unazul.Organization.Tests.Unit.Commands.Tenants.UpdateTenantCommandHandlerTests.TP_ORG_03_06_Invalid_Status_Throws_ORG_INVALID_STATUS" computerName="SA-FBERTOLDI" duration="00:00:00.0052454" startTime="2026-03-16T15:33:54.9629690-03:00" endTime="2026-03-16T15:33:54.9629693-03:00" testType="13cdc9d9-ddb5-4fa4-a97d-d965ccfc6d4b" outcome="Passed" testListId="8c84fa94-04c1-424b-9868-57a2d4851a1d" relativeResultsDirectory="896324a2-05fa-4529-8a26-234b6f6c68f3" />
    <UnitTestResult executionId="878c741c-161f-40be-a651-7f5d64306251" testId="bcdd2d9d-4081-1229-60ca-4ec144e06742" testName="Sa.Unazul.Organization.Tests.Unit.Commands.Branches.DeleteBranchCommandHandlerTests.TP_ORG_10_03_Successful_Deletion_Calls_DeleteAsync_SaveChanges_And_Publish" computerName="SA-FBERTOLDI" duration="00:00:00.0023082" startTime="2026-03-16T15:33:54.8940415-03:00" endTime="2026-03-16T15:33:54.8940418-03:00" testType="13cdc9d9-ddb5-4fa4-a97d-d965ccfc6d4b" outcome="Passed" testListId="8c84fa94-04c1-424b-9868-57a2d4851a1d" relativeResultsDirectory="878c741c-161f-40be-a651-7f5d64306251" />
    <UnitTestResult executionId="ca73513b-8ab1-4230-964a-81b269a8ddf1" testId="5ecc6989-4f0b-afac-80f4-2fd3ab702125" testName="Sa.Unazul.Organization.Tests.Unit.Commands.Branches.BranchCodeValidationTests.TP_ORG_10_09b_Update_Branch_NotFound_Throws" computerName="SA-FBERTOLDI" duration="00:00:00.0039837" startTime="2026-03-16T15:33:54.9010531-03:00" endTime="2026-03-16T15:33:54.9010532-03:00" testType="13cdc9d9-ddb5-4fa4-a97d-d965ccfc6d4b" outcome="Passed" testListId="8c84fa94-04c1-424b-9868-57a2d4851a1d" relativeResultsDirectory="ca73513b-8ab1-4230-964a-81b269a8ddf1" />
    <UnitTestResult executionId="28887939-7e04-4fe5-86eb-a0d09487bc3f" testId="674d684a-3cda-5cd6-a5b0-c2fe1e14157a" testName="Sa.Unazul.Organization.Tests.Unit.Commands.Entities.CreateEntityCommandHandlerTests.Create_InvalidCuitFormat_ThrowsOrgInvalidCuitFormat" computerName="SA-FBERTOLDI" duration="00:00:00.0018927" startTime="2026-03-16T15:33:54.9436634-03:00" endTime="2026-03-16T15:33:54.9436639-03:00" testType="13cdc9d9-ddb5-4fa4-a97d-d965ccfc6d4b" outcome="Passed" testListId="8c84fa94-04c1-424b-9868-57a2d4851a1d" relativeResultsDirectory="28887939-7e04-4fe5-86eb-a0d09487bc3f" />
    <UnitTestResult executionId="cdb3f6a1-38b4-472e-8c0a-a5334d7c8b09" testId="9322c71a-5a8d-59e3-526c-bbbb27d4b8cf" testName="Sa.Unazul.Organization.Tests.Unit.Domain.EntityTests.EntityChannel_Create_WorksWithAllChannelTypes(channelType: Presencial)" computerName="SA-FBERTOLDI" duration="00:00:00.0028489" startTime="2026-03-16T15:33:54.7226483-03:00" endTime="2026-03-16T15:33:54.7226484-03:00" testType="13cdc9d9-ddb5-4fa4-a97d-d965ccfc6d4b" outcome="Passed" testListId="8c84fa94-04c1-424b-9868-57a2d4851a1d" relativeResultsDirectory="cdb3f6a1-38b4-472e-8c0a-a5334d7c8b09" />
    <UnitTestResult executionId="b34274b3-3471-4d0f-a543-6ac500b7353d" testId="051be15d-61e9-6e0d-8d7f-58ee2d51b0d4" testName="Sa.Unazul.Organization.Tests.Unit.Queries.Tenants.ListTenantsQueryHandlerTests.TP_ORG_01_03_Status_Filter_Passed_Through" computerName="SA-FBERTOLDI" duration="00:00:00.2976161" startTime="2026-03-16T15:33:54.8345842-03:00" endTime="2026-03-16T15:33:54.8345853-03:00" testType="13cdc9d9-ddb5-4fa4-a97d-d965ccfc6d4b" outcome="Passed" testListId="8c84fa94-04c1-424b-9868-57a2d4851a1d" relativeResultsDirectory="b34274b3-3471-4d0f-a543-6ac500b7353d" />
    <UnitTestResult executionId="94205f09-4a2a-47f4-af42-a02b2177e8ea" testId="340a5e47-54f9-b4ca-dc58-a3f8937bc101" testName="Sa.Unazul.Organization.Tests.Unit.Queries.Entities.ExportEntitiesQueryHandlerTests.TP_ORG_06_05_Export_Excel_ReturnsNonEmptyByteArray" computerName="SA-FBERTOLDI" duration="00:00:05.5181741" startTime="2026-03-16T15:34:00.4347470-03:00" endTime="2026-03-16T15:34:00.4347483-03:00" testType="13cdc9d9-ddb5-4fa4-a97d-d965ccfc6d4b" outcome="Passed" testListId="8c84fa94-04c1-424b-9868-57a2d4851a1d" relativeResultsDirectory="94205f09-4a2a-47f4-af42-a02b2177e8ea" />
    <UnitTestResult executionId="9ce28471-8336-4eca-8f9b-893d61bcdec3" testId="c5f37e60-cade-0df6-4427-187dfb1b6700" testName="Sa.Unazul.Organization.Tests.Unit.Commands.Branches.DeleteBranchCommandHandlerTests.TP_ORG_10_09_Branch_Not_Found_Throws_ORG_BRANCH_NOT_FOUND" computerName="SA-FBERTOLDI" duration="00:00:00.0033395" startTime="2026-03-16T15:33:54.8922736-03:00" endTime="2026-03-16T15:33:54.8922737-03:00" testType="13cdc9d9-ddb5-4fa4-a97d-d965ccfc6d4b" outcome="Passed" testListId="8c84fa94-04c1-424b-9868-57a2d4851a1d" relativeResultsDirectory="9ce28471-8336-4eca-8f9b-893d61bcdec3" />
    <UnitTestResult executionId="920a89f3-2db3-4fe2-8e77-56142ce9ba38" testId="452bf6a7-ad63-6f22-ecf6-c0fd25e73141" testName="Sa.Unazul.Organization.Tests.Unit.Commands.Entities.CreateEntityValidationTests.TP_ORG_07_09b_Create_With_Various_Invalid_EntityTypes_Throws(invalidType: &quot;BankX&quot;)" computerName="SA-FBERTOLDI" duration="00:00:00.0009069" startTime="2026-03-16T15:33:54.9174780-03:00" endTime="2026-03-16T15:33:54.9174796-03:00" testType="13cdc9d9-ddb5-4fa4-a97d-d965ccfc6d4b" outcome="Passed" testListId="8c84fa94-04c1-424b-9868-57a2d4851a1d" relativeResultsDirectory="920a89f3-2db3-4fe2-8e77-56142ce9ba38" />
    <UnitTestResult executionId="e86089c7-db30-4165-8350-646733eb96b5" testId="4addc54a-66a6-440e-1c87-19c9b467aae4" testName="Sa.Unazul.Organization.Tests.Unit.Commands.Branches.BranchCodeValidationTests.TP_ORG_10_05_Update_Branch_Saves_Changes" computerName="SA-FBERTOLDI" duration="00:00:00.0017862" startTime="2026-03-16T15:33:54.9077512-03:00" endTime="2026-03-16T15:33:54.9077516-03:00" testType="13cdc9d9-ddb5-4fa4-a97d-d965ccfc6d4b" outcome="Passed" testListId="8c84fa94-04c1-424b-9868-57a2d4851a1d" relativeResultsDirectory="e86089c7-db30-4165-8350-646733eb96b5" />
    <UnitTestResult executionId="f5a3337c-b2f8-453a-90ba-1615451173cd" testId="e392f26e-8d95-ae38-ceac-3416bb489e43" testName="Sa.Unazul.Organization.Tests.Unit.Commands.Branches.DeleteBranchCommandHandlerTests.TP_ORG_10_10_Branch_Not_In_Entity_Throws_ORG_BRANCH_NOT_IN_ENTITY" computerName="SA-FBERTOLDI" duration="00:00:00.0465626" startTime="2026-03-16T15:33:54.8895543-03:00" endTime="2026-03-16T15:33:54.8895544-03:00" testType="13cdc9d9-ddb5-4fa4-a97d-d965ccfc6d4b" outcome="Passed" testListId="8c84fa94-04c1-424b-9868-57a2d4851a1d" relativeResultsDirectory="f5a3337c-b2f8-453a-90ba-1615451173cd" />
    <UnitTestResult executionId="ef25c313-ad49-439d-9a52-1e9981be38cc" testId="8f2fb08b-e4e2-8267-f1c2-4848d42c9f04" testName="Sa.Unazul.Organization.Tests.Unit.Commands.Entities.UpdateEntityCommandHandlerTests.Update_NullChannels_ChannelDiffSkipped" computerName="SA-FBERTOLDI" duration="00:00:00.3009764" startTime="2026-03-16T15:33:54.8380676-03:00" endTime="2026-03-16T15:33:54.8380683-03:00" testType="13cdc9d9-ddb5-4fa4-a97d-d965ccfc6d4b" outcome="Passed" testListId="8c84fa94-04c1-424b-9868-57a2d4851a1d" relativeResultsDirectory="ef25c313-ad49-439d-9a52-1e9981be38cc" />
    <UnitTestResult executionId="38b27517-6cda-4d8a-abbf-c8de29f4de6e" testId="0ff70c80-ad40-af2d-19d1-10c3ded6cdb4" testName="Sa.Unazul.Organization.Tests.Unit.Commands.Entities.CreateEntityCommandHandlerTests.TP_ORG_07_02_Create_WithChannels_CallsChannelRepositoryAddRange" computerName="SA-FBERTOLDI" duration="00:00:00.0057646" startTime="2026-03-16T15:33:54.9213595-03:00" endTime="2026-03-16T15:33:54.9213596-03:00" testType="13cdc9d9-ddb5-4fa4-a97d-d965ccfc6d4b" outcome="Passed" testListId="8c84fa94-04c1-424b-9868-57a2d4851a1d" relativeResultsDirectory="38b27517-6cda-4d8a-abbf-c8de29f4de6e" />
    <UnitTestResult executionId="4005e48b-b12e-4206-a9a2-fa7770f4c416" testId="72979e48-68a9-3e3d-9892-c7b926f57a3c" testName="Sa.Unazul.Organization.Tests.Unit.Queries.Tenants.GetTenantDetailQueryHandlerTests.TP_ORG_04_03_Entity_Count_Of_Zero_Works" computerName="SA-FBERTOLDI" duration="00:00:00.0042785" startTime="2026-03-16T15:33:54.8923958-03:00" endTime="2026-03-16T15:33:54.8923958-03:00" testType="13cdc9d9-ddb5-4fa4-a97d-d965ccfc6d4b" outcome="Passed" testListId="8c84fa94-04c1-424b-9868-57a2d4851a1d" relativeResultsDirectory="4005e48b-b12e-4206-a9a2-fa7770f4c416" />
    <UnitTestResult executionId="348a5a5a-d75e-46b1-b4d5-0aafcaeb1ed7" testId="caec8860-8701-385b-2176-c68ff40160fd" testName="Sa.Unazul.Organization.Tests.E2E.TenantEndpointsTests.TP_ORG_01_04_ExportTenants_WithoutJwt_Returns401" computerName="SA-FBERTOLDI" duration="00:00:00.0193058" startTime="2026-03-16T15:34:00.6626235-03:00" endTime="2026-03-16T15:34:00.6626241-03:00" testType="13cdc9d9-ddb5-4fa4-a97d-d965ccfc6d4b" outcome="Passed" testListId="8c84fa94-04c1-424b-9868-57a2d4851a1d" relativeResultsDirectory="348a5a5a-d75e-46b1-b4d5-0aafcaeb1ed7" />
    <UnitTestResult executionId="748d8a65-8ce4-488e-a5c2-12ea7e14e87b" testId="1b199f2c-19b1-16fb-4dc9-96f30fff391f" testName="Sa.Unazul.Organization.Tests.Unit.Queries.Entities.GetEntityDetailQueryHandlerTests.TP_ORG_08_05_GetDetail_EntityWithEmptyBranches_ReturnsEmptyList" computerName="SA-FBERTOLDI" duration="00:00:00.0032858" startTime="2026-03-16T15:33:54.9503174-03:00" endTime="2026-03-16T15:33:54.9503175-03:00" testType="13cdc9d9-ddb5-4fa4-a97d-d965ccfc6d4b" outcome="Passed" testListId="8c84fa94-04c1-424b-9868-57a2d4851a1d" relativeResultsDirectory="748d8a65-8ce4-488e-a5c2-12ea7e14e87b" />
    <UnitTestResult executionId="9a9005ca-2515-4f1c-bf77-c37d9741ba16" testId="d5c4c9af-cb9c-de6d-3609-1a8578c552d6" testName="Sa.Unazul.Organization.Tests.Unit.Commands.Entities.CreateEntityValidationTests.TP_ORG_07_08b_Create_With_Various_Invalid_CuitFormats_Throws(invalidCuit: &quot;invalid&quot;)" computerName="SA-FBERTOLDI" duration="00:00:00.0003124" startTime="2026-03-16T15:33:54.9272231-03:00" endTime="2026-03-16T15:33:54.9272242-03:00" testType="13cdc9d9-ddb5-4fa4-a97d-d965ccfc6d4b" outcome="Passed" testListId="8c84fa94-04c1-424b-9868-57a2d4851a1d" relativeResultsDirectory="9a9005ca-2515-4f1c-bf77-c37d9741ba16" />
    <UnitTestResult executionId="f8361398-e297-49e7-bd42-77fef9aef351" testId="a741dbc2-443d-1bc1-2acc-513e00cfe687" testName="Sa.Unazul.Organization.Tests.Unit.Commands.Branches.BranchCodeValidationTests.TP_ORG_10_10b_Update_Branch_WrongEntity_Throws" computerName="SA-FBERTOLDI" duration="00:00:00.0045223" startTime="2026-03-16T15:33:54.9058164-03:00" endTime="2026-03-16T15:33:54.9058164-03:00" testType="13cdc9d9-ddb5-4fa4-a97d-d965ccfc6d4b" outcome="Passed" testListId="8c84fa94-04c1-424b-9868-57a2d4851a1d" relativeResultsDirectory="f8361398-e297-49e7-bd42-77fef9aef351" />
    <UnitTestResult executionId="1c094dca-d02c-4fd9-ad99-35e92d21cb89" testId="7eca2cdc-7de1-763a-9d05-bd59acd38647" testName="Sa.Unazul.Organization.Tests.Unit.Queries.Entities.ListEntitiesQueryHandlerTests.TP_ORG_06_04_List_StatusFilterPassedThrough" computerName="SA-FBERTOLDI" duration="00:00:00.0017152" startTime="2026-03-16T15:33:54.9469810-03:00" endTime="2026-03-16T15:33:54.9469816-03:00" testType="13cdc9d9-ddb5-4fa4-a97d-d965ccfc6d4b" outcome="Passed" testListId="8c84fa94-04c1-424b-9868-57a2d4851a1d" relativeResultsDirectory="1c094dca-d02c-4fd9-ad99-35e92d21cb89" />
    <UnitTestResult executionId="8e50229e-63cd-4852-b31c-e0086d947ad8" testId="dcfd7d38-4502-0c47-a7b1-bb927dc23e46" testName="Sa.Unazul.Organization.Tests.Unit.Commands.Entities.CreateEntityCommandHandlerTests.TP_ORG_07_01_Create_WithValidData_ReturnsEntityDetailDto" computerName="SA-FBERTOLDI" duration="00:00:00.0027146" startTime="2026-03-16T15:33:54.9465518-03:00" endTime="2026-03-16T15:33:54.9465524-03:00" testType="13cdc9d9-ddb5-4fa4-a97d-d965ccfc6d4b" outcome="Passed" testListId="8c84fa94-04c1-424b-9868-57a2d4851a1d" relativeResultsDirectory="8e50229e-63cd-4852-b31c-e0086d947ad8" />
    <UnitTestResult executionId="f1929808-83eb-4491-9d0c-f15b3a7905d7" testId="4cc87965-0593-ed66-2159-4cd91579d75d" testName="Sa.Unazul.Organization.Tests.Unit.Commands.Branches.UpdateBranchCommandHandlerTests.TP_ORG_10_02_Successful_Update_Returns_BranchDto" computerName="SA-FBERTOLDI" duration="00:00:00.0023493" startTime="2026-03-16T15:33:54.9552194-03:00" endTime="2026-03-16T15:33:54.9552198-03:00" testType="13cdc9d9-ddb5-4fa4-a97d-d965ccfc6d4b" outcome="Passed" testListId="8c84fa94-04c1-424b-9868-57a2d4851a1d" relativeResultsDirectory="f1929808-83eb-4491-9d0c-f15b3a7905d7" />
    <UnitTestResult executionId="73cdf794-ac55-4fea-afbb-01eb7d366628" testId="783101ef-7562-2723-594b-4159cae8ac90" testName="Sa.Unazul.Organization.Tests.Unit.Commands.Entities.UpdateEntityCommandHandlerTests.Update_InvalidStatus_ThrowsOrgInvalidStatus" computerName="SA-FBERTOLDI" duration="00:00:00.0026832" startTime="2026-03-16T15:33:54.9130322-03:00" endTime="2026-03-16T15:33:54.9130326-03:00" testType="13cdc9d9-ddb5-4fa4-a97d-d965ccfc6d4b" outcome="Passed" testListId="8c84fa94-04c1-424b-9868-57a2d4851a1d" relativeResultsDirectory="73cdf794-ac55-4fea-afbb-01eb7d366628" />
    <UnitTestResult executionId="eeec0d64-6d5a-4d77-bd4b-aced34d4fc0b" testId="df117d1c-66ad-01d5-6611-0723fe295dae" testName="Sa.Unazul.Organization.Tests.Unit.Commands.Entities.CreateEntityValidationTests.TP_ORG_07_13b_Create_With_InvalidChannel_AfterValidChannels_StillThrows" computerName="SA-FBERTOLDI" duration="00:00:00.0032200" startTime="2026-03-16T15:33:54.9313176-03:00" endTime="2026-03-16T15:33:54.9313178-03:00" testType="13cdc9d9-ddb5-4fa4-a97d-d965ccfc6d4b" outcome="Passed" testListId="8c84fa94-04c1-424b-9868-57a2d4851a1d" relativeResultsDirectory="eeec0d64-6d5a-4d77-bd4b-aced34d4fc0b" />
    <UnitTestResult executionId="516ec7ca-9102-4f0b-9f65-49eb38f94b84" testId="5a38646b-f9ac-182d-6754-696f08e40a81" testName="Sa.Unazul.Organization.Tests.Unit.Commands.Branches.BranchCodeValidationTests.TP_ORG_10_04_Create_Branch_Returns_BranchDto_With_AllFields" computerName="SA-FBERTOLDI" duration="00:00:00.2944133" startTime="2026-03-16T15:33:54.8314215-03:00" endTime="2026-03-16T15:33:54.8314224-03:00" testType="13cdc9d9-ddb5-4fa4-a97d-d965ccfc6d4b" outcome="Passed" testListId="8c84fa94-04c1-424b-9868-57a2d4851a1d" relativeResultsDirectory="516ec7ca-9102-4f0b-9f65-49eb38f94b84" />
    <UnitTestResult executionId="c8297f0e-de4b-4fef-a4e1-d917f647529d" testId="b8961816-1735-9d30-125d-b6584ab390fa" testName="Sa.Unazul.Organization.Tests.Unit.Commands.Entities.UpdateEntityChannelDiffTests.TP_ORG_07_04b_ChannelDiff_RemovesChannels_WhenNewListEmpty" computerName="SA-FBERTOLDI" duration="00:00:00.0034793" startTime="2026-03-16T15:33:54.9142250-03:00" endTime="2026-03-16T15:33:54.9142254-03:00" testType="13cdc9d9-ddb5-4fa4-a97d-d965ccfc6d4b" outcome="Passed" testListId="8c84fa94-04c1-424b-9868-57a2d4851a1d" relativeResultsDirectory="c8297f0e-de4b-4fef-a4e1-d917f647529d" />
    <UnitTestResult executionId="7347fdb0-beb0-46b0-a627-a876a6aeefb4" testId="d589c280-f174-519f-cc8c-d6e9046185da" testName="Sa.Unazul.Organization.Tests.ArchitectureTests.AllQueryHandlersShouldBeSealed" computerName="SA-FBERTOLDI" duration="00:00:00.0007618" startTime="2026-03-16T15:33:54.7061033-03:00" endTime="2026-03-16T15:33:54.7061037-03:00" testType="13cdc9d9-ddb5-4fa4-a97d-d965ccfc6d4b" outcome="Passed" testListId="8c84fa94-04c1-424b-9868-57a2d4851a1d" relativeResultsDirectory="7347fdb0-beb0-46b0-a627-a876a6aeefb4" />
    <UnitTestResult executionId="1f75946c-cf7b-43ed-9036-69fca9582dfe" testId="3a1e91eb-0dcc-c72e-751e-7d8324ec1d5b" testName="Sa.Unazul.Organization.Tests.Unit.Commands.Tenants.CreateTenantCommandHandlerTests.TP_ORG_02_01_Successful_Creation_Returns_TenantDto_With_Correct_Fields" computerName="SA-FBERTOLDI" duration="00:00:00.0011368" startTime="2026-03-16T15:33:54.9736512-03:00" endTime="2026-03-16T15:33:54.9736514-03:00" testType="13cdc9d9-ddb5-4fa4-a97d-d965ccfc6d4b" outcome="Passed" testListId="8c84fa94-04c1-424b-9868-57a2d4851a1d" relativeResultsDirectory="1f75946c-cf7b-43ed-9036-69fca9582dfe" />
    <UnitTestResult executionId="e6011963-fc19-49b6-b9fc-df31a1f7b57d" testId="6d6d302a-f3b1-bd13-e114-136eb9fe9ce8" testName="Sa.Unazul.Organization.Tests.Unit.Domain.EntityTests.EntityChannel_Create_WorksWithAllChannelTypes(channelType: Mobile)" computerName="SA-FBERTOLDI" duration="00:00:00.0000136" startTime="2026-03-16T15:33:54.7228281-03:00" endTime="2026-03-16T15:33:54.7228283-03:00" testType="13cdc9d9-ddb5-4fa4-a97d-d965ccfc6d4b" outcome="Passed" testListId="8c84fa94-04c1-424b-9868-57a2d4851a1d" relativeResultsDirectory="e6011963-fc19-49b6-b9fc-df31a1f7b57d" />
    <UnitTestResult executionId="ab7fcfe2-56b3-41fc-a457-c74403509b41" testId="c1c4042a-be6a-2ae2-fc8e-6e0c636f5a2f" testName="Sa.Unazul.Organization.Tests.Unit.Queries.Entities.ExportEntitiesQueryHandlerTests.TP_ORG_06_06_Export_Csv_ReturnsNonEmptyByteArray" computerName="SA-FBERTOLDI" duration="00:00:00.0082827" startTime="2026-03-16T15:33:54.9162946-03:00" endTime="2026-03-16T15:33:54.9162950-03:00" testType="13cdc9d9-ddb5-4fa4-a97d-d965ccfc6d4b" outcome="Passed" testListId="8c84fa94-04c1-424b-9868-57a2d4851a1d" relativeResultsDirectory="ab7fcfe2-56b3-41fc-a457-c74403509b41" />
    <UnitTestResult executionId="2e5c5b7f-be9c-4a20-b182-11f1161e5a2a" testId="94669412-7b0d-1f7a-1705-37a58800918c" testName="Sa.Unazul.Organization.Tests.Unit.Commands.Entities.CreateEntityValidationTests.TP_ORG_07_01b_Create_With_Valid_CuitFormats_Succeeds(validCuit: &quot;30-11223344-5&quot;)" computerName="SA-FBERTOLDI" duration="00:00:00.0005727" startTime="2026-03-16T15:33:54.9235405-03:00" endTime="2026-03-16T15:33:54.9235410-03:00" testType="13cdc9d9-ddb5-4fa4-a97d-d965ccfc6d4b" outcome="Passed" testListId="8c84fa94-04c1-424b-9868-57a2d4851a1d" relativeResultsDirectory="2e5c5b7f-be9c-4a20-b182-11f1161e5a2a" />
    <UnitTestResult executionId="a580f580-fdb2-489b-9627-032e337a3c2c" testId="2626ef38-12fa-7169-fe84-fe1d8264b7b9" testName="Sa.Unazul.Organization.Tests.Unit.Queries.Tenants.ListTenantsQueryHandlerTests.TP_ORG_01_01_Returns_Paged_Result_With_Correct_Mapping" computerName="SA-FBERTOLDI" duration="00:00:00.0041862" startTime="2026-03-16T15:33:54.8393644-03:00" endTime="2026-03-16T15:33:54.8393645-03:00" testType="13cdc9d9-ddb5-4fa4-a97d-d965ccfc6d4b" outcome="Passed" testListId="8c84fa94-04c1-424b-9868-57a2d4851a1d" relativeResultsDirectory="a580f580-fdb2-489b-9627-032e337a3c2c" />
    <UnitTestResult executionId="e90793ab-f1de-496c-838c-1eb8ffd60395" testId="608f2ae6-f77d-6dac-c11b-442f35197eb3" testName="Sa.Unazul.Organization.Tests.Unit.Domain.EntityTests.EntityChannel_Create_WorksWithAllChannelTypes(channelType: Web)" computerName="SA-FBERTOLDI" duration="00:00:00.0002504" startTime="2026-03-16T15:33:54.7227360-03:00" endTime="2026-03-16T15:33:54.7227361-03:00" testType="13cdc9d9-ddb5-4fa4-a97d-d965ccfc6d4b" outcome="Passed" testListId="8c84fa94-04c1-424b-9868-57a2d4851a1d" relativeResultsDirectory="e90793ab-f1de-496c-838c-1eb8ffd60395" />
    <UnitTestResult executionId="3cac60b2-27cc-48d5-8ac7-f6b9aef0161f" testId="4076cc74-df47-f2b8-04fe-e41435571337" testName="Sa.Unazul.Organization.Tests.E2E.EntityEndpointsTests.TP_ORG_06_08_ListEntities_WithoutJwt_Returns401" computerName="SA-FBERTOLDI" duration="00:00:00.0059201" startTime="2026-03-16T15:34:00.6214154-03:00" endTime="2026-03-16T15:34:00.6214162-03:00" testType="13cdc9d9-ddb5-4fa4-a97d-d965ccfc6d4b" outcome="Passed" testListId="8c84fa94-04c1-424b-9868-57a2d4851a1d" relativeResultsDirectory="3cac60b2-27cc-48d5-8ac7-f6b9aef0161f" />
    <UnitTestResult executionId="1917e989-69d4-45ac-a71a-9512d10b9657" testId="81cfb4bb-ae75-b22c-5e97-4b5afaecdf7e" testName="Sa.Unazul.Organization.Tests.E2E.TenantEndpointsTests.TP_ORG_02_08_CreateTenant_WithoutJwt_Returns401" computerName="SA-FBERTOLDI" duration="00:00:00.0981979" startTime="2026-03-16T15:34:00.6413420-03:00" endTime="2026-03-16T15:34:00.6413428-03:00" testType="13cdc9d9-ddb5-4fa4-a97d-d965ccfc6d4b" outcome="Passed" testListId="8c84fa94-04c1-424b-9868-57a2d4851a1d" relativeResultsDirectory="1917e989-69d4-45ac-a71a-9512d10b9657" />
    <UnitTestResult executionId="9d940b15-5f56-48e4-81fe-86144f4d133c" testId="2f7168e8-25ee-df87-6712-d9818ebc3770" testName="Sa.Unazul.Organization.Tests.Unit.Domain.BranchTests.TP_ORG_10_16_TenantId_Inherited_From_Entity" computerName="SA-FBERTOLDI" duration="00:00:00.0005235" startTime="2026-03-16T15:33:54.9512667-03:00" endTime="2026-03-16T15:33:54.9512671-03:00" testType="13cdc9d9-ddb5-4fa4-a97d-d965ccfc6d4b" outcome="Passed" testListId="8c84fa94-04c1-424b-9868-57a2d4851a1d" relativeResultsDirectory="9d940b15-5f56-48e4-81fe-86144f4d133c" />
    <UnitTestResult executionId="c3607099-6c4d-4ed0-ba3a-6e11e10cc612" testId="c40650b2-d579-fbb1-e05e-eea79b81acd9" testName="Sa.Unazul.Organization.Tests.Unit.Domain.TenantTests.TP_ORG_02_02_Create_With_Inactive_Status_Works" computerName="SA-FBERTOLDI" duration="00:00:00.0018004" startTime="2026-03-16T15:33:54.7350105-03:00" endTime="2026-03-16T15:33:54.7350118-03:00" testType="13cdc9d9-ddb5-4fa4-a97d-d965ccfc6d4b" outcome="Passed" testListId="8c84fa94-04c1-424b-9868-57a2d4851a1d" relativeResultsDirectory="c3607099-6c4d-4ed0-ba3a-6e11e10cc612" />
    <UnitTestResult executionId="6ccf3de2-9b1b-4de1-939f-cc3e5e6312af" testId="98dc4dbd-76c3-dfcc-ef8d-60704446fa2a" testName="Sa.Unazul.Organization.Tests.Unit.Commands.Entities.CreateEntityValidationTests.TP_ORG_07_09b_Create_With_Various_Invalid_EntityTypes_Throws(invalidType: &quot;InvalidType&quot;)" computerName="SA-FBERTOLDI" duration="00:00:00.0003372" startTime="2026-03-16T15:33:54.9177782-03:00" endTime="2026-03-16T15:33:54.9177788-03:00" testType="13cdc9d9-ddb5-4fa4-a97d-d965ccfc6d4b" outcome="Passed" testListId="8c84fa94-04c1-424b-9868-57a2d4851a1d" relativeResultsDirectory="6ccf3de2-9b1b-4de1-939f-cc3e5e6312af" />
    <UnitTestResult executionId="e4f6273c-5fd9-44da-a9bb-3f7c10cb503c" testId="1f801938-8640-942d-cc1b-7f83b45d5768" testName="Sa.Unazul.Organization.Tests.Unit.Queries.Branches.ListBranchesByEntityQueryHandlerTests.TP_ORG_10_01_Returns_Branches_Mapped_To_BranchDto" computerName="SA-FBERTOLDI" duration="00:00:00.0087620" startTime="2026-03-16T15:33:54.9480113-03:00" endTime="2026-03-16T15:33:54.9480116-03:00" testType="13cdc9d9-ddb5-4fa4-a97d-d965ccfc6d4b" outcome="Passed" testListId="8c84fa94-04c1-424b-9868-57a2d4851a1d" relativeResultsDirectory="e4f6273c-5fd9-44da-a9bb-3f7c10cb503c" />
    <UnitTestResult executionId="b6624644-8739-4013-86c3-ff6144c5c56c" testId="37ee4f21-71c1-1286-1225-46e18d92c794" testName="Sa.Unazul.Organization.Tests.Unit.Queries.Entities.GetEntityDetailQueryHandlerTests.TP_ORG_08_01_GetDetail_ReturnsFullDetailWithChannelsAndBranches" computerName="SA-FBERTOLDI" duration="00:00:00.0022131" startTime="2026-03-16T15:33:54.9526320-03:00" endTime="2026-03-16T15:33:54.9526322-03:00" testType="13cdc9d9-ddb5-4fa4-a97d-d965ccfc6d4b" outcome="Passed" testListId="8c84fa94-04c1-424b-9868-57a2d4851a1d" relativeResultsDirectory="b6624644-8739-4013-86c3-ff6144c5c56c" />
    <UnitTestResult executionId="1f818a3d-ec5c-40b3-a1ed-e4299689f0af" testId="4a4a1ea5-5ddc-016f-06a1-4b49beebe731" testName="Sa.Unazul.Organization.Tests.E2E.EntityEndpointsTests.TP_ORG_07_15_CreateEntity_WithoutJwt_Returns401" computerName="SA-FBERTOLDI" duration="00:00:00.0224250" startTime="2026-03-16T15:34:00.6526681-03:00" endTime="2026-03-16T15:34:00.6526685-03:00" testType="13cdc9d9-ddb5-4fa4-a97d-d965ccfc6d4b" outcome="Passed" testListId="8c84fa94-04c1-424b-9868-57a2d4851a1d" relativeResultsDirectory="1f818a3d-ec5c-40b3-a1ed-e4299689f0af" />
    <UnitTestResult executionId="3b31694d-e2f6-4bb3-9b58-40a5f6a914d1" testId="eec828f6-70de-0e5b-eec0-7eb4d002993d" testName="Sa.Unazul.Organization.Tests.E2E.TenantEndpointsTests.TP_ORG_05_05_DeleteTenant_WithoutJwt_Returns401" computerName="SA-FBERTOLDI" duration="00:00:05.6370083" startTime="2026-03-16T15:34:00.5388223-03:00" endTime="2026-03-16T15:34:00.5388224-03:00" testType="13cdc9d9-ddb5-4fa4-a97d-d965ccfc6d4b" outcome="Passed" testListId="8c84fa94-04c1-424b-9868-57a2d4851a1d" relativeResultsDirectory="3b31694d-e2f6-4bb3-9b58-40a5f6a914d1" />
    <UnitTestResult executionId="ebe41a36-028e-4b57-9395-d0c7250fc68e" testId="7642bf8c-0225-6dc9-44ae-bc9021da6fdc" testName="Sa.Unazul.Organization.Tests.Unit.Commands.Entities.CreateEntityValidationTests.TP_ORG_07_01b_Create_With_Valid_CuitFormats_Succeeds(validCuit: &quot;20-12345678-1&quot;)" computerName="SA-FBERTOLDI" duration="00:00:00.0002640" startTime="2026-03-16T15:33:54.9239105-03:00" endTime="2026-03-16T15:33:54.9239113-03:00" testType="13cdc9d9-ddb5-4fa4-a97d-d965ccfc6d4b" outcome="Passed" testListId="8c84fa94-04c1-424b-9868-57a2d4851a1d" relativeResultsDirectory="ebe41a36-028e-4b57-9395-d0c7250fc68e" />
    <UnitTestResult executionId="26a0191a-90af-4290-b453-2968e3b6ff58" testId="983ee925-6bfa-7256-ec38-133a2e58d895" testName="Sa.Unazul.Organization.Tests.Unit.Queries.Entities.GetEntityDetailQueryHandlerTests.TP_ORG_08_06_GetDetail_NotFound_ThrowsOrgEntityNotFound" computerName="SA-FBERTOLDI" duration="00:00:00.0031054" startTime="2026-03-16T15:33:54.9557983-03:00" endTime="2026-03-16T15:33:54.9557985-03:00" testType="13cdc9d9-ddb5-4fa4-a97d-d965ccfc6d4b" outcome="Passed" testListId="8c84fa94-04c1-424b-9868-57a2d4851a1d" relativeResultsDirectory="26a0191a-90af-4290-b453-2968e3b6ff58" />
    <UnitTestResult executionId="79fb6c49-42d8-4238-9524-23cabd6d0d87" testId="d18a2052-20a3-642d-83b0-67bb3c8bc633" testName="Sa.Unazul.Organization.Tests.Unit.Queries.Entities.ListEntitiesQueryHandlerTests.TP_ORG_06_03_List_TypeFilterPassedThrough" computerName="SA-FBERTOLDI" duration="00:00:00.0034164" startTime="2026-03-16T15:33:54.9425848-03:00" endTime="2026-03-16T15:33:54.9425854-03:00" testType="13cdc9d9-ddb5-4fa4-a97d-d965ccfc6d4b" outcome="Passed" testListId="8c84fa94-04c1-424b-9868-57a2d4851a1d" relativeResultsDirectory="79fb6c49-42d8-4238-9524-23cabd6d0d87" />
    <UnitTestResult executionId="5828148c-4cb8-426f-848a-de9f7e61408d" testId="ca338045-944f-ca40-7c24-dbafb290d061" testName="Sa.Unazul.Organization.Tests.Unit.Commands.Tenants.CreateTenantValidationTests.TP_ORG_02_06b_Create_With_Various_Invalid_Statuses_Throws(invalidStatus: &quot;deleted&quot;)" computerName="SA-FBERTOLDI" duration="00:00:00.0078963" startTime="2026-03-16T15:33:54.8993923-03:00" endTime="2026-03-16T15:33:54.8993930-03:00" testType="13cdc9d9-ddb5-4fa4-a97d-d965ccfc6d4b" outcome="Passed" testListId="8c84fa94-04c1-424b-9868-57a2d4851a1d" relativeResultsDirectory="5828148c-4cb8-426f-848a-de9f7e61408d" />
    <UnitTestResult executionId="4750d4fb-d49e-461c-bbb5-db6d0cc8f6f4" testId="66ab2d9a-1db0-61a6-5615-eaf4a7f7134d" testName="Sa.Unazul.Organization.Tests.Unit.Commands.Entities.CreateEntityValidationTests.TP_ORG_07_02b_Create_With_MultipleChannels_AllCreated" computerName="SA-FBERTOLDI" duration="00:00:00.0033703" startTime="2026-03-16T15:33:54.9212538-03:00" endTime="2026-03-16T15:33:54.9212546-03:00" testType="13cdc9d9-ddb5-4fa4-a97d-d965ccfc6d4b" outcome="Passed" testListId="8c84fa94-04c1-424b-9868-57a2d4851a1d" relativeResultsDirectory="4750d4fb-d49e-461c-bbb5-db6d0cc8f6f4" />
    <UnitTestResult executionId="ff42fc1a-8c89-4965-8ab9-9a1e26bd01f8" testId="b79d9b91-5e7f-800e-4a17-02eb8f875319" testName="Sa.Unazul.Organization.Tests.Unit.Queries.Entities.ListEntitiesQueryHandlerTests.TP_ORG_06_01_List_ReturnsPagedResultWithCorrectMapping" computerName="SA-FBERTOLDI" duration="00:00:00.0025440" startTime="2026-03-16T15:33:54.9453067-03:00" endTime="2026-03-16T15:33:54.9453080-03:00" testType="13cdc9d9-ddb5-4fa4-a97d-d965ccfc6d4b" outcome="Passed" testListId="8c84fa94-04c1-424b-9868-57a2d4851a1d" relativeResultsDirectory="ff42fc1a-8c89-4965-8ab9-9a1e26bd01f8" />
    <UnitTestResult executionId="14396aa2-6060-46dc-a191-fae34d219ae7" testId="97e10ef8-6eea-0627-bc5b-833988e1ce65" testName="Sa.Unazul.Organization.Tests.Unit.Queries.Branches.ListBranchesByEntityQueryHandlerTests.Empty_List_Returns_Empty_Result" computerName="SA-FBERTOLDI" duration="00:00:00.0020996" startTime="2026-03-16T15:33:54.9502055-03:00" endTime="2026-03-16T15:33:54.9502058-03:00" testType="13cdc9d9-ddb5-4fa4-a97d-d965ccfc6d4b" outcome="Passed" testListId="8c84fa94-04c1-424b-9868-57a2d4851a1d" relativeResultsDirectory="14396aa2-6060-46dc-a191-fae34d219ae7" />
    <UnitTestResult executionId="013a234b-69f5-494c-b68f-3eb1f8845d2f" testId="760c1443-a839-b1dc-cf3e-9f0d5b10c495" testName="Sa.Unazul.Organization.Tests.Unit.Domain.EntityTests.TP_ORG_07_01_Create_WithValidData_ReturnsEntityWithCorrectFields" computerName="SA-FBERTOLDI" duration="00:00:00.0098465" startTime="2026-03-16T15:33:54.7269568-03:00" endTime="2026-03-16T15:33:54.7269579-03:00" testType="13cdc9d9-ddb5-4fa4-a97d-d965ccfc6d4b" outcome="Passed" testListId="8c84fa94-04c1-424b-9868-57a2d4851a1d" relativeResultsDirectory="013a234b-69f5-494c-b68f-3eb1f8845d2f" />
    <UnitTestResult executionId="4a330549-056e-4ac8-8dc3-ff343b9109dc" testId="731a745d-5795-2787-469e-f5c5af23077d" testName="Sa.Unazul.Organization.Tests.E2E.TenantEndpointsTests.TP_ORG_03_08_UpdateTenant_WithoutJwt_Returns401" computerName="SA-FBERTOLDI" duration="00:00:00.0145747" startTime="2026-03-16T15:34:00.6853501-03:00" endTime="2026-03-16T15:34:00.6853514-03:00" testType="13cdc9d9-ddb5-4fa4-a97d-d965ccfc6d4b" outcome="Passed" testListId="8c84fa94-04c1-424b-9868-57a2d4851a1d" relativeResultsDirectory="4a330549-056e-4ac8-8dc3-ff343b9109dc" />
    <UnitTestResult executionId="d61adf4d-bf2f-4736-bf9b-108c70b23f77" testId="284a7862-0be0-ce72-f999-2d417cd4add8" testName="Sa.Unazul.Organization.Tests.Unit.Commands.Tenants.DeleteTenantCommandHandlerTests.TP_ORG_05_02_Has_Entities_Throws_ORG_TENANT_HAS_ENTITIES" computerName="SA-FBERTOLDI" duration="00:00:00.0034738" startTime="2026-03-16T15:33:54.9307771-03:00" endTime="2026-03-16T15:33:54.9307775-03:00" testType="13cdc9d9-ddb5-4fa4-a97d-d965ccfc6d4b" outcome="Passed" testListId="8c84fa94-04c1-424b-9868-57a2d4851a1d" relativeResultsDirectory="d61adf4d-bf2f-4736-bf9b-108c70b23f77" />
    <UnitTestResult executionId="a86b50cf-ee28-479b-a8f3-472c3253c719" testId="e871130b-ae5e-b1a9-7532-37b337f59e6c" testName="Sa.Unazul.Organization.Tests.Unit.Queries.Branches.ListBranchesByEntityQueryHandlerTests.TP_ORG_10_08_Entity_Not_Found_Throws_ORG_ENTITY_NOT_FOUND" computerName="SA-FBERTOLDI" duration="00:00:00.0023140" startTime="2026-03-16T15:33:54.9538284-03:00" endTime="2026-03-16T15:33:54.9538288-03:00" testType="13cdc9d9-ddb5-4fa4-a97d-d965ccfc6d4b" outcome="Passed" testListId="8c84fa94-04c1-424b-9868-57a2d4851a1d" relativeResultsDirectory="a86b50cf-ee28-479b-a8f3-472c3253c719" />
  </Results>
  <TestDefinitions>
    <UnitTest name="Sa.Unazul.Organization.Tests.Unit.Commands.Tenants.CreateTenantCommandHandlerTests.TP_ORG_02_04_Verify_AddAsync_And_SaveChangesAsync_Called" storage="c:\00_proyectos\unazul\backend\sa.organization\sa.unazul.organization.tests\bin\debug\net9.0\sa.unazul.organization.tests.dll" id="21b791dd-5b7c-40cf-8613-e97eab7ab78f">
      <Execution id="970c469a-03aa-491a-9ffe-f67639a67781" />
      <TestMethod codeBase="C:\00_Proyectos\Unazul\Backend\SA.Organization\Sa.Unazul.Organization.Tests\bin\Debug\net9.0\Sa.Unazul.Organization.Tests.dll" adapterTypeName="executor://xunit/VsTestRunner2/netcoreapp" className="Sa.Unazul.Organization.Tests.Unit.Commands.Tenants.CreateTenantCommandHandlerTests" name="TP_ORG_02_04_Verify_AddAsync_And_SaveChangesAsync_Called" />
    </UnitTest>
    <UnitTest name="Sa.Unazul.Organization.Tests.Unit.Queries.Branches.ListBranchesByEntityQueryHandlerTests.TP_ORG_10_08_Entity_Not_Found_Throws_ORG_ENTITY_NOT_FOUND" storage="c:\00_proyectos\unazul\backend\sa.organization\sa.unazul.organization.tests\bin\debug\net9.0\sa.unazul.organization.tests.dll" id="e871130b-ae5e-b1a9-7532-37b337f59e6c">
      <Execution id="a86b50cf-ee28-479b-a8f3-472c3253c719" />
      <TestMethod codeBase="C:\00_Proyectos\Unazul\Backend\SA.Organization\Sa.Unazul.Organization.Tests\bin\Debug\net9.0\Sa.Unazul.Organization.Tests.dll" adapterTypeName="executor://xunit/VsTestRunner2/netcoreapp" className="Sa.Unazul.Organization.Tests.Unit.Queries.Branches.ListBranchesByEntityQueryHandlerTests" name="TP_ORG_10_08_Entity_Not_Found_Throws_ORG_ENTITY_NOT_FOUND" />
    </UnitTest>
[...]
    <TestEntry testId="ca338045-944f-ca40-7c24-dbafb290d061" executionId="5828148c-4cb8-426f-848a-de9f7e61408d" testListId="8c84fa94-04c1-424b-9868-57a2d4851a1d" />
    <TestEntry testId="66ab2d9a-1db0-61a6-5615-eaf4a7f7134d" executionId="4750d4fb-d49e-461c-bbb5-db6d0cc8f6f4" testListId="8c84fa94-04c1-424b-9868-57a2d4851a1d" />
    <TestEntry testId="b79d9b91-5e7f-800e-4a17-02eb8f875319" executionId="ff42fc1a-8c89-4965-8ab9-9a1e26bd01f8" testListId="8c84fa94-04c1-424b-9868-57a2d4851a1d" />
    <TestEntry testId="97e10ef8-6eea-0627-bc5b-833988e1ce65" executionId="14396aa2-6060-46dc-a191-fae34d219ae7" testListId="8c84fa94-04c1-424b-9868-57a2d4851a1d" />
    <TestEntry testId="760c1443-a839-b1dc-cf3e-9f0d5b10c495" executionId="013a234b-69f5-494c-b68f-3eb1f8845d2f" testListId="8c84fa94-04c1-424b-9868-57a2d4851a1d" />
    <TestEntry testId="731a745d-5795-2787-469e-f5c5af23077d" executionId="4a330549-056e-4ac8-8dc3-ff343b9109dc" testListId="8c84fa94-04c1-424b-9868-57a2d4851a1d" />
    <TestEntry testId="284a7862-0be0-ce72-f999-2d417cd4add8" executionId="d61adf4d-bf2f-4736-bf9b-108c70b23f77" testListId="8c84fa94-04c1-424b-9868-57a2d4851a1d" />
    <TestEntry testId="e871130b-ae5e-b1a9-7532-37b337f59e6c" executionId="a86b50cf-ee28-479b-a8f3-472c3253c719" testListId="8c84fa94-04c1-424b-9868-57a2d4851a1d" />
  </TestEntries>
  <TestLists>
    <TestList name="Resultados sin formato de lista" id="8c84fa94-04c1-424b-9868-57a2d4851a1d" />
    <TestList name="Todos los resultados cargados" id="19431567-8539-422a-85d7-44ee4e166bda" />
  </TestLists>
  <ResultSummary outcome="Completed">
    <Counters total="132" executed="132" passed="132" failed="0" error="0" timeout="0" aborted="0" inconclusive="0" passedButRunAborted="0" notRunnable="0" notExecuted="0" disconnected="0" warning="0" completed="0" inProgress="0" pending="0" />
    <Output>
      <StdOut>[xUnit.net 00:00:00.00] xUnit.net VSTest Adapter v2.8.2+699d445a1a (64-bit .NET 9.0.8)&#xD;
[xUnit.net 00:00:01.11]   Discovering: Sa.Unazul.Organization.Tests&#xD;
[xUnit.net 00:00:01.37]   Discovered:  Sa.Unazul.Organization.Tests&#xD;
[xUnit.net 00:00:01.38]   Starting:    Sa.Unazul.Organization.Tests&#xD;
     Warning:&#xD;
     The component "Fluent Assertions" is governed by the rules defined in the Xceed License Agreement and&#xD;
     the Xceed Fluent Assertions Community License. You may use Fluent Assertions free of charge for&#xD;
     non-commercial use only. An active subscription is required to use Fluent Assertions for commercial use.&#xD;
     Please contact Xceed Sales mailto:sales@xceed.com to acquire a subscription at a very low cost.&#xD;
     A paid commercial license supports the development and continued increasing support of&#xD;
     Fluent Assertions users under both commercial and community licenses. Help us&#xD;
     keep Fluent Assertions at the forefront of unit testing.&#xD;
     For more information, visit https://xceed.com/products/unit-testing/fluent-assertions/&#xD;
dbug: Microsoft.Extensions.Hosting.Internal.Host[1]&#xD;
      Hosting starting&#xD;
dbug: Microsoft.Extensions.Hosting.Internal.Host[1]&#xD;
      Hosting starting&#xD;
dbug: Microsoft.Extensions.Hosting.Internal.Host[1]&#xD;
      Hosting starting&#xD;
info: Microsoft.AspNetCore.DataProtection.KeyManagement.XmlKeyManager[63]&#xD;
      User profile is available. Using 'C:\Users\franc\AppData\Local\ASP.NET\DataProtection-Keys' as key repository and Windows DPAPI to encrypt keys at rest.&#xD;
info: Microsoft.AspNetCore.DataProtection.KeyManagement.XmlKeyManager[63]&#xD;
      User profile is available. Using 'C:\Users\franc\AppData\Local\ASP.NET\DataProtection-Keys' as key repository and Windows DPAPI to encrypt keys at rest.&#xD;
info: Microsoft.AspNetCore.DataProtection.KeyManagement.XmlKeyManager[63]&#xD;
      User profile is available. Using 'C:\Users\franc\AppData\Local\ASP.NET\DataProtection-Keys' as key repository and Windows DPAPI to encrypt keys at rest.&#xD;
dbug: MassTransit.Transports.BusDepot[0]&#xD;
      Starting bus instances: IBus&#xD;
dbug: MassTransit.Transports.BusDepot[0]&#xD;
      Starting bus instances: IBus&#xD;
dbug: MassTransit.Transports.BusDepot[0]&#xD;
      Starting bus instances: IBus&#xD;
dbug: MassTransit[0]&#xD;
      Starting bus: loopback://localhost/&#xD;
dbug: MassTransit[0]&#xD;
      Starting bus: loopback://localhost/&#xD;
dbug: MassTransit[0]&#xD;
      Starting bus: loopback://localhost/&#xD;
dbug: MassTransit[0]&#xD;
      Endpoint Ready: loopback://localhost/SAFBERTOLDI_testhost_bus_hdooyyreccrdiyd4bdxe8nwsdx&#xD;
dbug: MassTransit[0]&#xD;
      Endpoint Ready: loopback://localhost/SAFBERTOLDI_testhost_bus_hdooyyreccrdw7mebdxe8nwsdx&#xD;
info: MassTransit[0]&#xD;
      Bus started: loopback://localhost/&#xD;
info: MassTransit[0]&#xD;
      Bus started: loopback://localhost/&#xD;
dbug: Microsoft.Extensions.Hosting.Internal.Host[2]&#xD;
      Hosting started&#xD;
dbug: Microsoft.Extensions.Hosting.Internal.Host[2]&#xD;
      Hosting started&#xD;
dbug: MassTransit[0]&#xD;
      Endpoint Ready: loopback://localhost/SAFBERTOLDI_testhost_bus_hdooyyreccrdimotbdxe8nwsdp&#xD;
info: MassTransit[0]&#xD;
      Bus started: loopback://localhost/&#xD;
dbug: Microsoft.Extensions.Hosting.Internal.Host[2]&#xD;
      Hosting started&#xD;
info: Microsoft.AspNetCore.Hosting.Diagnostics[1]&#xD;
      Request starting HTTP/1.1 DELETE http://localhost/api/v1/entities/235e479d-aaac-4797-9ee4-c6ebce9b9773/branches/74c5c16f-e54c-4552-a24d-616b79737387 - - -&#xD;
info: Microsoft.AspNetCore.Hosting.Diagnostics[1]&#xD;
      Request starting HTTP/1.1 DELETE http://localhost/api/v1/tenants/cf6519cf-ffe5-4d12-9d8e-777be29f61de - - -&#xD;
info: Microsoft.AspNetCore.Hosting.Diagnostics[1]&#xD;
      Request starting HTTP/1.1 GET http://localhost/api/v1/entities/103b3aed-707d-49a9-8683-f27553ef3047 - - -&#xD;
info: Microsoft.AspNetCore.Authorization.DefaultAuthorizationService[2]&#xD;
      Authorization failed. These requirements were not met:&#xD;
      DenyAnonymousAuthorizationRequirement: Requires an authenticated user.&#xD;
info: Microsoft.AspNetCore.Authorization.DefaultAuthorizationService[2]&#xD;
      Authorization failed. These requirements were not met:&#xD;
      DenyAnonymousAuthorizationRequirement: Requires an authenticated user.&#xD;
info: Microsoft.AspNetCore.Authorization.DefaultAuthorizationService[2]&#xD;
      Authorization failed. These requirements were not met:&#xD;
      DenyAnonymousAuthorizationRequirement: Requires an authenticated user.&#xD;
info: Microsoft.AspNetCore.Authentication.JwtBearer.JwtBearerHandler[12]&#xD;
      AuthenticationScheme: Bearer was challenged.&#xD;
info: Microsoft.AspNetCore.Authentication.JwtBearer.JwtBearerHandler[12]&#xD;
      AuthenticationScheme: Bearer was challenged.&#xD;
info: Microsoft.AspNetCore.Authentication.JwtBearer.JwtBearerHandler[12]&#xD;
      AuthenticationScheme: Bearer was challenged.&#xD;
info: Microsoft.AspNetCore.Hosting.Diagnostics[2]&#xD;
      Request finished HTTP/1.1 DELETE http://localhost/api/v1/entities/235e479d-aaac-4797-9ee4-c6ebce9b9773/branches/74c5c16f-e54c-4552-a24d-616b79737387 - 401 - - 387.3587ms&#xD;
info: Microsoft.AspNetCore.Hosting.Diagnostics[2]&#xD;
      Request finished HTTP/1.1 GET http://localhost/api/v1/entities/103b3aed-707d-49a9-8683-f27553ef3047 - 401 - - 387.7185ms&#xD;
info: Microsoft.AspNetCore.Hosting.Diagnostics[2]&#xD;
      Request finished HTTP/1.1 DELETE http://localhost/api/v1/tenants/cf6519cf-ffe5-4d12-9d8e-777be29f61de - 401 - - 387.7209ms&#xD;
info: Microsoft.AspNetCore.Hosting.Diagnostics[1]&#xD;
      Request starting HTTP/1.1 GET http://localhost/api/v1/entities/export?format=xlsx - - -&#xD;
info: Microsoft.AspNetCore.Hosting.Diagnostics[1]&#xD;
      Request starting HTTP/1.1 GET http://localhost/api/v1/entities/48c3ca77-6d70-4306-ac1e-2728492391af/branches - - -&#xD;
info: Microsoft.AspNetCore.Authorization.DefaultAuthorizationService[2]&#xD;
      Authorization failed. These requirements were not met:&#xD;
      DenyAnonymousAuthorizationRequirement: Requires an authenticated user.&#xD;
info: Microsoft.AspNetCore.Authorization.DefaultAuthorizationService[2]&#xD;
      Authorization failed. These requirements were not met:&#xD;
      DenyAnonymousAuthorizationRequirement: Requires an authenticated user.&#xD;
info: Microsoft.AspNetCore.Authentication.JwtBearer.JwtBearerHandler[12]&#xD;
      AuthenticationScheme: Bearer was challenged.&#xD;
info: Microsoft.AspNetCore.Authentication.JwtBearer.JwtBearerHandler[12]&#xD;
      AuthenticationScheme: Bearer was challenged.&#xD;
info: Microsoft.AspNetCore.Hosting.Diagnostics[2]&#xD;
      Request finished HTTP/1.1 GET http://localhost/api/v1/entities/export?format=xlsx - 401 - - 11.0263ms&#xD;
info: Microsoft.AspNetCore.Hosting.Diagnostics[2]&#xD;
      Request finished HTTP/1.1 GET http://localhost/api/v1/entities/48c3ca77-6d70-4306-ac1e-2728492391af/branches - 401 - - 12.1062ms&#xD;
info: Microsoft.AspNetCore.Hosting.Diagnostics[1]&#xD;
      Request starting HTTP/1.1 DELETE http://localhost/api/v1/entities/168874bb-70a3-4f8d-a096-d2a1971aa9c0 - - -&#xD;
info: Microsoft.AspNetCore.Authorization.DefaultAuthorizationService[2]&#xD;
      Authorization failed. These requirements were not met:&#xD;
      DenyAnonymousAuthorizationRequirement: Requires an authenticated user.&#xD;
info: Microsoft.AspNetCore.Authentication.JwtBearer.JwtBearerHandler[12]&#xD;
      AuthenticationScheme: Bearer was challenged.&#xD;
info: Microsoft.AspNetCore.Hosting.Diagnostics[2]&#xD;
      Request finished HTTP/1.1 DELETE http://localhost/api/v1/entities/168874bb-70a3-4f8d-a096-d2a1971aa9c0 - 401 - - 42.6952ms&#xD;
info: Microsoft.AspNetCore.Hosting.Diagnostics[1]&#xD;
      Request starting HTTP/1.1 GET http://localhost/api/v1/entities - - -&#xD;
info: Microsoft.AspNetCore.Authorization.DefaultAuthorizationService[2]&#xD;
      Authorization failed. These requirements were not met:&#xD;
      DenyAnonymousAuthorizationRequirement: Requires an authenticated user.&#xD;
info: Microsoft.AspNetCore.Authentication.JwtBearer.JwtBearerHandler[12]&#xD;
      AuthenticationScheme: Bearer was challenged.&#xD;
info: Microsoft.AspNetCore.Hosting.Diagnostics[2]&#xD;
      Request finished HTTP/1.1 GET http://localhost/api/v1/entities - 401 - - 1.3345ms&#xD;
info: Microsoft.AspNetCore.Hosting.Diagnostics[1]&#xD;
      Request starting HTTP/1.1 POST http://localhost/api/v1/entities/fe8e342f-0df5-42ee-8532-a82ad833fcf6/branches - application/json;+charset=utf-8 47&#xD;
info: Microsoft.AspNetCore.Hosting.Diagnostics[1]&#xD;
      Request starting HTTP/1.1 POST http://localhost/api/v1/tenants - application/json;+charset=utf-8 62&#xD;
info: Microsoft.AspNetCore.Authorization.DefaultAuthorizationService[2]&#xD;
      Authorization failed. These requirements were not met:&#xD;
      DenyAnonymousAuthorizationRequirement: Requires an authenticated user.&#xD;
info: Microsoft.AspNetCore.Authentication.JwtBearer.JwtBearerHandler[12]&#xD;
      AuthenticationScheme: Bearer was challenged.&#xD;
info: Microsoft.AspNetCore.Hosting.Diagnostics[2]&#xD;
      Request finished HTTP/1.1 POST http://localhost/api/v1/entities/fe8e342f-0df5-42ee-8532-a82ad833fcf6/branches - 401 - - 8.2087ms&#xD;
info: Microsoft.AspNetCore.Authorization.DefaultAuthorizationService[2]&#xD;
      Authorization failed. These requirements were not met:&#xD;
      DenyAnonymousAuthorizationRequirement: Requires an authenticated user.&#xD;
info: Microsoft.AspNetCore.Authentication.JwtBearer.JwtBearerHandler[12]&#xD;
      AuthenticationScheme: Bearer was challenged.&#xD;
info: Microsoft.AspNetCore.Hosting.Diagnostics[2]&#xD;
      Request finished HTTP/1.1 POST http://localhost/api/v1/tenants - 401 - - 10.5691ms&#xD;
info: Microsoft.AspNetCore.Hosting.Diagnostics[1]&#xD;
      Request starting HTTP/1.1 POST http://localhost/api/v1/entities - application/json;+charset=utf-8 120&#xD;
info: Microsoft.AspNetCore.Authorization.DefaultAuthorizationService[2]&#xD;
      Authorization failed. These requirements were not met:&#xD;
      DenyAnonymousAuthorizationRequirement: Requires an authenticated user.&#xD;
info: Microsoft.AspNetCore.Authentication.JwtBearer.JwtBearerHandler[12]&#xD;
      AuthenticationScheme: Bearer was challenged.&#xD;
info: Microsoft.AspNetCore.Hosting.Diagnostics[2]&#xD;
      Request finished HTTP/1.1 POST http://localhost/api/v1/entities - 401 - - 1.8661ms&#xD;
info: Microsoft.AspNetCore.Hosting.Diagnostics[1]&#xD;
      Request starting HTTP/1.1 GET http://localhost/api/v1/tenants/export?format=xlsx - - -&#xD;
info: Microsoft.AspNetCore.Hosting.Diagnostics[1]&#xD;
      Request starting HTTP/1.1 PUT http://localhost/api/v1/entities/5f684258-fa43-4472-b679-657c76be5c9b/branches/bf75a826-6dc7-44fc-a9de-67bca13a5db4 - application/json;+charset=utf-8 31&#xD;
info: Microsoft.AspNetCore.Authorization.DefaultAuthorizationService[2]&#xD;
      Authorization failed. These requirements were not met:&#xD;
      DenyAnonymousAuthorizationRequirement: Requires an authenticated user.&#xD;
info: Microsoft.AspNetCore.Authentication.JwtBearer.JwtBearerHandler[12]&#xD;
      AuthenticationScheme: Bearer was challenged.&#xD;
info: Microsoft.AspNetCore.Hosting.Diagnostics[2]&#xD;
      Request finished HTTP/1.1 PUT http://localhost/api/v1/entities/5f684258-fa43-4472-b679-657c76be5c9b/branches/bf75a826-6dc7-44fc-a9de-67bca13a5db4 - 401 - - 5.8918ms&#xD;
info: Microsoft.AspNetCore.Authorization.DefaultAuthorizationService[2]&#xD;
      Authorization failed. These requirements were not met:&#xD;
      DenyAnonymousAuthorizationRequirement: Requires an authenticated user.&#xD;
info: Microsoft.AspNetCore.Authentication.JwtBearer.JwtBearerHandler[12]&#xD;
      AuthenticationScheme: Bearer was challenged.&#xD;
info: Microsoft.AspNetCore.Hosting.Diagnostics[2]&#xD;
      Request finished HTTP/1.1 GET http://localhost/api/v1/tenants/export?format=xlsx - 401 - - 11.7013ms&#xD;
info: Microsoft.AspNetCore.Hosting.Diagnostics[1]&#xD;
      Request starting HTTP/1.1 PUT http://localhost/api/v1/entities/21afc9cf-5596-4369-aa82-99e3c530a986 - application/json;+charset=utf-8 47&#xD;
info: Microsoft.AspNetCore.Authorization.DefaultAuthorizationService[2]&#xD;
      Authorization failed. These requirements were not met:&#xD;
      DenyAnonymousAuthorizationRequirement: Requires an authenticated user.&#xD;
info: Microsoft.AspNetCore.Authentication.JwtBearer.JwtBearerHandler[12]&#xD;
      AuthenticationScheme: Bearer was challenged.&#xD;
info: Microsoft.AspNetCore.Hosting.Diagnostics[2]&#xD;
      Request finished HTTP/1.1 PUT http://localhost/api/v1/entities/21afc9cf-5596-4369-aa82-99e3c530a986 - 401 - - 1.1521ms&#xD;
info: Microsoft.AspNetCore.Hosting.Diagnostics[1]&#xD;
      Request starting HTTP/1.1 GET http://localhost/api/v1/tenants - - -&#xD;
info: Microsoft.AspNetCore.Authorization.DefaultAuthorizationService[2]&#xD;
      Authorization failed. These requirements were not met:&#xD;
      DenyAnonymousAuthorizationRequirement: Requires an authenticated user.&#xD;
dbug: Microsoft.Extensions.Hosting.Internal.Host[3]&#xD;
      Hosting stopping&#xD;
info: Microsoft.AspNetCore.Authentication.JwtBearer.JwtBearerHandler[12]&#xD;
      AuthenticationScheme: Bearer was challenged.&#xD;
info: Microsoft.AspNetCore.Hosting.Diagnostics[2]&#xD;
      Request finished HTTP/1.1 GET http://localhost/api/v1/tenants - 401 - - 1.2667ms&#xD;
dbug: Microsoft.Extensions.Hosting.Internal.Host[3]&#xD;
      Hosting stopping&#xD;
dbug: Microsoft.Extensions.Hosting.Internal.Host[3]&#xD;
      Hosting stopping&#xD;
dbug: Microsoft.Extensions.Hosting.Internal.Host[3]&#xD;
      Hosting stopping&#xD;
dbug: MassTransit.Transports.BusDepot[0]&#xD;
      Stopping bus instances: IBus&#xD;
dbug: MassTransit.Transports.BusDepot[0]&#xD;
      Stopping bus instances: IBus&#xD;
dbug: Microsoft.Extensions.Hosting.Internal.Host[4]&#xD;
      Hosting stopped&#xD;
dbug: Microsoft.Extensions.Hosting.Internal.Host[4]&#xD;
      Hosting stopped&#xD;
dbug: MassTransit[0]&#xD;
      Stopping bus: loopback://localhost/&#xD;
dbug: MassTransit[0]&#xD;
      Stopping bus: loopback://localhost/&#xD;
info: Microsoft.AspNetCore.Hosting.Diagnostics[1]&#xD;
      Request starting HTTP/1.1 PUT http://localhost/api/v1/tenants/10a482ec-8c67-4d62-bbaa-82c126f64795 - application/json;+charset=utf-8 33&#xD;
info: Microsoft.AspNetCore.Authorization.DefaultAuthorizationService[2]&#xD;
      Authorization failed. These requirements were not met:&#xD;
      DenyAnonymousAuthorizationRequirement: Requires an authenticated user.&#xD;
info: Microsoft.AspNetCore.Authentication.JwtBearer.JwtBearerHandler[12]&#xD;
      AuthenticationScheme: Bearer was challenged.&#xD;
info: Microsoft.AspNetCore.Hosting.Diagnostics[2]&#xD;
      Request finished HTTP/1.1 PUT http://localhost/api/v1/tenants/10a482ec-8c67-4d62-bbaa-82c126f64795 - 401 - - 1.8291ms&#xD;
dbug: MassTransit[0]&#xD;
      Endpoint Stopping: loopback://localhost/SAFBERTOLDI_testhost_bus_hdooyyreccrdiyd4bdxe8nwsdx&#xD;
dbug: MassTransit[0]&#xD;
      Endpoint Stopping: loopback://localhost/SAFBERTOLDI_testhost_bus_hdooyyreccrdw7mebdxe8nwsdx&#xD;
info: Microsoft.AspNetCore.Hosting.Diagnostics[1]&#xD;
      Request starting HTTP/1.1 GET http://localhost/api/v1/tenants/e1405e66-0485-4bd0-bfa3-5b8315d0e2e2 - - -&#xD;
info: Microsoft.AspNetCore.Authorization.DefaultAuthorizationService[2]&#xD;
      Authorization failed. These requirements were not met:&#xD;
      DenyAnonymousAuthorizationRequirement: Requires an authenticated user.&#xD;
info: Microsoft.AspNetCore.Authentication.JwtBearer.JwtBearerHandler[12]&#xD;
      AuthenticationScheme: Bearer was challenged.&#xD;
info: Microsoft.AspNetCore.Hosting.Diagnostics[2]&#xD;
      Request finished HTTP/1.1 GET http://localhost/api/v1/tenants/e1405e66-0485-4bd0-bfa3-5b8315d0e2e2 - 401 - - 1.9643ms&#xD;
dbug: Microsoft.Extensions.Hosting.Internal.Host[3]&#xD;
      Hosting stopping&#xD;
dbug: Microsoft.Extensions.Hosting.Internal.Host[3]&#xD;
      Hosting stopping&#xD;
dbug: MassTransit.Transports.BusDepot[0]&#xD;
      Stopping bus instances: IBus&#xD;
dbug: MassTransit[0]&#xD;
      Stopping bus: loopback://localhost/&#xD;
dbug: MassTransit[0]&#xD;
      Endpoint Stopping: loopback://localhost/SAFBERTOLDI_testhost_bus_hdooyyreccrdimotbdxe8nwsdp&#xD;
dbug: Microsoft.Extensions.Hosting.Internal.Host[4]&#xD;
      Hosting stopped&#xD;
dbug: MassTransit[0]&#xD;
      Endpoint Completed: loopback://localhost/SAFBERTOLDI_testhost_bus_hdooyyreccrdimotbdxe8nwsdp&#xD;
dbug: MassTransit[0]&#xD;
      Endpoint Completed: loopback://localhost/SAFBERTOLDI_testhost_bus_hdooyyreccrdiyd4bdxe8nwsdx&#xD;
dbug: MassTransit[0]&#xD;
      Endpoint Completed: loopback://localhost/SAFBERTOLDI_testhost_bus_hdooyyreccrdw7mebdxe8nwsdx&#xD;
dbug: MassTransit.Messages[0]&#xD;
      Consumer Completed: loopback://localhost/SAFBERTOLDI_testhost_bus_hdooyyreccrdimotbdxe8nwsdp: 0 received, 0 concurrent&#xD;
dbug: MassTransit.Messages[0]&#xD;
      Consumer Completed: loopback://localhost/SAFBERTOLDI_testhost_bus_hdooyyreccrdiyd4bdxe8nwsdx: 0 received, 0 concurrent&#xD;
dbug: MassTransit.Messages[0]&#xD;
      Consumer Completed: loopback://localhost/SAFBERTOLDI_testhost_bus_hdooyyreccrdw7mebdxe8nwsdx: 0 received, 0 concurrent&#xD;
info: MassTransit[0]&#xD;
      Bus stopped: loopback://localhost/&#xD;
info: MassTransit[0]&#xD;
      Bus stopped: loopback://localhost/&#xD;
info: MassTransit[0]&#xD;
      Bus stopped: loopback://localhost/&#xD;
dbug: Microsoft.Extensions.Hosting.Internal.Host[4]&#xD;
      Hosting stopped&#xD;
dbug: Microsoft.Extensions.Hosting.Internal.Host[4]&#xD;
      Hosting stopped&#xD;
dbug: Microsoft.Extensions.Hosting.Internal.Host[4]&#xD;
      Hosting stopped&#xD;
[xUnit.net 00:00:07.66]   Finished:    Sa.Unazul.Organization.Tests&#xD;
</StdOut>
    </Output>
  </ResultSummary>
</TestRun>