<?xml version="1.0" encoding="utf-8"?>
<TestRun id="dfac8bc6-f57e-449a-bd4a-b06e6552600f" name="franc@SA-FBERTOLDI 2026-03-16 15:30:18" runUser="SA-FBERTOLDI\franc" xmlns="http://microsoft.com/schemas/VisualStudio/TeamTest/2010">
  <Times creation="2026-03-16T15:30:18.9485144-03:00" queuing="2026-03-16T15:30:18.9485152-03:00" start="2026-03-16T15:30:16.6763377-03:00" finish="2026-03-16T15:30:30.0450173-03:00" />
  <TestSettings name="default" id="d4be1f90-deeb-4d18-be1d-b5d7c5ca6e08">
    <Deployment runDeploymentRoot="franc_SA-FBERTOLDI_2026-03-16_15_30_18" />
  </TestSettings>
  <Results>
    <UnitTestResult executionId="c2d503cf-1aa5-477e-93a8-709411387e0e" testId="9322c71a-5a8d-59e3-526c-bbbb27d4b8cf" testName="Sa.Unazul.Organization.Tests.Unit.Domain.EntityTests.EntityChannel_Create_WorksWithAllChannelTypes(channelType: Presencial)" computerName="SA-FBERTOLDI" duration="00:00:00.0011725" startTime="2026-03-16T15:30:18.8921721-03:00" endTime="2026-03-16T15:30:18.8921727-03:00" testType="13cdc9d9-ddb5-4fa4-a97d-d965ccfc6d4b" outcome="Passed" testListId="8c84fa94-04c1-424b-9868-57a2d4851a1d" relativeResultsDirectory="c2d503cf-1aa5-477e-93a8-709411387e0e" />
    <UnitTestResult executionId="ff3bbdec-9dc9-493f-9361-213ad47f2d4e" testId="051be15d-61e9-6e0d-8d7f-58ee2d51b0d4" testName="Sa.Unazul.Organization.Tests.Unit.Queries.Tenants.ListTenantsQueryHandlerTests.TP_ORG_01_03_Status_Filter_Passed_Through" computerName="SA-FBERTOLDI" duration="00:00:00.0058548" startTime="2026-03-16T15:30:18.8455976-03:00" endTime="2026-03-16T15:30:18.8455981-03:00" testType="13cdc9d9-ddb5-4fa4-a97d-d965ccfc6d4b" outcome="Passed" testListId="8c84fa94-04c1-424b-9868-57a2d4851a1d" relativeResultsDirectory="ff3bbdec-9dc9-493f-9361-213ad47f2d4e" />
    <UnitTestResult executionId="f546fcaa-ad37-4e9f-a866-7dc19a93d4c2" testId="39c99e13-c22c-9545-8d3c-1af365afa96a" testName="Sa.Unazul.Organization.Tests.Unit.Commands.Tenants.CreateTenantCommandHandlerTests.TP_ORG_02_03_Duplicate_Identifier_Throws_ORG_DUPLICATE_IDENTIFIER" computerName="SA-FBERTOLDI" duration="00:00:00.0014561" startTime="2026-03-16T15:30:18.9022274-03:00" endTime="2026-03-16T15:30:18.9022275-03:00" testType="13cdc9d9-ddb5-4fa4-a97d-d965ccfc6d4b" outcome="Passed" testListId="8c84fa94-04c1-424b-9868-57a2d4851a1d" relativeResultsDirectory="f546fcaa-ad37-4e9f-a866-7dc19a93d4c2" />
    <UnitTestResult executionId="7f564348-fd98-4075-af1f-45bf2be9e663" testId="8f2fb08b-e4e2-8267-f1c2-4848d42c9f04" testName="Sa.Unazul.Organization.Tests.Unit.Commands.Entities.UpdateEntityCommandHandlerTests.Update_NullChannels_ChannelDiffSkipped" computerName="SA-FBERTOLDI" duration="00:00:00.0080024" startTime="2026-03-16T15:30:18.8483566-03:00" endTime="2026-03-16T15:30:18.8483575-03:00" testType="13cdc9d9-ddb5-4fa4-a97d-d965ccfc6d4b" outcome="Passed" testListId="8c84fa94-04c1-424b-9868-57a2d4851a1d" relativeResultsDirectory="7f564348-fd98-4075-af1f-45bf2be9e663" />
    <UnitTestResult executionId="77f9c2a1-66e9-4c98-9967-fbe41bb4c8b4" testId="ca338045-944f-ca40-7c24-dbafb290d061" testName="Sa.Unazul.Organization.Tests.Unit.Commands.Tenants.CreateTenantValidationTests.TP_ORG_02_06b_Create_With_Various_Invalid_Statuses_Throws(invalidStatus: &quot;deleted&quot;)" computerName="SA-FBERTOLDI" duration="00:00:00.0028115" startTime="2026-03-16T15:30:18.8848597-03:00" endTime="2026-03-16T15:30:18.8848597-03:00" testType="13cdc9d9-ddb5-4fa4-a97d-d965ccfc6d4b" outcome="Passed" testListId="8c84fa94-04c1-424b-9868-57a2d4851a1d" relativeResultsDirectory="77f9c2a1-66e9-4c98-9967-fbe41bb4c8b4" />
    <UnitTestResult executionId="acae2a2b-e84e-4972-95eb-065182e7facc" testId="56750096-1974-ca69-2b5d-5a75e5bcd48c" testName="Sa.Unazul.Organization.Tests.Unit.Commands.Branches.BranchCodeValidationTests.TP_ORG_10_02b_Update_Branch_Changes_All_Fields" computerName="SA-FBERTOLDI" duration="00:00:00.0039162" startTime="2026-03-16T15:30:18.8398756-03:00" endTime="2026-03-16T15:30:18.8398757-03:00" testType="13cdc9d9-ddb5-4fa4-a97d-d965ccfc6d4b" outcome="Passed" testListId="8c84fa94-04c1-424b-9868-57a2d4851a1d" relativeResultsDirectory="acae2a2b-e84e-4972-95eb-065182e7facc" />
    <UnitTestResult executionId="c3495c48-958f-40df-ae67-52f1fcd0c62f" testId="760c1443-a839-b1dc-cf3e-9f0d5b10c495" testName="Sa.Unazul.Organization.Tests.Unit.Domain.EntityTests.TP_ORG_07_01_Create_WithValidData_ReturnsEntityWithCorrectFields" computerName="SA-FBERTOLDI" duration="00:00:00.0021032" startTime="2026-03-16T15:30:18.8946829-03:00" endTime="2026-03-16T15:30:18.8946838-03:00" testType="13cdc9d9-ddb5-4fa4-a97d-d965ccfc6d4b" outcome="Passed" testListId="8c84fa94-04c1-424b-9868-57a2d4851a1d" relativeResultsDirectory="c3495c48-958f-40df-ae67-52f1fcd0c62f" />
    <UnitTestResult executionId="dbeb84c9-79fe-44c7-bfa7-1e643ee590e7" testId="65ca998d-d1d7-4972-9325-071735ee7262" testName="Sa.Unazul.Organization.Tests.Unit.Domain.EntityTests.TP_ORG_07_03_Update_ChangesFieldsAndUpdatedAt" computerName="SA-FBERTOLDI" duration="00:00:00.0003382" startTime="2026-03-16T15:30:18.8965014-03:00" endTime="2026-03-16T15:30:18.8965017-03:00" testType="13cdc9d9-ddb5-4fa4-a97d-d965ccfc6d4b" outcome="Passed" testListId="8c84fa94-04c1-424b-9868-57a2d4851a1d" relativeResultsDirectory="dbeb84c9-79fe-44c7-bfa7-1e643ee590e7" />
    <UnitTestResult executionId="835d3d6d-4639-454b-a95f-800c1649f312" testId="4a4a1ea5-5ddc-016f-06a1-4b49beebe731" testName="Sa.Unazul.Organization.Tests.E2E.EntityEndpointsTests.TP_ORG_07_15_CreateEntity_WithoutJwt_Returns401" computerName="SA-FBERTOLDI" duration="00:00:00.1660134" startTime="2026-03-16T15:30:28.3280147-03:00" endTime="2026-03-16T15:30:28.3280150-03:00" testType="13cdc9d9-ddb5-4fa4-a97d-d965ccfc6d4b" outcome="Passed" testListId="8c84fa94-04c1-424b-9868-57a2d4851a1d" relativeResultsDirectory="835d3d6d-4639-454b-a95f-800c1649f312" />
    <UnitTestResult executionId="1fd0a668-4868-450f-a019-e1487bac9bdb" testId="6afc21bf-cb6f-a232-5d5f-bed2e19cc3ae" testName="Sa.Unazul.Organization.Tests.Unit.Commands.Entities.CreateEntityValidationTests.TP_ORG_07_08b_Create_With_Various_Invalid_CuitFormats_Throws(invalidCuit: &quot;20-1234567-1&quot;)" computerName="SA-FBERTOLDI" duration="00:00:00.0002552" startTime="2026-03-16T15:30:18.8647144-03:00" endTime="2026-03-16T15:30:18.8647147-03:00" testType="13cdc9d9-ddb5-4fa4-a97d-d965ccfc6d4b" outcome="Passed" testListId="8c84fa94-04c1-424b-9868-57a2d4851a1d" relativeResultsDirectory="1fd0a668-4868-450f-a019-e1487bac9bdb" />
    <UnitTestResult executionId="6a902361-780c-4ebe-8bbc-a0d23f4ef961" testId="13ff30b5-41a1-5122-8e00-b1113376afea" testName="Sa.Unazul.Organization.Tests.Unit.Commands.Branches.CreateBranchCommandHandlerTests.TP_ORG_10_08_Entity_Not_Found_Throws_ORG_ENTITY_NOT_FOUND" computerName="SA-FBERTOLDI" duration="00:00:00.0017789" startTime="2026-03-16T15:30:18.8563729-03:00" endTime="2026-03-16T15:30:18.8563731-03:00" testType="13cdc9d9-ddb5-4fa4-a97d-d965ccfc6d4b" outcome="Passed" testListId="8c84fa94-04c1-424b-9868-57a2d4851a1d" relativeResultsDirectory="6a902361-780c-4ebe-8bbc-a0d23f4ef961" />
    <UnitTestResult executionId="1581be81-4c8c-4a93-bc60-76e7f17e3f0b" testId="82cffd2d-bdf5-fbfd-bb8b-8f51870887ed" testName="Sa.Unazul.Organization.Tests.Unit.Domain.EntityTests.EntityChannel_Create_WorksWithAllChannelTypes(channelType: IaAgent)" computerName="SA-FBERTOLDI" duration="00:00:00.0000064" startTime="2026-03-16T15:30:18.8932906-03:00" endTime="2026-03-16T15:30:18.8932907-03:00" testType="13cdc9d9-ddb5-4fa4-a97d-d965ccfc6d4b" outcome="Passed" testListId="8c84fa94-04c1-424b-9868-57a2d4851a1d" relativeResultsDirectory="1581be81-4c8c-4a93-bc60-76e7f17e3f0b" />
    <UnitTestResult executionId="80f30ad7-778f-42ff-992e-cfafae544c4b" testId="ea775488-52ce-3a28-79d6-c39d2eaa23e7" testName="Sa.Unazul.Organization.Tests.Unit.Commands.Entities.UpdateEntityChannelDiffTests.TP_ORG_07_06b_ChannelDiff_DuplicatesInNewList_AreDeduped" computerName="SA-FBERTOLDI" duration="00:00:00.0013078" startTime="2026-03-16T15:30:18.8847494-03:00" endTime="2026-03-16T15:30:18.8847502-03:00" testType="13cdc9d9-ddb5-4fa4-a97d-d965ccfc6d4b" outcome="Passed" testListId="8c84fa94-04c1-424b-9868-57a2d4851a1d" relativeResultsDirectory="80f30ad7-778f-42ff-992e-cfafae544c4b" />
    <UnitTestResult executionId="85a248ff-c5be-420d-9b71-51f51cdb239f" testId="72979e48-68a9-3e3d-9892-c7b926f57a3c" testName="Sa.Unazul.Organization.Tests.Unit.Queries.Tenants.GetTenantDetailQueryHandlerTests.TP_ORG_04_03_Entity_Count_Of_Zero_Works" computerName="SA-FBERTOLDI" duration="00:00:00.0057488" startTime="2026-03-16T15:30:18.8764575-03:00" endTime="2026-03-16T15:30:18.8764577-03:00" testType="13cdc9d9-ddb5-4fa4-a97d-d965ccfc6d4b" outcome="Passed" testListId="8c84fa94-04c1-424b-9868-57a2d4851a1d" relativeResultsDirectory="85a248ff-c5be-420d-9b71-51f51cdb239f" />
    <UnitTestResult executionId="e18e2342-5ce6-4c66-9ce3-2935bbf5e5b9" testId="b5cd1e3c-bfa3-8771-d7bd-d6261451e3ba" testName="Sa.Unazul.Organization.Tests.Unit.Commands.Tenants.CreateTenantValidationTests.TP_ORG_02_01b_Create_With_All_Optional_Fields_Returns_TenantDto" computerName="SA-FBERTOLDI" duration="00:00:00.0012380" startTime="2026-03-16T15:30:18.8908693-03:00" endTime="2026-03-16T15:30:18.8908694-03:00" testType="13cdc9d9-ddb5-4fa4-a97d-d965ccfc6d4b" outcome="Passed" testListId="8c84fa94-04c1-424b-9868-57a2d4851a1d" relativeResultsDirectory="e18e2342-5ce6-4c66-9ce3-2935bbf5e5b9" />
    <UnitTestResult executionId="988d2c02-e223-4695-9cbb-6d09e5ccbafa" testId="bd3e5eab-bea9-8d3e-3572-5d67522f264f" testName="Sa.Unazul.Organization.Tests.E2E.EntityEndpointsTests.TP_ORG_08_08_GetEntityDetail_WithoutJwt_Returns401" computerName="SA-FBERTOLDI" duration="00:00:00.0010000" startTime="2026-03-16T15:30:28.5033410-03:00" endTime="2026-03-16T15:30:28.5033411-03:00" testType="13cdc9d9-ddb5-4fa4-a97d-d965ccfc6d4b" outcome="Failed" testListId="8c84fa94-04c1-424b-9868-57a2d4851a1d" relativeResultsDirectory="988d2c02-e223-4695-9cbb-6d09e5ccbafa">
      <Output>
        <ErrorInfo>
          <Message>[Test Class Cleanup Failure (Sa.Unazul.Organization.Tests.E2E.EntityEndpointsTests)]: System.AggregateException : An error occurred while writing to logger(s). (Cannot access a disposed object.&#xD;
Object name: 'EventLogInternal'.)&#xD;
---- System.ObjectDisposedException : Cannot access a disposed object.&#xD;
Object name: 'EventLogInternal'.</Message>
          <StackTrace>   at Microsoft.Extensions.Logging.Logger.ThrowLoggingError(List`1 exceptions)&#xD;
   at Microsoft.Extensions.Logging.Logger.Log[TState](LogLevel logLevel, EventId eventId, TState state, Exception exception, Func`3 formatter)&#xD;
   at Microsoft.Extensions.Logging.LoggerExtensions.Log(ILogger logger, LogLevel logLevel, EventId eventId, Exception exception, String message, Object[] args)&#xD;
   at Microsoft.Extensions.Logging.LoggerExtensions.Log(ILogger logger, LogLevel logLevel, String message, Object[] args)&#xD;
   at MassTransit.Logging.EnabledLogger.Log(String message, Object[] args) in /_/src/MassTransit/Logging/EnabledLogger.cs:line 21&#xD;
   at MassTransit.MassTransitBus.StopAsync(CancellationToken cancellationToken) in /_/src/MassTransit/MassTransitBus.cs:line 259&#xD;
   at MassTransit.MassTransitHostedService.StopAsync(CancellationToken cancellationToken) in /_/src/MassTransit/MassTransitHostedService.cs:line 59&#xD;
   at Microsoft.Extensions.Hosting.Internal.Host.ForeachService[T](IEnumerable`1 services, CancellationToken token, Boolean concurrent, Boolean abortOnFirstException, List`1 exceptions, Func`3 operation)&#xD;
   at Microsoft.Extensions.Hosting.Internal.Host.StopAsync(CancellationToken cancellationToken)&#xD;
   at Microsoft.AspNetCore.Mvc.Testing.WebApplicationFactory`1.DisposeAsync()&#xD;
   at Microsoft.AspNetCore.Mvc.Testing.WebApplicationFactory`1.Dispose(Boolean disposing)&#xD;
   at Microsoft.AspNetCore.Mvc.Testing.WebApplicationFactory`1.Dispose()&#xD;
----- Inner Stack Trace -----&#xD;
   at System.Diagnostics.EventLogInternal.OpenForWrite(String currentMachineName)&#xD;
   at System.Diagnostics.EventLogInternal.InternalWriteEvent(UInt32 eventID, UInt16 category, EventLogEntryType type, String[] strings, Byte[] rawData, String currentMachineName)&#xD;
   at System.Diagnostics.EventLogInternal.WriteEvent(EventInstance instance, Byte[] data, Object[] values)&#xD;
   at Microsoft.Extensions.Logging.EventLog.WindowsEventLog.WriteEntry(String message, EventLogEntryType type, Int32 eventID, Int16 category)&#xD;
   at Microsoft.Extensions.Logging.EventLog.EventLogLogger.WriteMessage(String message, EventLogEntryType eventLogEntryType, Int32 eventId)&#xD;
   at Microsoft.Extensions.Logging.EventLog.EventLogLogger.Log[TState](LogLevel logLevel, EventId eventId, TState state, Exception exception, Func`3 formatter)&#xD;
   at Microsoft.Extensions.Logging.Logger.&lt;Log&gt;g__LoggerLog|14_0[TState](LogLevel logLevel, EventId eventId, ILogger logger, Exception exception, Func`3 formatter, List`1&amp; exceptions, TState&amp; state)</StackTrace>
        </ErrorInfo>
      </Output>
    </UnitTestResult>
    <UnitTestResult executionId="9ba300e0-f24b-4249-859c-c93ce398a18e" testId="bcdd2d9d-4081-1229-60ca-4ec144e06742" testName="Sa.Unazul.Organization.Tests.Unit.Commands.Branches.DeleteBranchCommandHandlerTests.TP_ORG_10_03_Successful_Deletion_Calls_DeleteAsync_SaveChanges_And_Publish" computerName="SA-FBERTOLDI" duration="00:00:00.0015307" startTime="2026-03-16T15:30:18.8400478-03:00" endTime="2026-03-16T15:30:18.8400479-03:00" testType="13cdc9d9-ddb5-4fa4-a97d-d965ccfc6d4b" outcome="Passed" testListId="8c84fa94-04c1-424b-9868-57a2d4851a1d" relativeResultsDirectory="9ba300e0-f24b-4249-859c-c93ce398a18e" />
    <UnitTestResult executionId="b0d58785-9d76-427c-90ec-38297f9148b6" testId="21b791dd-5b7c-40cf-8613-e97eab7ab78f" testName="Sa.Unazul.Organization.Tests.Unit.Commands.Tenants.CreateTenantCommandHandlerTests.TP_ORG_02_04_Verify_AddAsync_And_SaveChangesAsync_Called" computerName="SA-FBERTOLDI" duration="00:00:00.0010077" startTime="2026-03-16T15:30:18.9009130-03:00" endTime="2026-03-16T15:30:18.9009131-03:00" testType="13cdc9d9-ddb5-4fa4-a97d-d965ccfc6d4b" outcome="Passed" testListId="8c84fa94-04c1-424b-9868-57a2d4851a1d" relativeResultsDirectory="b0d58785-9d76-427c-90ec-38297f9148b6" />
    <UnitTestResult executionId="15221b71-d96e-4c2a-8a61-51b5f1006c30" testId="b4e8a8c5-bcce-baa0-94ea-38f0ca272c22" testName="Sa.Unazul.Organization.Tests.Unit.Queries.Tenants.GetTenantDetailQueryHandlerTests.TP_ORG_04_01_Returns_Complete_Detail_With_Entity_Count" computerName="SA-FBERTOLDI" duration="00:00:00.0030501" startTime="2026-03-16T15:30:18.8797162-03:00" endTime="2026-03-16T15:30:18.8797163-03:00" testType="13cdc9d9-ddb5-4fa4-a97d-d965ccfc6d4b" outcome="Passed" testListId="8c84fa94-04c1-424b-9868-57a2d4851a1d" relativeResultsDirectory="15221b71-d96e-4c2a-8a61-51b5f1006c30" />
    <UnitTestResult executionId="4b0ff1f6-a784-40d8-9953-6e9336478fcc" testId="b79d9b91-5e7f-800e-4a17-02eb8f875319" testName="Sa.Unazul.Organization.Tests.Unit.Queries.Entities.ListEntitiesQueryHandlerTests.TP_ORG_06_01_List_ReturnsPagedResultWithCorrectMapping" computerName="SA-FBERTOLDI" duration="00:00:00.0022283" startTime="2026-03-16T15:30:18.8665773-03:00" endTime="2026-03-16T15:30:18.8665777-03:00" testType="13cdc9d9-ddb5-4fa4-a97d-d965ccfc6d4b" outcome="Passed" testListId="8c84fa94-04c1-424b-9868-57a2d4851a1d" relativeResultsDirectory="4b0ff1f6-a784-40d8-9953-6e9336478fcc" />
    <UnitTestResult executionId="cf2f7197-cef8-47a5-b1c5-adf69858a16b" testId="e5f4e995-a28d-460b-8531-4b3e47a202c7" testName="Sa.Unazul.Organization.Tests.Unit.Commands.Branches.DeleteBranchCommandHandlerTests.TP_ORG_10_06_BranchDeletedEvent_Published_With_Correct_Fields" computerName="SA-FBERTOLDI" duration="00:00:00.1800405" startTime="2026-03-16T15:30:18.8140718-03:00" endTime="2026-03-16T15:30:18.8140722-03:00" testType="13cdc9d9-ddb5-4fa4-a97d-d965ccfc6d4b" outcome="Passed" testListId="8c84fa94-04c1-424b-9868-57a2d4851a1d" relativeResultsDirectory="cf2f7197-cef8-47a5-b1c5-adf69858a16b" />
    <UnitTestResult executionId="849863e0-7bdd-4fdf-acea-ae54b3df3627" testId="bd3e5eab-bea9-8d3e-3572-5d67522f264f" testName="Sa.Unazul.Organization.Tests.E2E.EntityEndpointsTests.TP_ORG_08_08_GetEntityDetail_WithoutJwt_Returns401" computerName="SA-FBERTOLDI" duration="00:00:09.0020471" startTime="2026-03-16T15:30:27.8930413-03:00" endTime="2026-03-16T15:30:27.8930414-03:00" testType="13cdc9d9-ddb5-4fa4-a97d-d965ccfc6d4b" outcome="Passed" testListId="8c84fa94-04c1-424b-9868-57a2d4851a1d" relativeResultsDirectory="849863e0-7bdd-4fdf-acea-ae54b3df3627" />
    <UnitTestResult executionId="b63cb180-37b4-4a52-a9a2-1d9d6c80f256" testId="d589c280-f174-519f-cc8c-d6e9046185da" testName="Sa.Unazul.Organization.Tests.ArchitectureTests.AllQueryHandlersShouldBeSealed" computerName="SA-FBERTOLDI" duration="00:00:00.0005315" startTime="2026-03-16T15:30:18.7145327-03:00" endTime="2026-03-16T15:30:18.7145328-03:00" testType="13cdc9d9-ddb5-4fa4-a97d-d965ccfc6d4b" outcome="Passed" testListId="8c84fa94-04c1-424b-9868-57a2d4851a1d" relativeResultsDirectory="b63cb180-37b4-4a52-a9a2-1d9d6c80f256" />
    <UnitTestResult executionId="e32656cf-913f-43ab-8fc0-886073414ebf" testId="326c5117-6d58-c7e8-e4de-f4e4e6792948" testName="Sa.Unazul.Organization.Tests.Unit.Commands.Tenants.CreateTenantValidationTests.TP_ORG_02_02_Create_With_Inactive_Status_Succeeds" computerName="SA-FBERTOLDI" duration="00:00:00.0008020" startTime="2026-03-16T15:30:18.8922876-03:00" endTime="2026-03-16T15:30:18.8922876-03:00" testType="13cdc9d9-ddb5-4fa4-a97d-d965ccfc6d4b" outcome="Passed" testListId="8c84fa94-04c1-424b-9868-57a2d4851a1d" relativeResultsDirectory="e32656cf-913f-43ab-8fc0-886073414ebf" />
    <UnitTestResult executionId="41913559-1fc5-4a15-9cec-bd40b352c9ba" testId="315dd52c-98e8-db07-c2c9-2d4dec0f074b" testName="Sa.Unazul.Organization.Tests.Unit.Commands.Entities.DeleteEntityCommandHandlerTests.TP_ORG_09_04_Delete_HasBranches_ThrowsOrgEntityHasBranches" computerName="SA-FBERTOLDI" duration="00:00:00.0034056" startTime="2026-03-16T15:30:18.8396293-03:00" endTime="2026-03-16T15:30:18.8396295-03:00" testType="13cdc9d9-ddb5-4fa4-a97d-d965ccfc6d4b" outcome="Passed" testListId="8c84fa94-04c1-424b-9868-57a2d4851a1d" relativeResultsDirectory="41913559-1fc5-4a15-9cec-bd40b352c9ba" />
    <UnitTestResult executionId="4eebc6b2-1776-4851-a5bb-d521adcb7f0f" testId="4076cc74-df47-f2b8-04fe-e41435571337" testName="Sa.Unazul.Organization.Tests.E2E.EntityEndpointsTests.TP_ORG_06_08_ListEntities_WithoutJwt_Returns401" computerName="SA-FBERTOLDI" duration="00:00:00.0668717" startTime="2026-03-16T15:30:28.1232413-03:00" endTime="2026-03-16T15:30:28.1232418-03:00" testType="13cdc9d9-ddb5-4fa4-a97d-d965ccfc6d4b" outcome="Passed" testListId="8c84fa94-04c1-424b-9868-57a2d4851a1d" relativeResultsDirectory="4eebc6b2-1776-4851-a5bb-d521adcb7f0f" />
    <UnitTestResult executionId="4c63b613-0377-46b7-a100-0349fd4dd669" testId="795e7590-d728-d663-1183-0071f7b934b6" testName="Sa.Unazul.Organization.Tests.Unit.Commands.Entities.UpdateEntityCommandHandlerTests.TP_ORG_07_04_Update_ChannelDiff_RemovesOldAndAddsNew" computerName="SA-FBERTOLDI" duration="00:00:00.0078081" startTime="2026-03-16T15:30:18.8642926-03:00" endTime="2026-03-16T15:30:18.8642927-03:00" testType="13cdc9d9-ddb5-4fa4-a97d-d965ccfc6d4b" outcome="Passed" testListId="8c84fa94-04c1-424b-9868-57a2d4851a1d" relativeResultsDirectory="4c63b613-0377-46b7-a100-0349fd4dd669" />
    <UnitTestResult executionId="a81b23a2-a673-4f54-aa9f-6ee4d3d84fee" testId="81cfb4bb-ae75-b22c-5e97-4b5afaecdf7e" testName="Sa.Unazul.Organization.Tests.E2E.TenantEndpointsTests.TP_ORG_02_08_CreateTenant_WithoutJwt_Returns401" computerName="SA-FBERTOLDI" duration="00:00:00.1293291" startTime="2026-03-16T15:30:28.0527781-03:00" endTime="2026-03-16T15:30:28.0527789-03:00" testType="13cdc9d9-ddb5-4fa4-a97d-d965ccfc6d4b" outcome="Passed" testListId="8c84fa94-04c1-424b-9868-57a2d4851a1d" relativeResultsDirectory="a81b23a2-a673-4f54-aa9f-6ee4d3d84fee" />
    <UnitTestResult executionId="9e0dd305-69b3-4987-9a48-1cd9892c9386" testId="2626ef38-12fa-7169-fe84-fe1d8264b7b9" testName="Sa.Unazul.Organization.Tests.Unit.Queries.Tenants.ListTenantsQueryHandlerTests.TP_ORG_01_01_Returns_Paged_Result_With_Correct_Mapping" computerName="SA-FBERTOLDI" duration="00:00:00.0028225" startTime="2026-03-16T15:30:18.8484845-03:00" endTime="2026-03-16T15:30:18.8484846-03:00" testType="13cdc9d9-ddb5-4fa4-a97d-d965ccfc6d4b" outcome="Passed" testListId="8c84fa94-04c1-424b-9868-57a2d4851a1d" relativeResultsDirectory="9e0dd305-69b3-4987-9a48-1cd9892c9386" />
    <UnitTestResult executionId="36c0fe3c-4c4f-418e-be7d-73c42cff63e9" testId="e392f26e-8d95-ae38-ceac-3416bb489e43" testName="Sa.Unazul.Organization.Tests.Unit.Commands.Branches.DeleteBranchCommandHandlerTests.TP_ORG_10_10_Branch_Not_In_Entity_Throws_ORG_BRANCH_NOT_IN_ENTITY" computerName="SA-FBERTOLDI" duration="00:00:00.0216858" startTime="2026-03-16T15:30:18.8382398-03:00" endTime="2026-03-16T15:30:18.8382400-03:00" testType="13cdc9d9-ddb5-4fa4-a97d-d965ccfc6d4b" outcome="Passed" testListId="8c84fa94-04c1-424b-9868-57a2d4851a1d" relativeResultsDirectory="36c0fe3c-4c4f-418e-be7d-73c42cff63e9" />
    <UnitTestResult executionId="56fcfdb7-8d12-4e5c-bbee-bed7a88153d7" testId="f560606c-e016-b882-d017-50b49f693638" testName="Sa.Unazul.Organization.Tests.ArchitectureTests.ApplicationShouldNotReferenceDataAccessImplementation" computerName="SA-FBERTOLDI" duration="00:00:00.0008800" startTime="2026-03-16T15:30:18.7450658-03:00" endTime="2026-03-16T15:30:18.7450659-03:00" testType="13cdc9d9-ddb5-4fa4-a97d-d965ccfc6d4b" outcome="Passed" testListId="8c84fa94-04c1-424b-9868-57a2d4851a1d" relativeResultsDirectory="56fcfdb7-8d12-4e5c-bbee-bed7a88153d7" />
    <UnitTestResult executionId="8eaa9a77-fcda-4f79-b98d-abd2f036d610" testId="caec8860-8701-385b-2176-c68ff40160fd" testName="Sa.Unazul.Organization.Tests.E2E.TenantEndpointsTests.TP_ORG_01_04_ExportTenants_WithoutJwt_Returns401" computerName="SA-FBERTOLDI" duration="00:00:00.0010000" startTime="2026-03-16T15:30:28.5440641-03:00" endTime="2026-03-16T15:30:28.5440642-03:00" testType="13cdc9d9-ddb5-4fa4-a97d-d965ccfc6d4b" outcome="Failed" testListId="8c84fa94-04c1-424b-9868-57a2d4851a1d" relativeResultsDirectory="8eaa9a77-fcda-4f79-b98d-abd2f036d610">
      <Output>
        <ErrorInfo>
          <Message>[Test Class Cleanup Failure (Sa.Unazul.Organization.Tests.E2E.TenantEndpointsTests)]: System.AggregateException : An error occurred while writing to logger(s). (Cannot access a disposed object.&#xD;
Object name: 'EventLogInternal'.)&#xD;
---- System.ObjectDisposedException : Cannot access a disposed object.&#xD;
Object name: 'EventLogInternal'.</Message>
          <StackTrace>   at Microsoft.Extensions.Logging.Logger.ThrowLoggingError(List`1 exceptions)&#xD;
   at Microsoft.Extensions.Logging.Logger.Log[TState](LogLevel logLevel, EventId eventId, TState state, Exception exception, Func`3 formatter)&#xD;
   at Microsoft.Extensions.Logging.LoggerExtensions.Log(ILogger logger, LogLevel logLevel, EventId eventId, Exception exception, String message, Object[] args)&#xD;
   at Microsoft.Extensions.Logging.LoggerExtensions.Log(ILogger logger, LogLevel logLevel, String message, Object[] args)&#xD;
   at MassTransit.Logging.EnabledLogger.Log(String message, Object[] args) in /_/src/MassTransit/Logging/EnabledLogger.cs:line 21&#xD;
   at MassTransit.MassTransitBus.StopAsync(CancellationToken cancellationToken) in /_/src/MassTransit/MassTransitBus.cs:line 259&#xD;
   at MassTransit.MassTransitHostedService.StopAsync(CancellationToken cancellationToken) in /_/src/MassTransit/MassTransitHostedService.cs:line 59&#xD;
   at Microsoft.Extensions.Hosting.Internal.Host.ForeachService[T](IEnumerable`1 services, CancellationToken token, Boolean concurrent, Boolean abortOnFirstException, List`1 exceptions, Func`3 operation)&#xD;
   at Microsoft.Extensions.Hosting.Internal.Host.StopAsync(CancellationToken cancellationToken)&#xD;
   at Microsoft.AspNetCore.Mvc.Testing.WebApplicationFactory`1.DisposeAsync()&#xD;
   at Microsoft.AspNetCore.Mvc.Testing.WebApplicationFactory`1.Dispose(Boolean disposing)&#xD;
   at Microsoft.AspNetCore.Mvc.Testing.WebApplicationFactory`1.Dispose()&#xD;
----- Inner Stack Trace -----&#xD;
   at System.Diagnostics.EventLogInternal.OpenForWrite(String currentMachineName)&#xD;
   at System.Diagnostics.EventLogInternal.InternalWriteEvent(UInt32 eventID, UInt16 category, EventLogEntryType type, String[] strings, Byte[] rawData, String currentMachineName)&#xD;
   at System.Diagnostics.EventLogInternal.WriteEvent(EventInstance instance, Byte[] data, Object[] values)&#xD;
   at Microsoft.Extensions.Logging.EventLog.WindowsEventLog.WriteEntry(String message, EventLogEntryType type, Int32 eventID, Int16 category)&#xD;
   at Microsoft.Extensions.Logging.EventLog.EventLogLogger.WriteMessage(String message, EventLogEntryType eventLogEntryType, Int32 eventId)&#xD;
   at Microsoft.Extensions.Logging.EventLog.EventLogLogger.Log[TState](LogLevel logLevel, EventId eventId, TState state, Exception exception, Func`3 formatter)&#xD;
   at Microsoft.Extensions.Logging.Logger.&lt;Log&gt;g__LoggerLog|14_0[TState](LogLevel logLevel, EventId eventId, ILogger logger, Exception exception, Func`3 formatter, List`1&amp; exceptions, TState&amp; state)</StackTrace>
        </ErrorInfo>
      </Output>
    </UnitTestResult>
    <UnitTestResult executionId="f51b3477-8238-49e9-8702-654557856fa3" testId="5d4e8776-3cff-38fb-4722-60d50dce785c" testName="Sa.Unazul.Organization.Tests.Unit.Domain.TenantTests.TP_ORG_02_01_Create_Returns_Tenant_With_All_Fields_And_Valid_Id_And_CreatedAt" computerName="SA-FBERTOLDI" duration="00:00:00.0010859" startTime="2026-03-16T15:30:18.8587528-03:00" endTime="2026-03-16T15:30:18.8587531-03:00" testType="13cdc9d9-ddb5-4fa4-a97d-d965ccfc6d4b" outcome="Passed" testListId="8c84fa94-04c1-424b-9868-57a2d4851a1d" relativeResultsDirectory="f51b3477-8238-49e9-8702-654557856fa3" />
    <UnitTestResult executionId="7f7e3209-e985-44ca-9840-ffa7d5ce5e31" testId="ed83687d-bdb4-19f7-79fc-01b6b428aa62" testName="Sa.Unazul.Organization.Tests.E2E.BranchEndpointsTests.TP_ORG_10_13b_CreateBranch_WithoutJwt_Returns401" computerName="SA-FBERTOLDI" duration="00:00:00.0694096" startTime="2026-03-16T15:30:28.0753611-03:00" endTime="2026-03-16T15:30:28.0753616-03:00" testType="13cdc9d9-ddb5-4fa4-a97d-d965ccfc6d4b" outcome="Passed" testListId="8c84fa94-04c1-424b-9868-57a2d4851a1d" relativeResultsDirectory="7f7e3209-e985-44ca-9840-ffa7d5ce5e31" />
    <UnitTestResult executionId="600c03db-6bbb-4b13-855e-177b314a62b8" testId="5ecc6989-4f0b-afac-80f4-2fd3ab702125" testName="Sa.Unazul.Organization.Tests.Unit.Commands.Branches.BranchCodeValidationTests.TP_ORG_10_09b_Update_Branch_NotFound_Throws" computerName="SA-FBERTOLDI" duration="00:00:00.0018206" startTime="2026-03-16T15:30:18.8418038-03:00" endTime="2026-03-16T15:30:18.8418041-03:00" testType="13cdc9d9-ddb5-4fa4-a97d-d965ccfc6d4b" outcome="Passed" testListId="8c84fa94-04c1-424b-9868-57a2d4851a1d" relativeResultsDirectory="600c03db-6bbb-4b13-855e-177b314a62b8" />
    <UnitTestResult executionId="d8649d20-ca19-4b24-8fc7-47f680a81572" testId="1f801938-8640-942d-cc1b-7f83b45d5768" testName="Sa.Unazul.Organization.Tests.Unit.Queries.Branches.ListBranchesByEntityQueryHandlerTests.TP_ORG_10_01_Returns_Branches_Mapped_To_BranchDto" computerName="SA-FBERTOLDI" duration="00:00:00.0085133" startTime="2026-03-16T15:30:18.8771656-03:00" endTime="2026-03-16T15:30:18.8771658-03:00" testType="13cdc9d9-ddb5-4fa4-a97d-d965ccfc6d4b" outcome="Passed" testListId="8c84fa94-04c1-424b-9868-57a2d4851a1d" relativeResultsDirectory="d8649d20-ca19-4b24-8fc7-47f680a81572" />
    <UnitTestResult executionId="7d82b71b-31e6-4116-96f6-f32b199ecb2c" testId="a8c73cf8-9c64-883f-bd5b-49e6fff272a0" testName="Sa.Unazul.Organization.Tests.E2E.BranchEndpointsTests.TP_ORG_10_13d_DeleteBranch_WithoutJwt_Returns401" computerName="SA-FBERTOLDI" duration="00:00:09.2089362" startTime="2026-03-16T15:30:27.8929931-03:00" endTime="2026-03-16T15:30:27.8929932-03:00" testType="13cdc9d9-ddb5-4fa4-a97d-d965ccfc6d4b" outcome="Passed" testListId="8c84fa94-04c1-424b-9868-57a2d4851a1d" relativeResultsDirectory="7d82b71b-31e6-4116-96f6-f32b199ecb2c" />
    <UnitTestResult executionId="25cdf871-169d-4ba2-8e59-7363bd89f03b" testId="7642a4da-0b41-903a-ad2f-72b8addc24b7" testName="Sa.Unazul.Organization.Tests.E2E.EntityEndpointsTests.TP_ORG_07_15b_UpdateEntity_WithoutJwt_Returns401" computerName="SA-FBERTOLDI" duration="00:00:00.1256606" startTime="2026-03-16T15:30:28.4729246-03:00" endTime="2026-03-16T15:30:28.4729254-03:00" testType="13cdc9d9-ddb5-4fa4-a97d-d965ccfc6d4b" outcome="Passed" testListId="8c84fa94-04c1-424b-9868-57a2d4851a1d" relativeResultsDirectory="25cdf871-169d-4ba2-8e59-7363bd89f03b" />
    <UnitTestResult executionId="54797e29-d579-4c99-9981-b9cc72ca065b" testId="284a6547-fd52-5478-ed2e-d9caac202a8d" testName="Sa.Unazul.Organization.Tests.E2E.BranchEndpointsTests.TP_ORG_10_13_ListBranches_WithoutJwt_Returns401" computerName="SA-FBERTOLDI" duration="00:00:00.0010000" startTime="2026-03-16T15:30:28.4608921-03:00" endTime="2026-03-16T15:30:28.4608932-03:00" testType="13cdc9d9-ddb5-4fa4-a97d-d965ccfc6d4b" outcome="Failed" testListId="8c84fa94-04c1-424b-9868-57a2d4851a1d" relativeResultsDirectory="54797e29-d579-4c99-9981-b9cc72ca065b">
      <Output>
        <ErrorInfo>
          <Message>[Test Class Cleanup Failure (Sa.Unazul.Organization.Tests.E2E.BranchEndpointsTests)]: System.AggregateException : An error occurred while writing to logger(s). (Cannot access a disposed object.&#xD;
Object name: 'EventLogInternal'.)&#xD;
---- System.ObjectDisposedException : Cannot access a disposed object.&#xD;
Object name: 'EventLogInternal'.</Message>
          <StackTrace>   at Microsoft.Extensions.Logging.Logger.ThrowLoggingError(List`1 exceptions)&#xD;
   at Microsoft.Extensions.Logging.Logger.Log[TState](LogLevel logLevel, EventId eventId, TState state, Exception exception, Func`3 formatter)&#xD;
   at Microsoft.Extensions.Logging.LoggerExtensions.Log(ILogger logger, LogLevel logLevel, EventId eventId, Exception exception, String message, Object[] args)&#xD;
   at Microsoft.Extensions.Logging.LoggerExtensions.Log(ILogger logger, LogLevel logLevel, String message, Object[] args)&#xD;
   at MassTransit.Logging.EnabledLogger.Log(String message, Object[] args) in /_/src/MassTransit/Logging/EnabledLogger.cs:line 21&#xD;
   at MassTransit.MassTransitBus.StopAsync(CancellationToken cancellationToken) in /_/src/MassTransit/MassTransitBus.cs:line 259&#xD;
   at MassTransit.MassTransitHostedService.StopAsync(CancellationToken cancellationToken) in /_/src/MassTransit/MassTransitHostedService.cs:line 59&#xD;
   at Microsoft.Extensions.Hosting.Internal.Host.ForeachService[T](IEnumerable`1 services, CancellationToken token, Boolean concurrent, Boolean abortOnFirstException, List`1 exceptions, Func`3 operation)&#xD;
   at Microsoft.Extensions.Hosting.Internal.Host.StopAsync(CancellationToken cancellationToken)&#xD;
   at Microsoft.AspNetCore.Mvc.Testing.WebApplicationFactory`1.DisposeAsync()&#xD;
   at Microsoft.AspNetCore.Mvc.Testing.WebApplicationFactory`1.Dispose(Boolean disposing)&#xD;
   at Microsoft.AspNetCore.Mvc.Testing.WebApplicationFactory`1.Dispose()&#xD;
----- Inner Stack Trace -----&#xD;
   at System.Diagnostics.EventLogInternal.OpenForWrite(String currentMachineName)&#xD;
   at System.Diagnostics.EventLogInternal.InternalWriteEvent(UInt32 eventID, UInt16 category, EventLogEntryType type, String[] strings, Byte[] rawData, String currentMachineName)&#xD;
   at System.Diagnostics.EventLogInternal.WriteEvent(EventInstance instance, Byte[] data, Object[] values)&#xD;
   at Microsoft.Extensions.Logging.EventLog.WindowsEventLog.WriteEntry(String message, EventLogEntryType type, Int32 eventID, Int16 category)&#xD;
   at Microsoft.Extensions.Logging.EventLog.EventLogLogger.WriteMessage(String message, EventLogEntryType eventLogEntryType, Int32 eventId)&#xD;
   at Microsoft.Extensions.Logging.EventLog.EventLogLogger.Log[TState](LogLevel logLevel, EventId eventId, TState state, Exception exception, Func`3 formatter)&#xD;
   at Microsoft.Extensions.Logging.Logger.&lt;Log&gt;g__LoggerLog|14_0[TState](LogLevel logLevel, EventId eventId, ILogger logger, Exception exception, Func`3 formatter, List`1&amp; exceptions, TState&amp; state)</StackTrace>
        </ErrorInfo>
      </Output>
    </UnitTestResult>
    <UnitTestResult executionId="aa7defb2-59e1-462f-8cc1-74ba5ed54ac6" testId="0f32c5a4-7969-a66e-a43e-65455cb09aa1" testName="Sa.Unazul.Organization.Tests.Unit.Commands.Entities.CreateEntityValidationTests.TP_ORG_09_02_DeleteEntity_CallsDeleteAndSave" computerName="SA-FBERTOLDI" duration="00:00:00.0010589" startTime="2026-03-16T15:30:18.8677244-03:00" endTime="2026-03-16T15:30:18.8677245-03:00" testType="13cdc9d9-ddb5-4fa4-a97d-d965ccfc6d4b" outcome="Passed" testListId="8c84fa94-04c1-424b-9868-57a2d4851a1d" relativeResultsDirectory="aa7defb2-59e1-462f-8cc1-74ba5ed54ac6" />
    <UnitTestResult executionId="aeb224e6-6810-4613-a364-f570b46177b1" testId="dec27ade-a407-2e6f-e3b3-b44d7613556e" testName="Sa.Unazul.Organization.Tests.Unit.Queries.Tenants.ListTenantsQueryHandlerTests.TP_ORG_01_02_Search_Parameter_Passed_Through" computerName="SA-FBERTOLDI" duration="00:00:00.0009042" startTime="2026-03-16T15:30:18.8494413-03:00" endTime="2026-03-16T15:30:18.8494414-03:00" testType="13cdc9d9-ddb5-4fa4-a97d-d965ccfc6d4b" outcome="Passed" testListId="8c84fa94-04c1-424b-9868-57a2d4851a1d" relativeResultsDirectory="aeb224e6-6810-4613-a364-f570b46177b1" />
    <UnitTestResult executionId="29d3c58b-2b89-46af-bdc7-062ecc12f3e7" testId="c3a83d5a-8f0a-b9fd-5317-e2c81246c30a" testName="Sa.Unazul.Organization.Tests.E2E.EntityEndpointsTests.TP_ORG_06_05_ExportEntities_WithoutJwt_Returns401" computerName="SA-FBERTOLDI" duration="00:00:00.0700682" startTime="2026-03-16T15:30:27.9774028-03:00" endTime="2026-03-16T15:30:27.9774033-03:00" testType="13cdc9d9-ddb5-4fa4-a97d-d965ccfc6d4b" outcome="Passed" testListId="8c84fa94-04c1-424b-9868-57a2d4851a1d" relativeResultsDirectory="29d3c58b-2b89-46af-bdc7-062ecc12f3e7" />
    <UnitTestResult executionId="53c536bf-df63-41ec-8662-cb715b2f12a5" testId="4addc54a-66a6-440e-1c87-19c9b467aae4" testName="Sa.Unazul.Organization.Tests.Unit.Commands.Branches.BranchCodeValidationTests.TP_ORG_10_05_Update_Branch_Saves_Changes" computerName="SA-FBERTOLDI" duration="00:00:00.0008095" startTime="2026-03-16T15:30:18.8442124-03:00" endTime="2026-03-16T15:30:18.8442126-03:00" testType="13cdc9d9-ddb5-4fa4-a97d-d965ccfc6d4b" outcome="Passed" testListId="8c84fa94-04c1-424b-9868-57a2d4851a1d" relativeResultsDirectory="53c536bf-df63-41ec-8662-cb715b2f12a5" />
    <UnitTestResult executionId="3861057b-87dc-429a-88d0-afe697476f44" testId="0ff70c80-ad40-af2d-19d1-10c3ded6cdb4" testName="Sa.Unazul.Organization.Tests.Unit.Commands.Entities.CreateEntityCommandHandlerTests.TP_ORG_07_02_Create_WithChannels_CallsChannelRepositoryAddRange" computerName="SA-FBERTOLDI" duration="00:00:00.1754663" startTime="2026-03-16T15:30:18.8096467-03:00" endTime="2026-03-16T15:30:18.8096473-03:00" testType="13cdc9d9-ddb5-4fa4-a97d-d965ccfc6d4b" outcome="Passed" testListId="8c84fa94-04c1-424b-9868-57a2d4851a1d" relativeResultsDirectory="3861057b-87dc-429a-88d0-afe697476f44" />
    <UnitTestResult executionId="4b1b161a-9096-4857-8ef2-2ab85f329313" testId="99743058-9eb6-09cd-d115-da6f7f49c60d" testName="Sa.Unazul.Organization.Tests.Unit.Commands.Branches.CreateBranchCommandHandlerTests.TP_ORG_10_07_Duplicate_Code_Throws_ORG_DUPLICATE_BRANCH_CODE" computerName="SA-FBERTOLDI" duration="00:00:00.0019624" startTime="2026-03-16T15:30:18.8508528-03:00" endTime="2026-03-16T15:30:18.8508530-03:00" testType="13cdc9d9-ddb5-4fa4-a97d-d965ccfc6d4b" outcome="Passed" testListId="8c84fa94-04c1-424b-9868-57a2d4851a1d" relativeResultsDirectory="4b1b161a-9096-4857-8ef2-2ab85f329313" />
    <UnitTestResult executionId="3008fc34-8aad-4a6e-86d3-336c71df5d68" testId="cd9a49d4-8a41-2d9f-970b-b6bf65dba1fc" testName="Sa.Unazul.Organization.Tests.ArchitectureTests.DomainShouldNotReferenceApplication" computerName="SA-FBERTOLDI" duration="00:00:00.0628295" startTime="2026-03-16T15:30:18.7023875-03:00" endTime="2026-03-16T15:30:18.7024076-03:00" testType="13cdc9d9-ddb5-4fa4-a97d-d965ccfc6d4b" outcome="Passed" testListId="8c84fa94-04c1-424b-9868-57a2d4851a1d" relativeResultsDirectory="3008fc34-8aad-4a6e-86d3-336c71df5d68" />
    <UnitTestResult executionId="0b9afb02-c2e6-44a6-98d6-128d2dfada12" testId="0b940b3e-86d9-c57d-592e-6089d16f8fe5" testName="Sa.Unazul.Organization.Tests.Unit.Commands.Tenants.DeleteTenantCommandHandlerTests.TP_ORG_05_03_Not_Found_Throws_ORG_TENANT_NOT_FOUND" computerName="SA-FBERTOLDI" duration="00:00:00.0018586" startTime="2026-03-16T15:30:18.9073588-03:00" endTime="2026-03-16T15:30:18.9073591-03:00" testType="13cdc9d9-ddb5-4fa4-a97d-d965ccfc6d4b" outcome="Passed" testListId="8c84fa94-04c1-424b-9868-57a2d4851a1d" relativeResultsDirectory="0b9afb02-c2e6-44a6-98d6-128d2dfada12" />
    <UnitTestResult executionId="4b065440-cc37-4c5d-aaf3-c87d15e106ac" testId="983ee925-6bfa-7256-ec38-133a2e58d895" testName="Sa.Unazul.Organization.Tests.Unit.Queries.Entities.GetEntityDetailQueryHandlerTests.TP_ORG_08_06_GetDetail_NotFound_ThrowsOrgEntityNotFound" computerName="SA-FBERTOLDI" duration="00:00:00.0018798" startTime="2026-03-16T15:30:18.8832424-03:00" endTime="2026-03-16T15:30:18.8832426-03:00" testType="13cdc9d9-ddb5-4fa4-a97d-d965ccfc6d4b" outcome="Passed" testListId="8c84fa94-04c1-424b-9868-57a2d4851a1d" relativeResultsDirectory="4b065440-cc37-4c5d-aaf3-c87d15e106ac" />
    <UnitTestResult executionId="6054d766-1e1d-4e69-a7e8-74ba95dd700a" testId="9446f5aa-301a-0538-e902-17361f3a9d8d" testName="Sa.Unazul.Organization.Tests.Unit.Queries.Tenants.GetTenantDetailQueryHandlerTests.TP_ORG_04_02_Not_Found_Throws_ORG_TENANT_NOT_FOUND" computerName="SA-FBERTOLDI" duration="00:00:00.0027395" startTime="2026-03-16T15:30:18.8707508-03:00" endTime="2026-03-16T15:30:18.8707516-03:00" testType="13cdc9d9-ddb5-4fa4-a97d-d965ccfc6d4b" outcome="Passed" testListId="8c84fa94-04c1-424b-9868-57a2d4851a1d" relativeResultsDirectory="6054d766-1e1d-4e69-a7e8-74ba95dd700a" />
    <UnitTestResult executionId="4aa9334b-49d5-4863-88de-0ae7f97cb412" testId="6d6d302a-f3b1-bd13-e114-136eb9fe9ce8" testName="Sa.Unazul.Organization.Tests.Unit.Domain.EntityTests.EntityChannel_Create_WorksWithAllChannelTypes(channelType: Mobile)" computerName="SA-FBERTOLDI" duration="00:00:00.0000115" startTime="2026-03-16T15:30:18.8932381-03:00" endTime="2026-03-16T15:30:18.8932381-03:00" testType="13cdc9d9-ddb5-4fa4-a97d-d965ccfc6d4b" outcome="Passed" testListId="8c84fa94-04c1-424b-9868-57a2d4851a1d" relativeResultsDirectory="4aa9334b-49d5-4863-88de-0ae7f97cb412" />
    <UnitTestResult executionId="80def7ba-0a45-4e7d-a71c-0890d4faad80" testId="eec828f6-70de-0e5b-eec0-7eb4d002993d" testName="Sa.Unazul.Organization.Tests.E2E.TenantEndpointsTests.TP_ORG_05_05_DeleteTenant_WithoutJwt_Returns401" computerName="SA-FBERTOLDI" duration="00:00:08.9669977" startTime="2026-03-16T15:30:27.8929340-03:00" endTime="2026-03-16T15:30:27.8929348-03:00" testType="13cdc9d9-ddb5-4fa4-a97d-d965ccfc6d4b" outcome="Passed" testListId="8c84fa94-04c1-424b-9868-57a2d4851a1d" relativeResultsDirectory="80def7ba-0a45-4e7d-a71c-0890d4faad80" />
    <UnitTestResult executionId="16527ed4-7d54-4c41-8b69-fb5bb287ca35" testId="312e9974-ff29-964e-8432-6174ad01870b" testName="Sa.Unazul.Organization.Tests.E2E.TenantEndpointsTests.TP_ORG_04_06_GetTenantDetail_WithoutJwt_Returns401" computerName="SA-FBERTOLDI" duration="00:00:00.0010000" startTime="2026-03-16T15:30:28.5439926-03:00" endTime="2026-03-16T15:30:28.5439931-03:00" testType="13cdc9d9-ddb5-4fa4-a97d-d965ccfc6d4b" outcome="Failed" testListId="8c84fa94-04c1-424b-9868-57a2d4851a1d" relativeResultsDirectory="16527ed4-7d54-4c41-8b69-fb5bb287ca35">
      <Output>
        <ErrorInfo>
          <Message>[Test Class Cleanup Failure (Sa.Unazul.Organization.Tests.E2E.TenantEndpointsTests)]: System.AggregateException : An error occurred while writing to logger(s). (Cannot access a disposed object.&#xD;
Object name: 'EventLogInternal'.)&#xD;
---- System.ObjectDisposedException : Cannot access a disposed object.&#xD;
Object name: 'EventLogInternal'.</Message>
          <StackTrace>   at Microsoft.Extensions.Logging.Logger.ThrowLoggingError(List`1 exceptions)&#xD;
   at Microsoft.Extensions.Logging.Logger.Log[TState](LogLevel logLevel, EventId eventId, TState state, Exception exception, Func`3 formatter)&#xD;
   at Microsoft.Extensions.Logging.LoggerExtensions.Log(ILogger logger, LogLevel logLevel, EventId eventId, Exception exception, String message, Object[] args)&#xD;
   at Microsoft.Extensions.Logging.LoggerExtensions.Log(ILogger logger, LogLevel logLevel, String message, Object[] args)&#xD;
   at MassTransit.Logging.EnabledLogger.Log(String message, Object[] args) in /_/src/MassTransit/Logging/EnabledLogger.cs:line 21&#xD;
   at MassTransit.MassTransitBus.StopAsync(CancellationToken cancellationToken) in /_/src/MassTransit/MassTransitBus.cs:line 259&#xD;
   at MassTransit.MassTransitHostedService.StopAsync(CancellationToken cancellationToken) in /_/src/MassTransit/MassTransitHostedService.cs:line 59&#xD;
   at Microsoft.Extensions.Hosting.Internal.Host.ForeachService[T](IEnumerable`1 services, CancellationToken token, Boolean concurrent, Boolean abortOnFirstException, List`1 exceptions, Func`3 operation)&#xD;
   at Microsoft.Extensions.Hosting.Internal.Host.StopAsync(CancellationToken cancellationToken)&#xD;
   at Microsoft.AspNetCore.Mvc.Testing.WebApplicationFactory`1.DisposeAsync()&#xD;
   at Microsoft.AspNetCore.Mvc.Testing.WebApplicationFactory`1.Dispose(Boolean disposing)&#xD;
   at Microsoft.AspNetCore.Mvc.Testing.WebApplicationFactory`1.Dispose()&#xD;
----- Inner Stack Trace -----&#xD;
   at System.Diagnostics.EventLogInternal.OpenForWrite(String currentMachineName)&#xD;
   at System.Diagnostics.EventLogInternal.InternalWriteEvent(UInt32 eventID, UInt16 category, EventLogEntryType type, String[] strings, Byte[] rawData, String currentMachineName)&#xD;
   at System.Diagnostics.EventLogInternal.WriteEvent(EventInstance instance, Byte[] data, Object[] values)&#xD;
   at Microsoft.Extensions.Logging.EventLog.WindowsEventLog.WriteEntry(String message, EventLogEntryType type, Int32 eventID, Int16 category)&#xD;
   at Microsoft.Extensions.Logging.EventLog.EventLogLogger.WriteMessage(String message, EventLogEntryType eventLogEntryType, Int32 eventId)&#xD;
   at Microsoft.Extensions.Logging.EventLog.EventLogLogger.Log[TState](LogLevel logLevel, EventId eventId, TState state, Exception exception, Func`3 formatter)&#xD;
   at Microsoft.Extensions.Logging.Logger.&lt;Log&gt;g__LoggerLog|14_0[TState](LogLevel logLevel, EventId eventId, ILogger logger, Exception exception, Func`3 formatter, List`1&amp; exceptions, TState&amp; state)</StackTrace>
        </ErrorInfo>
      </Output>
    </UnitTestResult>
    <UnitTestResult executionId="e6a55d8a-c7a4-4601-88af-e550c7691107" testId="90e854a8-39ae-340d-c9ee-e79548f5c83d" testName="Sa.Unazul.Organization.Tests.E2E.BranchEndpointsTests.TP_ORG_10_13c_UpdateBranch_WithoutJwt_Returns401" computerName="SA-FBERTOLDI" duration="00:00:00.0010000" startTime="2026-03-16T15:30:28.4616495-03:00" endTime="2026-03-16T15:30:28.4616498-03:00" testType="13cdc9d9-ddb5-4fa4-a97d-d965ccfc6d4b" outcome="Failed" testListId="8c84fa94-04c1-424b-9868-57a2d4851a1d" relativeResultsDirectory="e6a55d8a-c7a4-4601-88af-e550c7691107">
      <Output>
        <ErrorInfo>
          <Message>[Test Class Cleanup Failure (Sa.Unazul.Organization.Tests.E2E.BranchEndpointsTests)]: System.AggregateException : An error occurred while writing to logger(s). (Cannot access a disposed object.&#xD;
Object name: 'EventLogInternal'.)&#xD;
---- System.ObjectDisposedException : Cannot access a disposed object.&#xD;
Object name: 'EventLogInternal'.</Message>
          <StackTrace>   at Microsoft.Extensions.Logging.Logger.ThrowLoggingError(List`1 exceptions)&#xD;
   at Microsoft.Extensions.Logging.Logger.Log[TState](LogLevel logLevel, EventId eventId, TState state, Exception exception, Func`3 formatter)&#xD;
   at Microsoft.Extensions.Logging.LoggerExtensions.Log(ILogger logger, LogLevel logLevel, EventId eventId, Exception exception, String message, Object[] args)&#xD;
   at Microsoft.Extensions.Logging.LoggerExtensions.Log(ILogger logger, LogLevel logLevel, String message, Object[] args)&#xD;
   at MassTransit.Logging.EnabledLogger.Log(String message, Object[] args) in /_/src/MassTransit/Logging/EnabledLogger.cs:line 21&#xD;
   at MassTransit.MassTransitBus.StopAsync(CancellationToken cancellationToken) in /_/src/MassTransit/MassTransitBus.cs:line 259&#xD;
   at MassTransit.MassTransitHostedService.StopAsync(CancellationToken cancellationToken) in /_/src/MassTransit/MassTransitHostedService.cs:line 59&#xD;
   at Microsoft.Extensions.Hosting.Internal.Host.ForeachService[T](IEnumerable`1 services, CancellationToken token, Boolean concurrent, Boolean abortOnFirstException, List`1 exceptions, Func`3 operation)&#xD;
   at Microsoft.Extensions.Hosting.Internal.Host.StopAsync(CancellationToken cancellationToken)&#xD;
   at Microsoft.AspNetCore.Mvc.Testing.WebApplicationFactory`1.DisposeAsync()&#xD;
   at Microsoft.AspNetCore.Mvc.Testing.WebApplicationFactory`1.Dispose(Boolean disposing)&#xD;
   at Microsoft.AspNetCore.Mvc.Testing.WebApplicationFactory`1.Dispose()&#xD;
----- Inner Stack Trace -----&#xD;
   at System.Diagnostics.EventLogInternal.OpenForWrite(String currentMachineName)&#xD;
   at System.Diagnostics.EventLogInternal.InternalWriteEvent(UInt32 eventID, UInt16 category, EventLogEntryType type, String[] strings, Byte[] rawData, String currentMachineName)&#xD;
   at System.Diagnostics.EventLogInternal.WriteEvent(EventInstance instance, Byte[] data, Object[] values)&#xD;
   at Microsoft.Extensions.Logging.EventLog.WindowsEventLog.WriteEntry(String message, EventLogEntryType type, Int32 eventID, Int16 category)&#xD;
   at Microsoft.Extensions.Logging.EventLog.EventLogLogger.WriteMessage(String message, EventLogEntryType eventLogEntryType, Int32 eventId)&#xD;
   at Microsoft.Extensions.Logging.EventLog.EventLogLogger.Log[TState](LogLevel logLevel, EventId eventId, TState state, Exception exception, Func`3 formatter)&#xD;
   at Microsoft.Extensions.Logging.Logger.&lt;Log&gt;g__LoggerLog|14_0[TState](LogLevel logLevel, EventId eventId, ILogger logger, Exception exception, Func`3 formatter, List`1&amp; exceptions, TState&amp; state)</StackTrace>
        </ErrorInfo>
      </Output>
    </UnitTestResult>
    <UnitTestResult executionId="81106054-37cd-4176-b1db-4d389dab09b2" testId="cc36e75d-2d31-a35b-0eb6-8891fac786b0" testName="Sa.Unazul.Organization.Tests.Unit.Commands.Tenants.UpdateTenantCommandHandlerTests.TP_ORG_03_01_Successful_Update_Returns_TenantDto" computerName="SA-FBERTOLDI" duration="00:00:00.0011850" startTime="2026-03-16T15:30:18.8980605-03:00" endTime="2026-03-16T15:30:18.8980610-03:00" testType="13cdc9d9-ddb5-4fa4-a97d-d965ccfc6d4b" outcome="Passed" testListId="8c84fa94-04c1-424b-9868-57a2d4851a1d" relativeResultsDirectory="81106054-37cd-4176-b1db-4d389dab09b2" />
    <UnitTestResult executionId="5cfefaea-58e2-4df8-90bf-6c57bc1723d0" testId="731a745d-5795-2787-469e-f5c5af23077d" testName="Sa.Unazul.Organization.Tests.E2E.TenantEndpointsTests.TP_ORG_03_08_UpdateTenant_WithoutJwt_Returns401" computerName="SA-FBERTOLDI" duration="00:00:00.0010000" startTime="2026-03-16T15:30:28.5438628-03:00" endTime="2026-03-16T15:30:28.5438629-03:00" testType="13cdc9d9-ddb5-4fa4-a97d-d965ccfc6d4b" outcome="Failed" testListId="8c84fa94-04c1-424b-9868-57a2d4851a1d" relativeResultsDirectory="5cfefaea-58e2-4df8-90bf-6c57bc1723d0">
      <Output>
        <ErrorInfo>
          <Message>[Test Class Cleanup Failure (Sa.Unazul.Organization.Tests.E2E.TenantEndpointsTests)]: System.AggregateException : An error occurred while writing to logger(s). (Cannot access a disposed object.&#xD;
Object name: 'EventLogInternal'.)&#xD;
---- System.ObjectDisposedException : Cannot access a disposed object.&#xD;
Object name: 'EventLogInternal'.</Message>
          <StackTrace>   at Microsoft.Extensions.Logging.Logger.ThrowLoggingError(List`1 exceptions)&#xD;
   at Microsoft.Extensions.Logging.Logger.Log[TState](LogLevel logLevel, EventId eventId, TState state, Exception exception, Func`3 formatter)&#xD;
   at Microsoft.Extensions.Logging.LoggerExtensions.Log(ILogger logger, LogLevel logLevel, EventId eventId, Exception exception, String message, Object[] args)&#xD;
   at Microsoft.Extensions.Logging.LoggerExtensions.Log(ILogger logger, LogLevel logLevel, String message, Object[] args)&#xD;
   at MassTransit.Logging.EnabledLogger.Log(String message, Object[] args) in /_/src/MassTransit/Logging/EnabledLogger.cs:line 21&#xD;
   at MassTransit.MassTransitBus.StopAsync(CancellationToken cancellationToken) in /_/src/MassTransit/MassTransitBus.cs:line 259&#xD;
   at MassTransit.MassTransitHostedService.StopAsync(CancellationToken cancellationToken) in /_/src/MassTransit/MassTransitHostedService.cs:line 59&#xD;
   at Microsoft.Extensions.Hosting.Internal.Host.ForeachService[T](IEnumerable`1 services, CancellationToken token, Boolean concurrent, Boolean abortOnFirstException, List`1 exceptions, Func`3 operation)&#xD;
   at Microsoft.Extensions.Hosting.Internal.Host.StopAsync(CancellationToken cancellationToken)&#xD;
   at Microsoft.AspNetCore.Mvc.Testing.WebApplicationFactory`1.DisposeAsync()&#xD;
   at Microsoft.AspNetCore.Mvc.Testing.WebApplicationFactory`1.Dispose(Boolean disposing)&#xD;
   at Microsoft.AspNetCore.Mvc.Testing.WebApplicationFactory`1.Dispose()&#xD;
----- Inner Stack Trace -----&#xD;
   at System.Diagnostics.EventLogInternal.OpenForWrite(String currentMachineName)&#xD;
   at System.Diagnostics.EventLogInternal.InternalWriteEvent(UInt32 eventID, UInt16 category, EventLogEntryType type, String[] strings, Byte[] rawData, String currentMachineName)&#xD;
   at System.Diagnostics.EventLogInternal.WriteEvent(EventInstance instance, Byte[] data, Object[] values)&#xD;
   at Microsoft.Extensions.Logging.EventLog.WindowsEventLog.WriteEntry(String message, EventLogEntryType type, Int32 eventID, Int16 category)&#xD;
   at Microsoft.Extensions.Logging.EventLog.EventLogLogger.WriteMessage(String message, EventLogEntryType eventLogEntryType, Int32 eventId)&#xD;
   at Microsoft.Extensions.Logging.EventLog.EventLogLogger.Log[TState](LogLevel logLevel, EventId eventId, TState state, Exception exception, Func`3 formatter)&#xD;
   at Microsoft.Extensions.Logging.Logger.&lt;Log&gt;g__LoggerLog|14_0[TState](LogLevel logLevel, EventId eventId, ILogger logger, Exception exception, Func`3 formatter, List`1&amp; exceptions, TState&amp; state)</StackTrace>
        </ErrorInfo>
      </Output>
    </UnitTestResult>
    <UnitTestResult executionId="86931eaa-d246-45e7-ba57-f962c825c3aa" testId="98dc4dbd-76c3-dfcc-ef8d-60704446fa2a" testName="Sa.Unazul.Organization.Tests.Unit.Commands.Entities.CreateEntityValidationTests.TP_ORG_07_09b_Create_With_Various_Invalid_EntityTypes_Throws(invalidType: &quot;InvalidType&quot;)" computerName="SA-FBERTOLDI" duration="00:00:00.0002223" startTime="2026-03-16T15:30:18.8578750-03:00" endTime="2026-03-16T15:30:18.8578751-03:00" testType="13cdc9d9-ddb5-4fa4-a97d-d965ccfc6d4b" outcome="Passed" testListId="8c84fa94-04c1-424b-9868-57a2d4851a1d" relativeResultsDirectory="86931eaa-d246-45e7-ba57-f962c825c3aa" />
    <UnitTestResult executionId="140de5da-8d30-497b-8b67-7bd60951f961" testId="47379d81-27ee-9ea7-9fb3-cb53942d5116" testName="Sa.Unazul.Organization.Tests.Unit.Domain.EntityTests.TP_ORG_07_07_Create_WithoutChannels_HasEmptyChannelsCollection" computerName="SA-FBERTOLDI" duration="00:00:00.0011187" startTime="2026-03-16T15:30:18.8957786-03:00" endTime="2026-03-16T15:30:18.8957787-03:00" testType="13cdc9d9-ddb5-4fa4-a97d-d965ccfc6d4b" outcome="Passed" testListId="8c84fa94-04c1-424b-9868-57a2d4851a1d" relativeResultsDirectory="140de5da-8d30-497b-8b67-7bd60951f961" />
    <UnitTestResult executionId="03fbcecd-dd0f-4284-a4bd-48aace0deddc" testId="c8fa04e2-817d-3716-a12b-c337de8f7f14" testName="Sa.Unazul.Organization.Tests.Unit.Domain.TenantTests.TP_ORG_03_01_Update_Changes_Fields_And_UpdatedAt" computerName="SA-FBERTOLDI" duration="00:00:00.0006362" startTime="2026-03-16T15:30:18.8595387-03:00" endTime="2026-03-16T15:30:18.8595397-03:00" testType="13cdc9d9-ddb5-4fa4-a97d-d965ccfc6d4b" outcome="Passed" testListId="8c84fa94-04c1-424b-9868-57a2d4851a1d" relativeResultsDirectory="03fbcecd-dd0f-4284-a4bd-48aace0deddc" />
    <UnitTestResult executionId="ed583181-af4c-4813-9cce-e3416c070503" testId="4cc87965-0593-ed66-2159-4cd91579d75d" testName="Sa.Unazul.Organization.Tests.Unit.Commands.Branches.UpdateBranchCommandHandlerTests.TP_ORG_10_02_Successful_Update_Returns_BranchDto" computerName="SA-FBERTOLDI" duration="00:00:00.0012963" startTime="2026-03-16T15:30:18.8509091-03:00" endTime="2026-03-16T15:30:18.8509092-03:00" testType="13cdc9d9-ddb5-4fa4-a97d-d965ccfc6d4b" outcome="Passed" testListId="8c84fa94-04c1-424b-9868-57a2d4851a1d" relativeResultsDirectory="ed583181-af4c-4813-9cce-e3416c070503" />
    <UnitTestResult executionId="23205bc5-67e6-4f41-8a5c-9f7c70f6ce6a" testId="27045501-c4a3-2438-1def-d790a5712ed3" testName="Sa.Unazul.Organization.Tests.Unit.Commands.Tenants.CreateTenantValidationTests.TP_ORG_03_03_Create_Tenant_With_Active_Status_Succeeds" computerName="SA-FBERTOLDI" duration="00:00:00.0006741" startTime="2026-03-16T15:30:18.8914518-03:00" endTime="2026-03-16T15:30:18.8914520-03:00" testType="13cdc9d9-ddb5-4fa4-a97d-d965ccfc6d4b" outcome="Passed" testListId="8c84fa94-04c1-424b-9868-57a2d4851a1d" relativeResultsDirectory="23205bc5-67e6-4f41-8a5c-9f7c70f6ce6a" />
    <UnitTestResult executionId="ae7dd4e6-a96e-49da-83bb-d04c30a616b8" testId="b978c242-a357-5627-82e1-697a129ee10b" testName="Sa.Unazul.Organization.Tests.Unit.Commands.Entities.UpdateEntityChannelDiffTests.TP_ORG_07_04c_ChannelDiff_AddsChannels_WhenExistingEmpty" computerName="SA-FBERTOLDI" duration="00:00:00.0021153" startTime="2026-03-16T15:30:18.8823519-03:00" endTime="2026-03-16T15:30:18.8823524-03:00" testType="13cdc9d9-ddb5-4fa4-a97d-d965ccfc6d4b" outcome="Passed" testListId="8c84fa94-04c1-424b-9868-57a2d4851a1d" relativeResultsDirectory="ae7dd4e6-a96e-49da-83bb-d04c30a616b8" />
    <UnitTestResult executionId="7fecc315-c237-4f7d-9bf1-63c2c4558bbe" testId="674d684a-3cda-5cd6-a5b0-c2fe1e14157a" testName="Sa.Unazul.Organization.Tests.Unit.Commands.Entities.CreateEntityCommandHandlerTests.Create_InvalidCuitFormat_ThrowsOrgInvalidCuitFormat" computerName="SA-FBERTOLDI" duration="00:00:00.0013077" startTime="2026-03-16T15:30:18.8452890-03:00" endTime="2026-03-16T15:30:18.8452892-03:00" testType="13cdc9d9-ddb5-4fa4-a97d-d965ccfc6d4b" outcome="Passed" testListId="8c84fa94-04c1-424b-9868-57a2d4851a1d" relativeResultsDirectory="7fecc315-c237-4f7d-9bf1-63c2c4558bbe" />
    <UnitTestResult executionId="c95597ab-f43a-4c34-8c81-d6ee56c57a49" testId="2f7168e8-25ee-df87-6712-d9818ebc3770" testName="Sa.Unazul.Organization.Tests.Unit.Domain.BranchTests.TP_ORG_10_16_TenantId_Inherited_From_Entity" computerName="SA-FBERTOLDI" duration="00:00:00.0002643" startTime="2026-03-16T15:30:18.8701671-03:00" endTime="2026-03-16T15:30:18.8701671-03:00" testType="13cdc9d9-ddb5-4fa4-a97d-d965ccfc6d4b" outcome="Passed" testListId="8c84fa94-04c1-424b-9868-57a2d4851a1d" relativeResultsDirectory="c95597ab-f43a-4c34-8c81-d6ee56c57a49" />
    <UnitTestResult executionId="f29d5ab0-bffb-4aa4-bcaa-3b30f652407d" testId="30432070-42a1-0b9f-b858-e665d3956fdc" testName="Sa.Unazul.Organization.Tests.Unit.Commands.Entities.CreateEntityValidationTests.TP_ORG_07_09b_Create_With_Various_Invalid_EntityTypes_Throws(invalidType: &quot;&quot;)" computerName="SA-FBERTOLDI" duration="00:00:00.0015463" startTime="2026-03-16T15:30:18.8570816-03:00" endTime="2026-03-16T15:30:18.8570817-03:00" testType="13cdc9d9-ddb5-4fa4-a97d-d965ccfc6d4b" outcome="Passed" testListId="8c84fa94-04c1-424b-9868-57a2d4851a1d" relativeResultsDirectory="f29d5ab0-bffb-4aa4-bcaa-3b30f652407d" />
    <UnitTestResult executionId="440590dc-7c14-42d0-8fb5-4e39c3418852" testId="caec8860-8701-385b-2176-c68ff40160fd" testName="Sa.Unazul.Organization.Tests.E2E.TenantEndpointsTests.TP_ORG_01_04_ExportTenants_WithoutJwt_Returns401" computerName="SA-FBERTOLDI" duration="00:00:00.0655953" startTime="2026-03-16T15:30:28.1290497-03:00" endTime="2026-03-16T15:30:28.1290503-03:00" testType="13cdc9d9-ddb5-4fa4-a97d-d965ccfc6d4b" outcome="Passed" testListId="8c84fa94-04c1-424b-9868-57a2d4851a1d" relativeResultsDirectory="440590dc-7c14-42d0-8fb5-4e39c3418852" />
    <UnitTestResult executionId="6c75512b-577c-4331-b0d7-1771dc6b1120" testId="284a7862-0be0-ce72-f999-2d417cd4add8" testName="Sa.Unazul.Organization.Tests.Unit.Commands.Tenants.DeleteTenantCommandHandlerTests.TP_ORG_05_02_Has_Entities_Throws_ORG_TENANT_HAS_ENTITIES" computerName="SA-FBERTOLDI" duration="00:00:00.0020784" startTime="2026-03-16T15:30:18.9053639-03:00" endTime="2026-03-16T15:30:18.9053643-03:00" testType="13cdc9d9-ddb5-4fa4-a97d-d965ccfc6d4b" outcome="Passed" testListId="8c84fa94-04c1-424b-9868-57a2d4851a1d" relativeResultsDirectory="6c75512b-577c-4331-b0d7-1771dc6b1120" />
    <UnitTestResult executionId="9d5430db-e531-46ef-a267-503dd98f56f3" testId="783101ef-7562-2723-594b-4159cae8ac90" testName="Sa.Unazul.Organization.Tests.Unit.Commands.Entities.UpdateEntityCommandHandlerTests.Update_InvalidStatus_ThrowsOrgInvalidStatus" computerName="SA-FBERTOLDI" duration="00:00:00.0015290" startTime="2026-03-16T15:30:18.8677519-03:00" endTime="2026-03-16T15:30:18.8677520-03:00" testType="13cdc9d9-ddb5-4fa4-a97d-d965ccfc6d4b" outcome="Passed" testListId="8c84fa94-04c1-424b-9868-57a2d4851a1d" relativeResultsDirectory="9d5430db-e531-46ef-a267-503dd98f56f3" />
    <UnitTestResult executionId="5e6b4789-c0bc-40b7-b6ca-085420138026" testId="f60a60c5-c3ed-a9c3-19c6-eb1f0ec31fc3" testName="Sa.Unazul.Organization.Tests.Unit.Commands.Entities.DeleteEntityCommandHandlerTests.TP_ORG_09_01_Delete_Successful_CallsDeleteAndSaveAndPublish" computerName="SA-FBERTOLDI" duration="00:00:00.1756422" startTime="2026-03-16T15:30:18.8097523-03:00" endTime="2026-03-16T15:30:18.8097524-03:00" testType="13cdc9d9-ddb5-4fa4-a97d-d965ccfc6d4b" outcome="Passed" testListId="8c84fa94-04c1-424b-9868-57a2d4851a1d" relativeResultsDirectory="5e6b4789-c0bc-40b7-b6ca-085420138026" />
    <UnitTestResult executionId="90d17c35-8967-47b2-9c4b-2332d90a1c30" testId="7eca2cdc-7de1-763a-9d05-bd59acd38647" testName="Sa.Unazul.Organization.Tests.Unit.Queries.Entities.ListEntitiesQueryHandlerTests.TP_ORG_06_04_List_StatusFilterPassedThrough" computerName="SA-FBERTOLDI" duration="00:00:00.0011375" startTime="2026-03-16T15:30:18.8676791-03:00" endTime="2026-03-16T15:30:18.8676793-03:00" testType="13cdc9d9-ddb5-4fa4-a97d-d965ccfc6d4b" outcome="Passed" testListId="8c84fa94-04c1-424b-9868-57a2d4851a1d" relativeResultsDirectory="90d17c35-8967-47b2-9c4b-2332d90a1c30" />
    <UnitTestResult executionId="a800eba3-40cd-44ec-8f72-5e015d74bcc0" testId="4a4a1ea5-5ddc-016f-06a1-4b49beebe731" testName="Sa.Unazul.Organization.Tests.E2E.EntityEndpointsTests.TP_ORG_07_15_CreateEntity_WithoutJwt_Returns401" computerName="SA-FBERTOLDI" duration="00:00:00.0010000" startTime="2026-03-16T15:30:28.5032800-03:00" endTime="2026-03-16T15:30:28.5032801-03:00" testType="13cdc9d9-ddb5-4fa4-a97d-d965ccfc6d4b" outcome="Failed" testListId="8c84fa94-04c1-424b-9868-57a2d4851a1d" relativeResultsDirectory="a800eba3-40cd-44ec-8f72-5e015d74bcc0">
      <Output>
        <ErrorInfo>
          <Message>[Test Class Cleanup Failure (Sa.Unazul.Organization.Tests.E2E.EntityEndpointsTests)]: System.AggregateException : An error occurred while writing to logger(s). (Cannot access a disposed object.&#xD;
Object name: 'EventLogInternal'.)&#xD;
---- System.ObjectDisposedException : Cannot access a disposed object.&#xD;
Object name: 'EventLogInternal'.</Message>
          <StackTrace>   at Microsoft.Extensions.Logging.Logger.ThrowLoggingError(List`1 exceptions)&#xD;
   at Microsoft.Extensions.Logging.Logger.Log[TState](LogLevel logLevel, EventId eventId, TState state, Exception exception, Func`3 formatter)&#xD;
   at Microsoft.Extensions.Logging.LoggerExtensions.Log(ILogger logger, LogLevel logLevel, EventId eventId, Exception exception, String message, Object[] args)&#xD;
   at Microsoft.Extensions.Logging.LoggerExtensions.Log(ILogger logger, LogLevel logLevel, String message, Object[] args)&#xD;
   at MassTransit.Logging.EnabledLogger.Log(String message, Object[] args) in /_/src/MassTransit/Logging/EnabledLogger.cs:line 21&#xD;
   at MassTransit.MassTransitBus.StopAsync(CancellationToken cancellationToken) in /_/src/MassTransit/MassTransitBus.cs:line 259&#xD;
   at MassTransit.MassTransitHostedService.StopAsync(CancellationToken cancellationToken) in /_/src/MassTransit/MassTransitHostedService.cs:line 59&#xD;
   at Microsoft.Extensions.Hosting.Internal.Host.ForeachService[T](IEnumerable`1 services, CancellationToken token, Boolean concurrent, Boolean abortOnFirstException, List`1 exceptions, Func`3 operation)&#xD;
   at Microsoft.Extensions.Hosting.Internal.Host.StopAsync(CancellationToken cancellationToken)&#xD;
   at Microsoft.AspNetCore.Mvc.Testing.WebApplicationFactory`1.DisposeAsync()&#xD;
   at Microsoft.AspNetCore.Mvc.Testing.WebApplicationFactory`1.Dispose(Boolean disposing)&#xD;
   at Microsoft.AspNetCore.Mvc.Testing.WebApplicationFactory`1.Dispose()&#xD;
----- Inner Stack Trace -----&#xD;
   at System.Diagnostics.EventLogInternal.OpenForWrite(String currentMachineName)&#xD;
   at System.Diagnostics.EventLogInternal.InternalWriteEvent(UInt32 eventID, UInt16 category, EventLogEntryType type, String[] strings, Byte[] rawData, String currentMachineName)&#xD;
   at System.Diagnostics.EventLogInternal.WriteEvent(EventInstance instance, Byte[] data, Object[] values)&#xD;
   at Microsoft.Extensions.Logging.EventLog.WindowsEventLog.WriteEntry(String message, EventLogEntryType type, Int32 eventID, Int16 category)&#xD;
   at Microsoft.Extensions.Logging.EventLog.EventLogLogger.WriteMessage(String message, EventLogEntryType eventLogEntryType, Int32 eventId)&#xD;
   at Microsoft.Extensions.Logging.EventLog.EventLogLogger.Log[TState](LogLevel logLevel, EventId eventId, TState state, Exception exception, Func`3 formatter)&#xD;
   at Microsoft.Extensions.Logging.Logger.&lt;Log&gt;g__LoggerLog|14_0[TState](LogLevel logLevel, EventId eventId, ILogger logger, Exception exception, Func`3 formatter, List`1&amp; exceptions, TState&amp; state)</StackTrace>
        </ErrorInfo>
      </Output>
    </UnitTestResult>
    <UnitTestResult executionId="9d58af69-91f6-4f95-90de-5ac673a3d035" testId="312e9974-ff29-964e-8432-6174ad01870b" testName="Sa.Unazul.Organization.Tests.E2E.TenantEndpointsTests.TP_ORG_04_06_GetTenantDetail_WithoutJwt_Returns401" computerName="SA-FBERTOLDI" duration="00:00:00.0620554" startTime="2026-03-16T15:30:28.5035064-03:00" endTime="2026-03-16T15:30:28.5035065-03:00" testType="13cdc9d9-ddb5-4fa4-a97d-d965ccfc6d4b" outcome="Passed" testListId="8c84fa94-04c1-424b-9868-57a2d4851a1d" relativeResultsDirectory="9d58af69-91f6-4f95-90de-5ac673a3d035" />
    <UnitTestResult executionId="b15d702f-b012-4801-b5de-9eeb34389058" testId="3b52579c-e5d2-0cd8-1750-86c89ce4c294" testName="Sa.Unazul.Organization.Tests.Unit.Commands.Tenants.CreateTenantValidationTests.TP_ORG_02_06b_Create_With_Various_Invalid_Statuses_Throws(invalidStatus: &quot;ACTIVE_TYPO&quot;)" computerName="SA-FBERTOLDI" duration="00:00:00.0005659" startTime="2026-03-16T15:30:18.8854265-03:00" endTime="2026-03-16T15:30:18.8854274-03:00" testType="13cdc9d9-ddb5-4fa4-a97d-d965ccfc6d4b" outcome="Passed" testListId="8c84fa94-04c1-424b-9868-57a2d4851a1d" relativeResultsDirectory="b15d702f-b012-4801-b5de-9eeb34389058" />
    <UnitTestResult executionId="9bc5280d-8729-42d9-809c-7d2b92c804bb" testId="94669412-7b0d-1f7a-1705-37a58800918c" testName="Sa.Unazul.Organization.Tests.Unit.Commands.Entities.CreateEntityValidationTests.TP_ORG_07_01b_Create_With_Valid_CuitFormats_Succeeds(validCuit: &quot;30-11223344-5&quot;)" computerName="SA-FBERTOLDI" duration="00:00:00.0002913" startTime="2026-03-16T15:30:18.8605109-03:00" endTime="2026-03-16T15:30:18.8605117-03:00" testType="13cdc9d9-ddb5-4fa4-a97d-d965ccfc6d4b" outcome="Passed" testListId="8c84fa94-04c1-424b-9868-57a2d4851a1d" relativeResultsDirectory="9bc5280d-8729-42d9-809c-7d2b92c804bb" />
    <UnitTestResult executionId="457b3e7e-a9c4-4ff7-8532-f984c7e64d32" testId="c3a83d5a-8f0a-b9fd-5317-e2c81246c30a" testName="Sa.Unazul.Organization.Tests.E2E.EntityEndpointsTests.TP_ORG_06_05_ExportEntities_WithoutJwt_Returns401" computerName="SA-FBERTOLDI" duration="00:00:00.0010000" startTime="2026-03-16T15:30:28.5034016-03:00" endTime="2026-03-16T15:30:28.5034016-03:00" testType="13cdc9d9-ddb5-4fa4-a97d-d965ccfc6d4b" outcome="Failed" testListId="8c84fa94-04c1-424b-9868-57a2d4851a1d" relativeResultsDirectory="457b3e7e-a9c4-4ff7-8532-f984c7e64d32">
      <Output>
        <ErrorInfo>
          <Message>[Test Class Cleanup Failure (Sa.Unazul.Organization.Tests.E2E.EntityEndpointsTests)]: System.AggregateException : An error occurred while writing to logger(s). (Cannot access a disposed object.&#xD;
Object name: 'EventLogInternal'.)&#xD;
---- System.ObjectDisposedException : Cannot access a disposed object.&#xD;
Object name: 'EventLogInternal'.</Message>
          <StackTrace>   at Microsoft.Extensions.Logging.Logger.ThrowLoggingError(List`1 exceptions)&#xD;
   at Microsoft.Extensions.Logging.Logger.Log[TState](LogLevel logLevel, EventId eventId, TState state, Exception exception, Func`3 formatter)&#xD;
   at Microsoft.Extensions.Logging.LoggerExtensions.Log(ILogger logger, LogLevel logLevel, EventId eventId, Exception exception, String message, Object[] args)&#xD;
   at Microsoft.Extensions.Logging.LoggerExtensions.Log(ILogger logger, LogLevel logLevel, String message, Object[] args)&#xD;
   at MassTransit.Logging.EnabledLogger.Log(String message, Object[] args) in /_/src/MassTransit/Logging/EnabledLogger.cs:line 21&#xD;
   at MassTransit.MassTransitBus.StopAsync(CancellationToken cancellationToken) in /_/src/MassTransit/MassTransitBus.cs:line 259&#xD;
   at MassTransit.MassTransitHostedService.StopAsync(CancellationToken cancellationToken) in /_/src/MassTransit/MassTransitHostedService.cs:line 59&#xD;
   at Microsoft.Extensions.Hosting.Internal.Host.ForeachService[T](IEnumerable`1 services, CancellationToken token, Boolean concurrent, Boolean abortOnFirstException, List`1 exceptions, Func`3 operation)&#xD;
   at Microsoft.Extensions.Hosting.Internal.Host.StopAsync(CancellationToken cancellationToken)&#xD;
   at Microsoft.AspNetCore.Mvc.Testing.WebApplicationFactory`1.DisposeAsync()&#xD;
   at Microsoft.AspNetCore.Mvc.Testing.WebApplicationFactory`1.Dispose(Boolean disposing)&#xD;
   at Microsoft.AspNetCore.Mvc.Testing.WebApplicationFactory`1.Dispose()&#xD;
----- Inner Stack Trace -----&#xD;
   at System.Diagnostics.EventLogInternal.OpenForWrite(String currentMachineName)&#xD;
   at System.Diagnostics.EventLogInternal.InternalWriteEvent(UInt32 eventID, UInt16 category, EventLogEntryType type, String[] strings, Byte[] rawData, String currentMachineName)&#xD;
   at System.Diagnostics.EventLogInternal.WriteEvent(EventInstance instance, Byte[] data, Object[] values)&#xD;
   at Microsoft.Extensions.Logging.EventLog.WindowsEventLog.WriteEntry(String message, EventLogEntryType type, Int32 eventID, Int16 category)&#xD;
   at Microsoft.Extensions.Logging.EventLog.EventLogLogger.WriteMessage(String message, EventLogEntryType eventLogEntryType, Int32 eventId)&#xD;
   at Microsoft.Extensions.Logging.EventLog.EventLogLogger.Log[TState](LogLevel logLevel, EventId eventId, TState state, Exception exception, Func`3 formatter)&#xD;
   at Microsoft.Extensions.Logging.Logger.&lt;Log&gt;g__LoggerLog|14_0[TState](LogLevel logLevel, EventId eventId, ILogger logger, Exception exception, Func`3 formatter, List`1&amp; exceptions, TState&amp; state)</StackTrace>
        </ErrorInfo>
      </Output>
    </UnitTestResult>
    <UnitTestResult executionId="61dee761-7631-41e6-92b3-9e31f05a9755" testId="346f2468-a3b5-6cc9-e691-87de90664525" testName="Sa.Unazul.Organization.Tests.Unit.Commands.Entities.UpdateEntityCommandHandlerTests.TP_ORG_07_03_Update_WithValidData_ReturnsEntityDetailDto" computerName="SA-FBERTOLDI" duration="00:00:00.0017704" startTime="2026-03-16T15:30:18.8663034-03:00" endTime="2026-03-16T15:30:18.8663040-03:00" testType="13cdc9d9-ddb5-4fa4-a97d-d965ccfc6d4b" outcome="Passed" testListId="8c84fa94-04c1-424b-9868-57a2d4851a1d" relativeResultsDirectory="61dee761-7631-41e6-92b3-9e31f05a9755" />
    <UnitTestResult executionId="009a4285-0518-4677-83c6-dd5321718427" testId="3a1e91eb-0dcc-c72e-751e-7d8324ec1d5b" testName="Sa.Unazul.Organization.Tests.Unit.Commands.Tenants.CreateTenantCommandHandlerTests.TP_ORG_02_01_Successful_Creation_Returns_TenantDto_With_Correct_Fields" computerName="SA-FBERTOLDI" duration="00:00:00.0008049" startTime="2026-03-16T15:30:18.9042403-03:00" endTime="2026-03-16T15:30:18.9042404-03:00" testType="13cdc9d9-ddb5-4fa4-a97d-d965ccfc6d4b" outcome="Passed" testListId="8c84fa94-04c1-424b-9868-57a2d4851a1d" relativeResultsDirectory="009a4285-0518-4677-83c6-dd5321718427" />
    <UnitTestResult executionId="6e043ff8-9c2b-4b5c-88b5-40061062990f" testId="c5f37e60-cade-0df6-4427-187dfb1b6700" testName="Sa.Unazul.Organization.Tests.Unit.Commands.Branches.DeleteBranchCommandHandlerTests.TP_ORG_10_09_Branch_Not_Found_Throws_ORG_BRANCH_NOT_FOUND" computerName="SA-FBERTOLDI" duration="00:00:00.0024796" startTime="2026-03-16T15:30:18.8385488-03:00" endTime="2026-03-16T15:30:18.8385488-03:00" testType="13cdc9d9-ddb5-4fa4-a97d-d965ccfc6d4b" outcome="Passed" testListId="8c84fa94-04c1-424b-9868-57a2d4851a1d" relativeResultsDirectory="6e043ff8-9c2b-4b5c-88b5-40061062990f" />
    <UnitTestResult executionId="8593ae7f-2ed6-4d3d-876f-71f50514eea2" testId="9d782a48-aa7d-cbf7-7398-d71d3f385304" testName="Sa.Unazul.Organization.Tests.Unit.Commands.Tenants.UpdateTenantCommandHandlerTests.TP_ORG_03_04_Verify_Update_And_SaveChangesAsync_Called" computerName="SA-FBERTOLDI" duration="00:00:00.0013513" startTime="2026-03-16T15:30:18.8967142-03:00" endTime="2026-03-16T15:30:18.8967143-03:00" testType="13cdc9d9-ddb5-4fa4-a97d-d965ccfc6d4b" outcome="Passed" testListId="8c84fa94-04c1-424b-9868-57a2d4851a1d" relativeResultsDirectory="8593ae7f-2ed6-4d3d-876f-71f50514eea2" />
    <UnitTestResult executionId="6643123a-831d-4a35-9669-f87267aa7082" testId="a741dbc2-443d-1bc1-2acc-513e00cfe687" testName="Sa.Unazul.Organization.Tests.Unit.Commands.Branches.BranchCodeValidationTests.TP_ORG_10_10b_Update_Branch_WrongEntity_Throws" computerName="SA-FBERTOLDI" duration="00:00:00.0015075" startTime="2026-03-16T15:30:18.8434445-03:00" endTime="2026-03-16T15:30:18.8434452-03:00" testType="13cdc9d9-ddb5-4fa4-a97d-d965ccfc6d4b" outcome="Passed" testListId="8c84fa94-04c1-424b-9868-57a2d4851a1d" relativeResultsDirectory="6643123a-831d-4a35-9669-f87267aa7082" />
    <UnitTestResult executionId="d4790ccc-94ad-4162-a864-5ee9ee1bc6a3" testId="5a38646b-f9ac-182d-6754-696f08e40a81" testName="Sa.Unazul.Organization.Tests.Unit.Commands.Branches.BranchCodeValidationTests.TP_ORG_10_04_Create_Branch_Returns_BranchDto_With_AllFields" computerName="SA-FBERTOLDI" duration="00:00:00.1736623" startTime="2026-03-16T15:30:18.8078174-03:00" endTime="2026-03-16T15:30:18.8078181-03:00" testType="13cdc9d9-ddb5-4fa4-a97d-d965ccfc6d4b" outcome="Passed" testListId="8c84fa94-04c1-424b-9868-57a2d4851a1d" relativeResultsDirectory="d4790ccc-94ad-4162-a864-5ee9ee1bc6a3" />
    <UnitTestResult executionId="4c84f768-dd0c-41c5-9617-6c0034b07917" testId="ad4fb8eb-9145-c259-4914-b1377bd8fdc6" testName="Sa.Unazul.Organization.Tests.Unit.Commands.Entities.CreateEntityValidationTests.TP_ORG_07_08b_Create_With_Various_Invalid_CuitFormats_Throws(invalidCuit: &quot;XX-12345678-1&quot;)" computerName="SA-FBERTOLDI" duration="00:00:00.0001682" startTime="2026-03-16T15:30:18.8653779-03:00" endTime="2026-03-16T15:30:18.8653780-03:00" testType="13cdc9d9-ddb5-4fa4-a97d-d965ccfc6d4b" outcome="Passed" testListId="8c84fa94-04c1-424b-9868-57a2d4851a1d" relativeResultsDirectory="4c84f768-dd0c-41c5-9617-6c0034b07917" />
    <UnitTestResult executionId="eff5ff2a-59b2-4ed7-bab7-db4ab9d0d25a" testId="c1c4042a-be6a-2ae2-fc8e-6e0c636f5a2f" testName="Sa.Unazul.Organization.Tests.Unit.Queries.Entities.ExportEntitiesQueryHandlerTests.TP_ORG_06_06_Export_Csv_ReturnsNonEmptyByteArray" computerName="SA-FBERTOLDI" duration="00:00:00.1019082" startTime="2026-03-16T15:30:18.8210450-03:00" endTime="2026-03-16T15:30:18.8210455-03:00" testType="13cdc9d9-ddb5-4fa4-a97d-d965ccfc6d4b" outcome="Passed" testListId="8c84fa94-04c1-424b-9868-57a2d4851a1d" relativeResultsDirectory="eff5ff2a-59b2-4ed7-bab7-db4ab9d0d25a" />
    <UnitTestResult executionId="fec52408-18dc-4190-8dd1-409101591a38" testId="c90e655d-0b69-0cdd-597e-d709fc8d3f38" testName="Sa.Unazul.Organization.Tests.Unit.Commands.Tenants.DeleteTenantCommandHandlerTests.TP_ORG_05_01_Successful_Deletion_Calls_DeleteAsync_SaveChanges_And_PublishAsync" computerName="SA-FBERTOLDI" duration="00:00:00.0010115" startTime="2026-03-16T15:30:18.9031529-03:00" endTime="2026-03-16T15:30:18.9031531-03:00" testType="13cdc9d9-ddb5-4fa4-a97d-d965ccfc6d4b" outcome="Passed" testListId="8c84fa94-04c1-424b-9868-57a2d4851a1d" relativeResultsDirectory="fec52408-18dc-4190-8dd1-409101591a38" />
    <UnitTestResult executionId="36082331-a19e-4209-aee8-573b83af0389" testId="8d28544c-f55c-4b38-9a74-8fc25da3ee29" testName="Sa.Unazul.Organization.Tests.Unit.Commands.Branches.UpdateBranchCommandHandlerTests.TP_ORG_10_10_Branch_Not_In_Entity_Throws_ORG_BRANCH_NOT_IN_ENTITY" computerName="SA-FBERTOLDI" duration="00:00:00.0017407" startTime="2026-03-16T15:30:18.8543585-03:00" endTime="2026-03-16T15:30:18.8543587-03:00" testType="13cdc9d9-ddb5-4fa4-a97d-d965ccfc6d4b" outcome="Passed" testListId="8c84fa94-04c1-424b-9868-57a2d4851a1d" relativeResultsDirectory="36082331-a19e-4209-aee8-573b83af0389" />
    <UnitTestResult executionId="e10241d9-b094-4d91-9900-de757310b617" testId="92308cce-49ed-44af-a88a-7c3cb4b6f745" testName="Sa.Unazul.Organization.Tests.Unit.Commands.Tenants.UpdateTenantCommandHandlerTests.TP_ORG_03_06_Invalid_Status_Throws_ORG_INVALID_STATUS" computerName="SA-FBERTOLDI" duration="00:00:00.0028393" startTime="2026-03-16T15:30:18.8953521-03:00" endTime="2026-03-16T15:30:18.8953525-03:00" testType="13cdc9d9-ddb5-4fa4-a97d-d965ccfc6d4b" outcome="Passed" testListId="8c84fa94-04c1-424b-9868-57a2d4851a1d" relativeResultsDirectory="e10241d9-b094-4d91-9900-de757310b617" />
    <UnitTestResult executionId="d46bd5bb-d31f-46f5-8f5e-e03c3ce430ca" testId="33d52075-c06b-f91b-88d5-f1fabf4c3539" testName="Sa.Unazul.Organization.Tests.Unit.Commands.Branches.UpdateBranchCommandHandlerTests.TP_ORG_10_09_Branch_Not_Found_Throws_ORG_BRANCH_NOT_FOUND" computerName="SA-FBERTOLDI" duration="00:00:00.0015898" startTime="2026-03-16T15:30:18.8530350-03:00" endTime="2026-03-16T15:30:18.8530351-03:00" testType="13cdc9d9-ddb5-4fa4-a97d-d965ccfc6d4b" outcome="Passed" testListId="8c84fa94-04c1-424b-9868-57a2d4851a1d" relativeResultsDirectory="d46bd5bb-d31f-46f5-8f5e-e03c3ce430ca" />
    <UnitTestResult executionId="e3db100f-87b0-4151-a49f-d5d6bfda470e" testId="a8c73cf8-9c64-883f-bd5b-49e6fff272a0" testName="Sa.Unazul.Organization.Tests.E2E.BranchEndpointsTests.TP_ORG_10_13d_DeleteBranch_WithoutJwt_Returns401" computerName="SA-FBERTOLDI" duration="00:00:00.0010000" startTime="2026-03-16T15:30:28.4617678-03:00" endTime="2026-03-16T15:30:28.4617679-03:00" testType="13cdc9d9-ddb5-4fa4-a97d-d965ccfc6d4b" outcome="Failed" testListId="8c84fa94-04c1-424b-9868-57a2d4851a1d" relativeResultsDirectory="e3db100f-87b0-4151-a49f-d5d6bfda470e">
      <Output>
        <ErrorInfo>
          <Message>[Test Class Cleanup Failure (Sa.Unazul.Organization.Tests.E2E.BranchEndpointsTests)]: System.AggregateException : An error occurred while writing to logger(s). (Cannot access a disposed object.&#xD;
Object name: 'EventLogInternal'.)&#xD;
---- System.ObjectDisposedException : Cannot access a disposed object.&#xD;
Object name: 'EventLogInternal'.</Message>
          <StackTrace>   at Microsoft.Extensions.Logging.Logger.ThrowLoggingError(List`1 exceptions)&#xD;
   at Microsoft.Extensions.Logging.Logger.Log[TState](LogLevel logLevel, EventId eventId, TState state, Exception exception, Func`3 formatter)&#xD;
   at Microsoft.Extensions.Logging.LoggerExtensions.Log(ILogger logger, LogLevel logLevel, EventId eventId, Exception exception, String message, Object[] args)&#xD;
   at Microsoft.Extensions.Logging.LoggerExtensions.Log(ILogger logger, LogLevel logLevel, String message, Object[] args)&#xD;
   at MassTransit.Logging.EnabledLogger.Log(String message, Object[] args) in /_/src/MassTransit/Logging/EnabledLogger.cs:line 21&#xD;
   at MassTransit.MassTransitBus.StopAsync(CancellationToken cancellationToken) in /_/src/MassTransit/MassTransitBus.cs:line 259&#xD;
   at MassTransit.MassTransitHostedService.StopAsync(CancellationToken cancellationToken) in /_/src/MassTransit/MassTransitHostedService.cs:line 59&#xD;
   at Microsoft.Extensions.Hosting.Internal.Host.ForeachService[T](IEnumerable`1 services, CancellationToken token, Boolean concurrent, Boolean abortOnFirstException, List`1 exceptions, Func`3 operation)&#xD;
   at Microsoft.Extensions.Hosting.Internal.Host.StopAsync(CancellationToken cancellationToken)&#xD;
   at Microsoft.AspNetCore.Mvc.Testing.WebApplicationFactory`1.DisposeAsync()&#xD;
   at Microsoft.AspNetCore.Mvc.Testing.WebApplicationFactory`1.Dispose(Boolean disposing)&#xD;
   at Microsoft.AspNetCore.Mvc.Testing.WebApplicationFactory`1.Dispose()&#xD;
----- Inner Stack Trace -----&#xD;
   at System.Diagnostics.EventLogInternal.OpenForWrite(String currentMachineName)&#xD;
   at System.Diagnostics.EventLogInternal.InternalWriteEvent(UInt32 eventID, UInt16 category, EventLogEntryType type, String[] strings, Byte[] rawData, String currentMachineName)&#xD;
   at System.Diagnostics.EventLogInternal.WriteEvent(EventInstance instance, Byte[] data, Object[] values)&#xD;
   at Microsoft.Extensions.Logging.EventLog.WindowsEventLog.WriteEntry(String message, EventLogEntryType type, Int32 eventID, Int16 category)&#xD;
   at Microsoft.Extensions.Logging.EventLog.EventLogLogger.WriteMessage(String message, EventLogEntryType eventLogEntryType, Int32 eventId)&#xD;
   at Microsoft.Extensions.Logging.EventLog.EventLogLogger.Log[TState](LogLevel logLevel, EventId eventId, TState state, Exception exception, Func`3 formatter)&#xD;
   at Microsoft.Extensions.Logging.Logger.&lt;Log&gt;g__LoggerLog|14_0[TState](LogLevel logLevel, EventId eventId, ILogger logger, Exception exception, Func`3 formatter, List`1&amp; exceptions, TState&amp; state)</StackTrace>
        </ErrorInfo>
      </Output>
    </UnitTestResult>
    <UnitTestResult executionId="38113dc8-fc9b-45e2-8c50-ac342e3f417a" testId="61703249-fa23-5f56-523a-fca2546893d5" testName="Sa.Unazul.Organization.Tests.Unit.Commands.Tenants.CreateTenantCommandHandlerTests.TP_ORG_02_06_Invalid_Status_Throws_ORG_INVALID_STATUS" computerName="SA-FBERTOLDI" duration="00:00:00.0010744" startTime="2026-03-16T15:30:18.9033722-03:00" endTime="2026-03-16T15:30:18.9033723-03:00" testType="13cdc9d9-ddb5-4fa4-a97d-d965ccfc6d4b" outcome="Passed" testListId="8c84fa94-04c1-424b-9868-57a2d4851a1d" relativeResultsDirectory="38113dc8-fc9b-45e2-8c50-ac342e3f417a" />
[...]
info: Microsoft.AspNetCore.Hosting.Diagnostics[1]&#xD;
      Request starting HTTP/1.1 PUT http://localhost/api/v1/entities/405c1b85-2d40-4783-9150-b659f3f62ece - application/json;+charset=utf-8 47&#xD;
info: Microsoft.AspNetCore.Authorization.DefaultAuthorizationService[2]&#xD;
      Authorization failed. These requirements were not met:&#xD;
      DenyAnonymousAuthorizationRequirement: Requires an authenticated user.&#xD;
info: Microsoft.AspNetCore.Authentication.JwtBearer.JwtBearerHandler[12]&#xD;
      AuthenticationScheme: Bearer was challenged.&#xD;
info: Microsoft.AspNetCore.Hosting.Diagnostics[2]&#xD;
      Request finished HTTP/1.1 PUT http://localhost/api/v1/entities/405c1b85-2d40-4783-9150-b659f3f62ece - 401 - - 25.6604ms&#xD;
[xUnit.net 00:00:10.40]       System.AggregateException : An error occurred while writing to logger(s). (Cannot access a disposed object.&#xD;
[xUnit.net 00:00:10.40]       Object name: 'EventLogInternal'.)&#xD;
[xUnit.net 00:00:10.41]       ---- System.ObjectDisposedException : Cannot access a disposed object.&#xD;
[xUnit.net 00:00:10.41]       Object name: 'EventLogInternal'.&#xD;
[xUnit.net 00:00:10.41]       Stack Trace:&#xD;
info: Microsoft.AspNetCore.Hosting.Diagnostics[1]&#xD;
      Request starting HTTP/1.1 GET http://localhost/api/v1/tenants/f96423e5-be23-4f36-9a86-16054f57c821 - - -&#xD;
info: Microsoft.AspNetCore.Authorization.DefaultAuthorizationService[2]&#xD;
      Authorization failed. These requirements were not met:&#xD;
      DenyAnonymousAuthorizationRequirement: Requires an authenticated user.&#xD;
info: Microsoft.AspNetCore.Authentication.JwtBearer.JwtBearerHandler[12]&#xD;
      AuthenticationScheme: Bearer was challenged.&#xD;
[xUnit.net 00:00:10.42]            at Microsoft.Extensions.Logging.Logger.ThrowLoggingError(List`1 exceptions)&#xD;
[xUnit.net 00:00:10.42]            at Microsoft.Extensions.Logging.Logger.Log[TState](LogLevel logLevel, EventId eventId, TState state, Exception exception, Func`3 formatter)&#xD;
[xUnit.net 00:00:10.43]            at Microsoft.Extensions.Logging.LoggerExtensions.Log(ILogger logger, LogLevel logLevel, EventId eventId, Exception exception, String message, Object[] args)&#xD;
[xUnit.net 00:00:10.43]            at Microsoft.Extensions.Logging.LoggerExtensions.Log(ILogger logger, LogLevel logLevel, String message, Object[] args)&#xD;
[xUnit.net 00:00:10.43]         /_/src/MassTransit/Logging/EnabledLogger.cs(21,0): at MassTransit.Logging.EnabledLogger.Log(String message, Object[] args)&#xD;
[xUnit.net 00:00:10.43]         /_/src/MassTransit/MassTransitBus.cs(259,0): at MassTransit.MassTransitBus.StopAsync(CancellationToken cancellationToken)&#xD;
[xUnit.net 00:00:10.43]         /_/src/MassTransit/MassTransitHostedService.cs(59,0): at MassTransit.MassTransitHostedService.StopAsync(CancellationToken cancellationToken)&#xD;
[xUnit.net 00:00:10.43]            at Microsoft.Extensions.Hosting.Internal.Host.ForeachService[T](IEnumerable`1 services, CancellationToken token, Boolean concurrent, Boolean abortOnFirstException, List`1 exceptions, Func`3 operation)&#xD;
[xUnit.net 00:00:10.43]            at Microsoft.Extensions.Hosting.Internal.Host.StopAsync(CancellationToken cancellationToken)&#xD;
info: Microsoft.AspNetCore.Hosting.Diagnostics[2]&#xD;
      Request finished HTTP/1.1 GET http://localhost/api/v1/tenants/f96423e5-be23-4f36-9a86-16054f57c821 - 401 - - 19.0547ms&#xD;
[xUnit.net 00:00:10.44]            at Microsoft.AspNetCore.Mvc.Testing.WebApplicationFactory`1.DisposeAsync()&#xD;
[xUnit.net 00:00:10.44]            at Microsoft.AspNetCore.Mvc.Testing.WebApplicationFactory`1.Dispose(Boolean disposing)&#xD;
[xUnit.net 00:00:10.44]            at Microsoft.AspNetCore.Mvc.Testing.WebApplicationFactory`1.Dispose()&#xD;
[xUnit.net 00:00:10.44]         ----- Inner Stack Trace -----&#xD;
[xUnit.net 00:00:10.44]            at System.Diagnostics.EventLogInternal.OpenForWrite(String currentMachineName)&#xD;
[xUnit.net 00:00:10.44]            at System.Diagnostics.EventLogInternal.InternalWriteEvent(UInt32 eventID, UInt16 category, EventLogEntryType type, String[] strings, Byte[] rawData, String currentMachineName)&#xD;
[xUnit.net 00:00:10.44]            at System.Diagnostics.EventLogInternal.WriteEvent(EventInstance instance, Byte[] data, Object[] values)&#xD;
[xUnit.net 00:00:10.44]            at Microsoft.Extensions.Logging.EventLog.WindowsEventLog.WriteEntry(String message, EventLogEntryType type, Int32 eventID, Int16 category)&#xD;
[xUnit.net 00:00:10.44]            at Microsoft.Extensions.Logging.EventLog.EventLogLogger.WriteMessage(String message, EventLogEntryType eventLogEntryType, Int32 eventId)&#xD;
[xUnit.net 00:00:10.44]            at Microsoft.Extensions.Logging.EventLog.EventLogLogger.Log[TState](LogLevel logLevel, EventId eventId, TState state, Exception exception, Func`3 formatter)&#xD;
[xUnit.net 00:00:10.44]            at Microsoft.Extensions.Logging.Logger.&lt;Log&gt;g__LoggerLog|14_0[TState](LogLevel logLevel, EventId eventId, ILogger logger, Exception exception, Func`3 formatter, List`1&amp; exceptions, TState&amp; state)&#xD;
dbug: Microsoft.Extensions.Hosting.Internal.Host[3]&#xD;
      Hosting stopping&#xD;
dbug: MassTransit.Transports.BusDepot[0]&#xD;
      Stopping bus instances: IBus&#xD;
warn: MassTransit[0]&#xD;
      Failed to stop bus: rabbitmq://localhost/SAFBERTOLDI_testhost_bus_dd4oyyreccrdwjdkbdxe8nosni?temporary=true (Not Started)&#xD;
dbug: Microsoft.Extensions.Hosting.Internal.Host[3]&#xD;
      Hosting stopping&#xD;
dbug: Microsoft.Extensions.Hosting.Internal.Host[4]&#xD;
      Hosting stopped&#xD;
dbug: Microsoft.Extensions.Hosting.Internal.Host[5]&#xD;
      Hosting shutdown exception&#xD;
      System.AggregateException: An error occurred while writing to logger(s). (Cannot access a disposed object.&#xD;
      Object name: 'EventLogInternal'.)&#xD;
       ---&gt; System.ObjectDisposedException: Cannot access a disposed object.&#xD;
      Object name: 'EventLogInternal'.&#xD;
         at System.Diagnostics.EventLogInternal.OpenForWrite(String currentMachineName)&#xD;
         at System.Diagnostics.EventLogInternal.InternalWriteEvent(UInt32 eventID, UInt16 category, EventLogEntryType type, String[] strings, Byte[] rawData, String currentMachineName)&#xD;
         at System.Diagnostics.EventLogInternal.WriteEvent(EventInstance instance, Byte[] data, Object[] values)&#xD;
         at Microsoft.Extensions.Logging.EventLog.WindowsEventLog.WriteEntry(String message, EventLogEntryType type, Int32 eventID, Int16 category)&#xD;
         at Microsoft.Extensions.Logging.EventLog.EventLogLogger.WriteMessage(String message, EventLogEntryType eventLogEntryType, Int32 eventId)&#xD;
         at Microsoft.Extensions.Logging.EventLog.EventLogLogger.Log[TState](LogLevel logLevel, EventId eventId, TState state, Exception exception, Func`3 formatter)&#xD;
         at Microsoft.Extensions.Logging.Logger.&lt;Log&gt;g__LoggerLog|14_0[TState](LogLevel logLevel, EventId eventId, ILogger logger, Exception exception, Func`3 formatter, List`1&amp; exceptions, TState&amp; state)&#xD;
         --- End of inner exception stack trace ---&#xD;
         at Microsoft.Extensions.Logging.Logger.ThrowLoggingError(List`1 exceptions)&#xD;
         at Microsoft.Extensions.Logging.Logger.Log[TState](LogLevel logLevel, EventId eventId, TState state, Exception exception, Func`3 formatter)&#xD;
         at Microsoft.Extensions.Logging.LoggerExtensions.Log(ILogger logger, LogLevel logLevel, EventId eventId, Exception exception, String message, Object[] args)&#xD;
         at Microsoft.Extensions.Logging.LoggerExtensions.Log(ILogger logger, LogLevel logLevel, String message, Object[] args)&#xD;
         at MassTransit.Logging.EnabledLogger.Log(String message, Object[] args) in /_/src/MassTransit/Logging/EnabledLogger.cs:line 21&#xD;
         at MassTransit.MassTransitBus.StopAsync(CancellationToken cancellationToken) in /_/src/MassTransit/MassTransitBus.cs:line 259&#xD;
         at MassTransit.MassTransitHostedService.StopAsync(CancellationToken cancellationToken) in /_/src/MassTransit/MassTransitHostedService.cs:line 59&#xD;
         at Microsoft.Extensions.Hosting.Internal.Host.ForeachService[T](IEnumerable`1 services, CancellationToken token, Boolean concurrent, Boolean abortOnFirstException, List`1 exceptions, Func`3 operation)&#xD;
[xUnit.net 00:00:10.47]       System.AggregateException : An error occurred while writing to logger(s). (Cannot access a disposed object.&#xD;
[xUnit.net 00:00:10.47]       Object name: 'EventLogInternal'.)&#xD;
[xUnit.net 00:00:10.47]       ---- System.ObjectDisposedException : Cannot access a disposed object.&#xD;
[xUnit.net 00:00:10.47]       Object name: 'EventLogInternal'.&#xD;
[xUnit.net 00:00:10.47]       Stack Trace:&#xD;
[xUnit.net 00:00:10.48]            at Microsoft.Extensions.Logging.Logger.ThrowLoggingError(List`1 exceptions)&#xD;
[xUnit.net 00:00:10.48]            at Microsoft.Extensions.Logging.Logger.Log[TState](LogLevel logLevel, EventId eventId, TState state, Exception exception, Func`3 formatter)&#xD;
[xUnit.net 00:00:10.48]            at Microsoft.Extensions.Logging.LoggerExtensions.Log(ILogger logger, LogLevel logLevel, EventId eventId, Exception exception, String message, Object[] args)&#xD;
[xUnit.net 00:00:10.48]            at Microsoft.Extensions.Logging.LoggerExtensions.Log(ILogger logger, LogLevel logLevel, String message, Object[] args)&#xD;
[xUnit.net 00:00:10.48]         /_/src/MassTransit/Logging/EnabledLogger.cs(21,0): at MassTransit.Logging.EnabledLogger.Log(String message, Object[] args)&#xD;
[xUnit.net 00:00:10.48]         /_/src/MassTransit/MassTransitBus.cs(259,0): at MassTransit.MassTransitBus.StopAsync(CancellationToken cancellationToken)&#xD;
[xUnit.net 00:00:10.48]         /_/src/MassTransit/MassTransitHostedService.cs(59,0): at MassTransit.MassTransitHostedService.StopAsync(CancellationToken cancellationToken)&#xD;
[xUnit.net 00:00:10.48]            at Microsoft.Extensions.Hosting.Internal.Host.ForeachService[T](IEnumerable`1 services, CancellationToken token, Boolean concurrent, Boolean abortOnFirstException, List`1 exceptions, Func`3 operation)&#xD;
[xUnit.net 00:00:10.48]            at Microsoft.Extensions.Hosting.Internal.Host.StopAsync(CancellationToken cancellationToken)&#xD;
[xUnit.net 00:00:10.48]            at Microsoft.AspNetCore.Mvc.Testing.WebApplicationFactory`1.DisposeAsync()&#xD;
[xUnit.net 00:00:10.48]            at Microsoft.AspNetCore.Mvc.Testing.WebApplicationFactory`1.Dispose(Boolean disposing)&#xD;
[xUnit.net 00:00:10.48]            at Microsoft.AspNetCore.Mvc.Testing.WebApplicationFactory`1.Dispose()&#xD;
[xUnit.net 00:00:10.48]         ----- Inner Stack Trace -----&#xD;
dbug: Microsoft.Extensions.Hosting.Internal.Host[3]&#xD;
      Hosting stopping&#xD;
[xUnit.net 00:00:10.48]            at System.Diagnostics.EventLogInternal.OpenForWrite(String currentMachineName)&#xD;
dbug: MassTransit.Transports.BusDepot[0]&#xD;
      Stopping bus instances: IBus&#xD;
warn: MassTransit[0]&#xD;
      Failed to stop bus: rabbitmq://localhost/SAFBERTOLDI_testhost_bus_dd4oyyreccrdii8zbdxe8nosns?temporary=true (Not Started)&#xD;
dbug: Microsoft.Extensions.Hosting.Internal.Host[3]&#xD;
      Hosting stopping&#xD;
dbug: Microsoft.Extensions.Hosting.Internal.Host[4]&#xD;
      Hosting stopped&#xD;
[xUnit.net 00:00:10.49]            at System.Diagnostics.EventLogInternal.InternalWriteEvent(UInt32 eventID, UInt16 category, EventLogEntryType type, String[] strings, Byte[] rawData, String currentMachineName)&#xD;
[xUnit.net 00:00:10.49]            at System.Diagnostics.EventLogInternal.WriteEvent(EventInstance instance, Byte[] data, Object[] values)&#xD;
[xUnit.net 00:00:10.49]            at Microsoft.Extensions.Logging.EventLog.WindowsEventLog.WriteEntry(String message, EventLogEntryType type, Int32 eventID, Int16 category)&#xD;
[xUnit.net 00:00:10.49]            at Microsoft.Extensions.Logging.EventLog.EventLogLogger.WriteMessage(String message, EventLogEntryType eventLogEntryType, Int32 eventId)&#xD;
[xUnit.net 00:00:10.49]            at Microsoft.Extensions.Logging.EventLog.EventLogLogger.Log[TState](LogLevel logLevel, EventId eventId, TState state, Exception exception, Func`3 formatter)&#xD;
[xUnit.net 00:00:10.49]            at Microsoft.Extensions.Logging.Logger.&lt;Log&gt;g__LoggerLog|14_0[TState](LogLevel logLevel, EventId eventId, ILogger logger, Exception exception, Func`3 formatter, List`1&amp; exceptions, TState&amp; state)&#xD;
dbug: Microsoft.Extensions.Hosting.Internal.Host[5]&#xD;
      Hosting shutdown exception&#xD;
      System.AggregateException: An error occurred while writing to logger(s). (Cannot access a disposed object.&#xD;
      Object name: 'EventLogInternal'.)&#xD;
       ---&gt; System.ObjectDisposedException: Cannot access a disposed object.&#xD;
      Object name: 'EventLogInternal'.&#xD;
         at System.Diagnostics.EventLogInternal.OpenForWrite(String currentMachineName)&#xD;
         at System.Diagnostics.EventLogInternal.InternalWriteEvent(UInt32 eventID, UInt16 category, EventLogEntryType type, String[] strings, Byte[] rawData, String currentMachineName)&#xD;
         at System.Diagnostics.EventLogInternal.WriteEvent(EventInstance instance, Byte[] data, Object[] values)&#xD;
         at Microsoft.Extensions.Logging.EventLog.WindowsEventLog.WriteEntry(String message, EventLogEntryType type, Int32 eventID, Int16 category)&#xD;
         at Microsoft.Extensions.Logging.EventLog.EventLogLogger.WriteMessage(String message, EventLogEntryType eventLogEntryType, Int32 eventId)&#xD;
         at Microsoft.Extensions.Logging.EventLog.EventLogLogger.Log[TState](LogLevel logLevel, EventId eventId, TState state, Exception exception, Func`3 formatter)&#xD;
         at Microsoft.Extensions.Logging.Logger.&lt;Log&gt;g__LoggerLog|14_0[TState](LogLevel logLevel, EventId eventId, ILogger logger, Exception exception, Func`3 formatter, List`1&amp; exceptions, TState&amp; state)&#xD;
         --- End of inner exception stack trace ---&#xD;
         at Microsoft.Extensions.Logging.Logger.ThrowLoggingError(List`1 exceptions)&#xD;
         at Microsoft.Extensions.Logging.Logger.Log[TState](LogLevel logLevel, EventId eventId, TState state, Exception exception, Func`3 formatter)&#xD;
         at Microsoft.Extensions.Logging.LoggerExtensions.Log(ILogger logger, LogLevel logLevel, EventId eventId, Exception exception, String message, Object[] args)&#xD;
         at Microsoft.Extensions.Logging.LoggerExtensions.Log(ILogger logger, LogLevel logLevel, String message, Object[] args)&#xD;
         at MassTransit.Logging.EnabledLogger.Log(String message, Object[] args) in /_/src/MassTransit/Logging/EnabledLogger.cs:line 21&#xD;
         at MassTransit.MassTransitBus.StopAsync(CancellationToken cancellationToken) in /_/src/MassTransit/MassTransitBus.cs:line 259&#xD;
         at MassTransit.MassTransitHostedService.StopAsync(CancellationToken cancellationToken) in /_/src/MassTransit/MassTransitHostedService.cs:line 59&#xD;
         at Microsoft.Extensions.Hosting.Internal.Host.ForeachService[T](IEnumerable`1 services, CancellationToken token, Boolean concurrent, Boolean abortOnFirstException, List`1 exceptions, Func`3 operation)&#xD;
[xUnit.net 00:00:10.50]       System.AggregateException : An error occurred while writing to logger(s). (Cannot access a disposed object.&#xD;
[xUnit.net 00:00:10.50]       Object name: 'EventLogInternal'.)&#xD;
[xUnit.net 00:00:10.50]       ---- System.ObjectDisposedException : Cannot access a disposed object.&#xD;
[xUnit.net 00:00:10.50]       Object name: 'EventLogInternal'.&#xD;
[xUnit.net 00:00:10.50]       Stack Trace:&#xD;
[xUnit.net 00:00:10.50]            at Microsoft.Extensions.Logging.Logger.ThrowLoggingError(List`1 exceptions)&#xD;
[xUnit.net 00:00:10.50]            at Microsoft.Extensions.Logging.Logger.Log[TState](LogLevel logLevel, EventId eventId, TState state, Exception exception, Func`3 formatter)&#xD;
[xUnit.net 00:00:10.50]            at Microsoft.Extensions.Logging.LoggerExtensions.Log(ILogger logger, LogLevel logLevel, EventId eventId, Exception exception, String message, Object[] args)&#xD;
[xUnit.net 00:00:10.50]            at Microsoft.Extensions.Logging.LoggerExtensions.Log(ILogger logger, LogLevel logLevel, String message, Object[] args)&#xD;
[xUnit.net 00:00:10.50]         /_/src/MassTransit/Logging/EnabledLogger.cs(21,0): at MassTransit.Logging.EnabledLogger.Log(String message, Object[] args)&#xD;
[xUnit.net 00:00:10.50]         /_/src/MassTransit/MassTransitBus.cs(259,0): at MassTransit.MassTransitBus.StopAsync(CancellationToken cancellationToken)&#xD;
[xUnit.net 00:00:10.50]         /_/src/MassTransit/MassTransitHostedService.cs(59,0): at MassTransit.MassTransitHostedService.StopAsync(CancellationToken cancellationToken)&#xD;
[xUnit.net 00:00:10.50]            at Microsoft.Extensions.Hosting.Internal.Host.ForeachService[T](IEnumerable`1 services, CancellationToken token, Boolean concurrent, Boolean abortOnFirstException, List`1 exceptions, Func`3 operation)&#xD;
[xUnit.net 00:00:10.50]            at Microsoft.Extensions.Hosting.Internal.Host.StopAsync(CancellationToken cancellationToken)&#xD;
[xUnit.net 00:00:10.50]            at Microsoft.AspNetCore.Mvc.Testing.WebApplicationFactory`1.DisposeAsync()&#xD;
[xUnit.net 00:00:10.50]            at Microsoft.AspNetCore.Mvc.Testing.WebApplicationFactory`1.Dispose(Boolean disposing)&#xD;
[xUnit.net 00:00:10.50]            at Microsoft.AspNetCore.Mvc.Testing.WebApplicationFactory`1.Dispose()&#xD;
[xUnit.net 00:00:10.50]         ----- Inner Stack Trace -----&#xD;
[xUnit.net 00:00:10.50]            at System.Diagnostics.EventLogInternal.OpenForWrite(String currentMachineName)&#xD;
[xUnit.net 00:00:10.51]            at System.Diagnostics.EventLogInternal.InternalWriteEvent(UInt32 eventID, UInt16 category, EventLogEntryType type, String[] strings, Byte[] rawData, String currentMachineName)&#xD;
[xUnit.net 00:00:10.51]            at System.Diagnostics.EventLogInternal.WriteEvent(EventInstance instance, Byte[] data, Object[] values)&#xD;
[xUnit.net 00:00:10.51]            at Microsoft.Extensions.Logging.EventLog.WindowsEventLog.WriteEntry(String message, EventLogEntryType type, Int32 eventID, Int16 category)&#xD;
[xUnit.net 00:00:10.51]            at Microsoft.Extensions.Logging.EventLog.EventLogLogger.WriteMessage(String message, EventLogEntryType eventLogEntryType, Int32 eventId)&#xD;
[xUnit.net 00:00:10.51]            at Microsoft.Extensions.Logging.EventLog.EventLogLogger.Log[TState](LogLevel logLevel, EventId eventId, TState state, Exception exception, Func`3 formatter)&#xD;
[xUnit.net 00:00:10.51]            at Microsoft.Extensions.Logging.Logger.&lt;Log&gt;g__LoggerLog|14_0[TState](LogLevel logLevel, EventId eventId, ILogger logger, Exception exception, Func`3 formatter, List`1&amp; exceptions, TState&amp; state)&#xD;
[xUnit.net 00:00:11.79]   Finished:    Sa.Unazul.Organization.Tests&#xD;
</StdOut>
    </Output>
    <RunInfos>
      <RunInfo computerName="SA-FBERTOLDI" outcome="Error" timestamp="2026-03-16T15:30:28.4001961-03:00">
        <Text>[xUnit.net 00:00:10.39]     [Test Class Cleanup Failure (Sa.Unazul.Organization.Tests.E2E.BranchEndpointsTests)] System.AggregateException</Text>
      </RunInfo>
      <RunInfo computerName="SA-FBERTOLDI" outcome="Error" timestamp="2026-03-16T15:30:28.4848970-03:00">
        <Text>[xUnit.net 00:00:10.47]     [Test Class Cleanup Failure (Sa.Unazul.Organization.Tests.E2E.EntityEndpointsTests)] System.AggregateException</Text>
      </RunInfo>
      <RunInfo computerName="SA-FBERTOLDI" outcome="Error" timestamp="2026-03-16T15:30:28.5064180-03:00">
        <Text>[xUnit.net 00:00:10.49]     [Test Class Cleanup Failure (Sa.Unazul.Organization.Tests.E2E.TenantEndpointsTests)] System.AggregateException</Text>
      </RunInfo>
    </RunInfos>
  </ResultSummary>
</TestRun>